Build started 21/03/2020 11:18:26.
     1>Project "C:\Workspaces\MPC\SISL\sisl.vcxproj" on node 2 (Rebuild target(s)).
     1>CustomBuild:
         Building Custom Rule C:/Workspaces/MPC/SISL-master/CMakeLists.txt
       ClCompile:
         C:\Program Files (x86)\Microsoft Visual Studio 12.0\VC\bin\CL.exe /c /I"C:\Workspaces\MPC\SISL-master\include" /Zi /nologo /W3 /WX- /MP8 /Od /Ob0 /Oy- /D WIN32 /D _WINDOWS /D _SCL_SECURE_NO_WARNINGS /D _CRT_SECURE_NO_WARNINGS /D "CMAKE_INTDIR=\"Debug\"" /D _MBCS /Gm- /RTC1 /MDd /GS /fp:precise /Zc:wchar_t /Zc:forScope /Fo"sisl.dir\Debug\\" /Fd"sisl.dir\Debug\vc120.pdb" /Gd /TC /analyze- /errorReport:prompt "C:\Workspaces\MPC\SISL-master\src\construct.c" "C:\Workspaces\MPC\SISL-master\src\crvarctang.c" "C:\Workspaces\MPC\SISL-master\src\crvcrvtang.c" "C:\Workspaces\MPC\SISL-master\src\crvlintang.c" "C:\Workspaces\MPC\SISL-master\src\destruct.c" "C:\Workspaces\MPC\SISL-master\src\ev_cv_off.c" "C:\Workspaces\MPC\SISL-master\src\eval_2_crv.c" "C:\Workspaces\MPC\SISL-master\src\evalcrvarc.c" "C:\Workspaces\MPC\SISL-master\src\hp_s1880.c" "C:\Workspaces\MPC\SISL-master\src\intjoinper.c" "C:\Workspaces\MPC\SISL-master\src\make3D.c" "C:\Workspaces\MPC\SISL-master\src\makecvkreg.c" "C:\Workspaces\MPC\SISL-master\src\makesfkreg.c" "C:\Workspaces\MPC\SISL-master\src\maketracks.c" "C:\Workspaces\MPC\SISL-master\src\mk_cv_cycl.c" "C:\Workspaces\MPC\SISL-master\src\newknots.c" "C:\Workspaces\MPC\SISL-master\src\pickcrvsf.c" "C:\Workspaces\MPC\SISL-master\src\pocrvtang.c" "C:\Workspaces\MPC\SISL-master\src\refine_all.c" "C:\Workspaces\MPC\SISL-master\src\s1001.c" "C:\Workspaces\MPC\SISL-master\src\s1011.c" "C:\Workspaces\MPC\SISL-master\src\s1012.c" "C:\Workspaces\MPC\SISL-master\src\s1013.c" "C:\Workspaces\MPC\SISL-master\src\s1014.c" "C:\Workspaces\MPC\SISL-master\src\s1015.c" "C:\Workspaces\MPC\SISL-master\src\s1016.c" "C:\Workspaces\MPC\SISL-master\src\s1017.c" "C:\Workspaces\MPC\SISL-master\src\s1018.c" "C:\Workspaces\MPC\SISL-master\src\s1021.c" "C:\Workspaces\MPC\SISL-master\src\s1022.c" "C:\Workspaces\MPC\SISL-master\src\s1023.c" "C:\Workspaces\MPC\SISL-master\src\s1024.c" "C:\Workspaces\MPC\SISL-master\src\s1025.c" "C:\Workspaces\MPC\SISL-master\src\s1119.c" "C:\Workspaces\MPC\SISL-master\src\s1161.c" "C:\Workspaces\MPC\SISL-master\src\s1162.c" "C:\Workspaces\MPC\SISL-master\src\s1172.c" "C:\Workspaces\MPC\SISL-master\src\s1173.c" "C:\Workspaces\MPC\SISL-master\src\s1174.c" "C:\Workspaces\MPC\SISL-master\src\s1190.c" "C:\Workspaces\MPC\SISL-master\src\s1192.c" "C:\Workspaces\MPC\SISL-master\src\s1219.c" "C:\Workspaces\MPC\SISL-master\src\s1220.c" "C:\Workspaces\MPC\SISL-master\src\s1221.c" "C:\Workspaces\MPC\SISL-master\src\s1222.c" "C:\Workspaces\MPC\SISL-master\src\s1223.c" "C:\Workspaces\MPC\SISL-master\src\s1224.c" "C:\Workspaces\MPC\SISL-master\src\s1225.c" "C:\Workspaces\MPC\SISL-master\src\s1226.c" "C:\Workspaces\MPC\SISL-master\src\s1227.c" "C:\Workspaces\MPC\SISL-master\src\s1231.c" "C:\Workspaces\MPC\SISL-master\src\s1232.c" "C:\Workspaces\MPC\SISL-master\src\s1233.c" "C:\Workspaces\MPC\SISL-master\src\s1235.c" "C:\Workspaces\MPC\SISL-master\src\s1236.c" "C:\Workspaces\MPC\SISL-master\src\s1237.c" "C:\Workspaces\MPC\SISL-master\src\s1238.c" "C:\Workspaces\MPC\SISL-master\src\s1239.c" "C:\Workspaces\MPC\SISL-master\src\s1240.c" "C:\Workspaces\MPC\SISL-master\src\s1241.c" "C:\Workspaces\MPC\SISL-master\src\s1243.c" "C:\Workspaces\MPC\SISL-master\src\s1244.c" "C:\Workspaces\MPC\SISL-master\src\s1245.c" "C:\Workspaces\MPC\SISL-master\src\s1251.c" "C:\Workspaces\MPC\SISL-master\src\s1252.c" "C:\Workspaces\MPC\SISL-master\src\s1291.c" "C:\Workspaces\MPC\SISL-master\src\s1301.c" "C:\Workspaces\MPC\SISL-master\src\s1302.c" "C:\Workspaces\MPC\SISL-master\src\s1303.c" "C:\Workspaces\MPC\SISL-master\src\s1304.c" "C:\Workspaces\MPC\SISL-master\src\s1305.c" "C:\Workspaces\MPC\SISL-master\src\s1306.c" "C:\Workspaces\MPC\SISL-master\src\s1307.c" "C:\Workspaces\MPC\SISL-master\src\s1308.c" "C:\Workspaces\MPC\SISL-master\src\s1309.c" "C:\Workspaces\MPC\SISL-master\src\s1310.c" "C:\Workspaces\MPC\SISL-master\src\s1311.c" "C:\Workspaces\MPC\SISL-master\src\s1312.c" "C:\Workspaces\MPC\SISL-master\src\s1313.c" "C:\Workspaces\MPC\SISL-master\src\s1314.c" "C:\Workspaces\MPC\SISL-master\src\s1315.c" "C:\Workspaces\MPC\SISL-master\src\s1316.c" "C:\Workspaces\MPC\SISL-master\src\s1317.c" "C:\Workspaces\MPC\SISL-master\src\s1318.c" "C:\Workspaces\MPC\SISL-master\src\s1319.c" "C:\Workspaces\MPC\SISL-master\src\s1320.c" "C:\Workspaces\MPC\SISL-master\src\s1321.c" "C:\Workspaces\MPC\SISL-master\src\s1322.c" "C:\Workspaces\MPC\SISL-master\src\s1323.c" "C:\Workspaces\MPC\SISL-master\src\s1324.c" "C:\Workspaces\MPC\SISL-master\src\s1325.c" "C:\Workspaces\MPC\SISL-master\src\s1327.c" "C:\Workspaces\MPC\SISL-master\src\s1328.c" "C:\Workspaces\MPC\SISL-master\src\s1329.c" "C:\Workspaces\MPC\SISL-master\src\s1330.c" "C:\Workspaces\MPC\SISL-master\src\s1331.c" "C:\Workspaces\MPC\SISL-master\src\s1332.c" "C:\Workspaces\MPC\SISL-master\src\s1333.c" "C:\Workspaces\MPC\SISL-master\src\s1333count.c" "C:\Workspaces\MPC\SISL-master\src\s1333cycli.c" "C:\Workspaces\MPC\SISL-master\src\s1334.c" "C:\Workspaces\MPC\SISL-master\src\s1340.c" "C:\Workspaces\MPC\SISL-master\src\s1341.c" "C:\Workspaces\MPC\SISL-master\src\s1342.c" "C:\Workspaces\MPC\SISL-master\src\s1343.c" "C:\Workspaces\MPC\SISL-master\src\s1345.c" "C:\Workspaces\MPC\SISL-master\src\s1346.c" "C:\Workspaces\MPC\SISL-master\src\s1347.c" "C:\Workspaces\MPC\SISL-master\src\s1348.c" "C:\Workspaces\MPC\SISL-master\src\s1349.c" "C:\Workspaces\MPC\SISL-master\src\s1350.c" "C:\Workspaces\MPC\SISL-master\src\s1351.c" "C:\Workspaces\MPC\SISL-master\src\s1352.c" "C:\Workspaces\MPC\SISL-master\src\s1353.c" "C:\Workspaces\MPC\SISL-master\src\s1354.c" "C:\Workspaces\MPC\SISL-master\src\s1355.c" "C:\Workspaces\MPC\SISL-master\src\s1356.c" "C:\Workspaces\MPC\SISL-master\src\s1357.c" "C:\Workspaces\MPC\SISL-master\src\s1358.c" "C:\Workspaces\MPC\SISL-master\src\s1359.c" "C:\Workspaces\MPC\SISL-master\src\s1360.c" "C:\Workspaces\MPC\SISL-master\src\s1361.c" "C:\Workspaces\MPC\SISL-master\src\s1362.c" "C:\Workspaces\MPC\SISL-master\src\s1363.c" "C:\Workspaces\MPC\SISL-master\src\s1364.c" "C:\Workspaces\MPC\SISL-master\src\s1365.c" "C:\Workspaces\MPC\SISL-master\src\s1366.c" "C:\Workspaces\MPC\SISL-master\src\s1367.c" "C:\Workspaces\MPC\SISL-master\src\s1369.c" "C:\Workspaces\MPC\SISL-master\src\s1370.c" "C:\Workspaces\MPC\SISL-master\src\s1371.c" "C:\Workspaces\MPC\SISL-master\src\s1372.c" "C:\Workspaces\MPC\SISL-master\src\s1373.c" "C:\Workspaces\MPC\SISL-master\src\s1374.c" "C:\Workspaces\MPC\SISL-master\src\s1375.c" "C:\Workspaces\MPC\SISL-master\src\s1376.c" "C:\Workspaces\MPC\SISL-master\src\s1377.c" "C:\Workspaces\MPC\SISL-master\src\s1378.c" "C:\Workspaces\MPC\SISL-master\src\s1379.c" "C:\Workspaces\MPC\SISL-master\src\s1380.c" "C:\Workspaces\MPC\SISL-master\src\s1381.c" "C:\Workspaces\MPC\SISL-master\src\s1382.c" "C:\Workspaces\MPC\SISL-master\src\s1383.c" "C:\Workspaces\MPC\SISL-master\src\s1384.c" "C:\Workspaces\MPC\SISL-master\src\s1385.c" "C:\Workspaces\MPC\SISL-master\src\s1386.c" "C:\Workspaces\MPC\SISL-master\src\s1387.c" "C:\Workspaces\MPC\SISL-master\src\s1388.c" "C:\Workspaces\MPC\SISL-master\src\s1389.c" "C:\Workspaces\MPC\SISL-master\src\s1390.c" "C:\Workspaces\MPC\SISL-master\src\s1391.c" "C:\Workspaces\MPC\SISL-master\src\s1393.c" "C:\Workspaces\MPC\SISL-master\src\s1399.c" "C:\Workspaces\MPC\SISL-master\src\s1401.c" "C:\Workspaces\MPC\SISL-master\src\s1421.c" "C:\Workspaces\MPC\SISL-master\src\s1422.c" "C:\Workspaces\MPC\SISL-master\src\s1424.c" "C:\Workspaces\MPC\SISL-master\src\s1425.c" "C:\Workspaces\MPC\SISL-master\src\s1435.c" "C:\Workspaces\MPC\SISL-master\src\s1436.c" "C:\Workspaces\MPC\SISL-master\src\s1437.c" "C:\Workspaces\MPC\SISL-master\src\s1438.c" "C:\Workspaces\MPC\SISL-master\src\s1439.c" "C:\Workspaces\MPC\SISL-master\src\s1440.c" "C:\Workspaces\MPC\SISL-master\src\s1450.c" "C:\Workspaces\MPC\SISL-master\src\s1451.c" "C:\Workspaces\MPC\SISL-master\src\s1452.c" "C:\Workspaces\MPC\SISL-master\src\s1500.c" "C:\Workspaces\MPC\SISL-master\src\s1501.c" "C:\Workspaces\MPC\SISL-master\src\s1502.c" "C:\Workspaces\MPC\SISL-master\src\s1503.c" "C:\Workspaces\MPC\SISL-master\src\s1504.c" "C:\Workspaces\MPC\SISL-master\src\s1505.c" "C:\Workspaces\MPC\SISL-master\src\s1506.c" "C:\Workspaces\MPC\SISL-master\src\s1507.c" "C:\Workspaces\MPC\SISL-master\src\s1508.c" "C:\Workspaces\MPC\SISL-master\src\s1510.c" "C:\Workspaces\MPC\SISL-master\src\s1511.c" "C:\Workspaces\MPC\SISL-master\src\s1512.c" "C:\Workspaces\MPC\SISL-master\src\s1513.c" "C:\Workspaces\MPC\SISL-master\src\s1514.c" "C:\Workspaces\MPC\SISL-master\src\s1515.c" "C:\Workspaces\MPC\SISL-master\src\s1516.c" "C:\Workspaces\MPC\SISL-master\src\s1517.c" "C:\Workspaces\MPC\SISL-master\src\s1518.c" "C:\Workspaces\MPC\SISL-master\src\s1520.c" "C:\Workspaces\MPC\SISL-master\src\s1521.c" "C:\Workspaces\MPC\SISL-master\src\s1522.c" "C:\Workspaces\MPC\SISL-master\src\s1528.c" "C:\Workspaces\MPC\SISL-master\src\s1529.c" "C:\Workspaces\MPC\SISL-master\src\s1530.c" "C:\Workspaces\MPC\SISL-master\src\s1531.c" "C:\Workspaces\MPC\SISL-master\src\s1534.c" "C:\Workspaces\MPC\SISL-master\src\s1535.c" "C:\Workspaces\MPC\SISL-master\src\s1536.c" "C:\Workspaces\MPC\SISL-master\src\s1537.c" "C:\Workspaces\MPC\SISL-master\src\s1538.c" "C:\Workspaces\MPC\SISL-master\src\s1539.c" "C:\Workspaces\MPC\SISL-master\src\s1540.c" "C:\Workspaces\MPC\SISL-master\src\s1541.c" "C:\Workspaces\MPC\SISL-master\src\s1542.c" "C:\Workspaces\MPC\SISL-master\src\s1600.c" "C:\Workspaces\MPC\SISL-master\src\s1601.c" "C:\Workspaces\MPC\SISL-master\src\s1602.c" "C:\Workspaces\MPC\SISL-master\src\s1603.c" "C:\Workspaces\MPC\SISL-master\src\s1604.c" "C:\Workspaces\MPC\SISL-master\src\s1605.c" "C:\Workspaces\MPC\SISL-master\src\s1606.c" "C:\Workspaces\MPC\SISL-master\src\s1607.c" "C:\Workspaces\MPC\SISL-master\src\s1608.c" "C:\Workspaces\MPC\SISL-master\src\s1609.c" "C:\Workspaces\MPC\SISL-master\src\s1611.c" "C:\Workspaces\MPC\SISL-master\src\s1612.c" "C:\Workspaces\MPC\SISL-master\src\s1613.c" "C:\Workspaces\MPC\SISL-master\src\s1613bez.c" "C:\Workspaces\MPC\SISL-master\src\s1614.c" "C:\Workspaces\MPC\SISL-master\src\s1615.c" "C:\Workspaces\MPC\SISL-master\src\s1616.c" "C:\Workspaces\MPC\SISL-master\src\s1617.c" "C:\Workspaces\MPC\SISL-master\src\s1618.c" "C:\Workspaces\MPC\SISL-master\src\s1619.c" "C:\Workspaces\MPC\SISL-master\src\s1620.c" "C:\Workspaces\MPC\SISL-master\src\s1630.c" "C:\Workspaces\MPC\SISL-master\src\s1631.c" "C:\Workspaces\MPC\SISL-master\src\s1700.c" "C:\Workspaces\MPC\SISL-master\src\s1701.c" "C:\Workspaces\MPC\SISL-master\src\s1705.c" "C:\Workspaces\MPC\SISL-master\src\s1706.c" "C:\Workspaces\MPC\SISL-master\src\s1707.c" "C:\Workspaces\MPC\SISL-master\src\s1708.c" "C:\Workspaces\MPC\SISL-master\src\s1710.c" "C:\Workspaces\MPC\SISL-master\src\s1711.c" "C:\Workspaces\MPC\SISL-master\src\s1712.c" "C:\Workspaces\MPC\SISL-master\src\s1713.c" "C:\Workspaces\MPC\SISL-master\src\s1714.c" "C:\Workspaces\MPC\SISL-master\src\s1715.c" "C:\Workspaces\MPC\SISL-master\src\s1716.c" "C:\Workspaces\MPC\SISL-master\src\s1720.c" "C:\Workspaces\MPC\SISL-master\src\s1730.c" "C:\Workspaces\MPC\SISL-master\src\s1731.c" "C:\Workspaces\MPC\SISL-master\src\s1732.c" "C:\Workspaces\MPC\SISL-master\src\s1733.c" "C:\Workspaces\MPC\SISL-master\src\s1741.c" "C:\Workspaces\MPC\SISL-master\src\s1750.c" "C:\Workspaces\MPC\SISL-master\src\s1753.c" "C:\Workspaces\MPC\SISL-master\src\s1754.c" "C:\Workspaces\MPC\SISL-master\src\s1755.c" "C:\Workspaces\MPC\SISL-master\src\s1770.c" "C:\Workspaces\MPC\SISL-master\src\s17702d.c" "C:\Workspaces\MPC\SISL-master\src\s1771.c" "C:\Workspaces\MPC\SISL-master\src\s1772.c" "C:\Workspaces\MPC\SISL-master\src\s1773.c" "C:\Workspaces\MPC\SISL-master\src\s1774.c" "C:\Workspaces\MPC\SISL-master\src\s1775.c" "C:\Workspaces\MPC\SISL-master\src\s1780.c" "C:\Workspaces\MPC\SISL-master\src\s1785.c" "C:\Workspaces\MPC\SISL-master\src\s1786.c" "C:\Workspaces\MPC\SISL-master\src\s1787.c" "C:\Workspaces\MPC\SISL-master\src\s1788.c" "C:\Workspaces\MPC\SISL-master\src\s1789.c" "C:\Workspaces\MPC\SISL-master\src\s1790.c" "C:\Workspaces\MPC\SISL-master\src\s1791.c" "C:\Workspaces\MPC\SISL-master\src\s1792.c" "C:\Workspaces\MPC\SISL-master\src\s1795.c" "C:\Workspaces\MPC\SISL-master\src\s1796.c" "C:\Workspaces\MPC\SISL-master\src\s1797.c" "C:\Workspaces\MPC\SISL-master\src\s1830.c" "C:\Workspaces\MPC\SISL-master\src\s1834.c" "C:\Workspaces\MPC\SISL-master\src\s1839.c" "C:\Workspaces\MPC\SISL-master\src\s1840.c" "C:\Workspaces\MPC\SISL-master\src\s1850.c" "C:\Workspaces\MPC\SISL-master\src\s1851.c" "C:\Workspaces\MPC\SISL-master\src\s1852.c" "C:\Workspaces\MPC\SISL-master\src\s1853.c" "C:\Workspaces\MPC\SISL-master\src\s1854.c" "C:\Workspaces\MPC\SISL-master\src\s1855.c" "C:\Workspaces\MPC\SISL-master\src\s1856.c" "C:\Workspaces\MPC\SISL-master\src\s1857.c" "C:\Workspaces\MPC\SISL-master\src\s1858.c" "C:\Workspaces\MPC\SISL-master\src\s1859.c" "C:\Workspaces\MPC\SISL-master\src\s1860.c" "C:\Workspaces\MPC\SISL-master\src\s1870.c" "C:\Workspaces\MPC\SISL-master\src\s1871.c" "C:\Workspaces\MPC\SISL-master\src\s1880.c" "C:\Workspaces\MPC\SISL-master\src\s1890.c" "C:\Workspaces\MPC\SISL-master\src\s1891.c" "C:\Workspaces\MPC\SISL-master\src\s1893.c" "C:\Workspaces\MPC\SISL-master\src\s1894.c" "C:\Workspaces\MPC\SISL-master\src\s1896.c" "C:\Workspaces\MPC\SISL-master\src\s1897.c" "C:\Workspaces\MPC\SISL-master\src\s1900.c" "C:\Workspaces\MPC\SISL-master\src\s1901.c" "C:\Workspaces\MPC\SISL-master\src\s1902.c" "C:\Workspaces\MPC\SISL-master\src\s1903.c" "C:\Workspaces\MPC\SISL-master\src\s1904.c" "C:\Workspaces\MPC\SISL-master\src\s1905.c" "C:\Workspaces\MPC\SISL-master\src\s1906.c" "C:\Workspaces\MPC\SISL-master\src\s1907.c" "C:\Workspaces\MPC\SISL-master\src\s1908.c" "C:\Workspaces\MPC\SISL-master\src\s1909.c" "C:\Workspaces\MPC\SISL-master\src\s1910.c" "C:\Workspaces\MPC\SISL-master\src\s1911.c" "C:\Workspaces\MPC\SISL-master\src\s1912.c" "C:\Workspaces\MPC\SISL-master\src\s1916.c" "C:\Workspaces\MPC\SISL-master\src\s1917.c" "C:\Workspaces\MPC\SISL-master\src\s1918.c" "C:\Workspaces\MPC\SISL-master\src\s1919.c" "C:\Workspaces\MPC\SISL-master\src\s1920.c" "C:\Workspaces\MPC\SISL-master\src\s1921.c" "C:\Workspaces\MPC\SISL-master\src\s1924.c" "C:\Workspaces\MPC\SISL-master\src\s1925.c" "C:\Workspaces\MPC\SISL-master\src\s1926.c" "C:\Workspaces\MPC\SISL-master\src\s1927.c" "C:\Workspaces\MPC\SISL-master\src\s1930.c" "C:\Workspaces\MPC\SISL-master\src\s1931.c" "C:\Workspaces\MPC\SISL-master\src\s1931unit.c" "C:\Workspaces\MPC\SISL-master\src\s1932.c" "C:\Workspaces\MPC\SISL-master\src\s1933.c" "C:\Workspaces\MPC\SISL-master\src\s1934.c" "C:\Workspaces\MPC\SISL-master\src\s1935.c" "C:\Workspaces\MPC\SISL-master\src\s1936.c" "C:\Workspaces\MPC\SISL-master\src\s1937.c" "C:\Workspaces\MPC\SISL-master\src\s1938.c" "C:\Workspaces\MPC\SISL-master\src\s1940.c" "C:\Workspaces\MPC\SISL-master\src\s1941.c" "C:\Workspaces\MPC\SISL-master\src\s1942.c" "C:\Workspaces\MPC\SISL-master\src\s1943.c" "C:\Workspaces\MPC\SISL-master\src\s1944.c" "C:\Workspaces\MPC\SISL-master\src\s1945.c" "C:\Workspaces\MPC\SISL-master\src\s1946.c" "C:\Workspaces\MPC\SISL-master\src\s1947.c" "C:\Workspaces\MPC\SISL-master\src\s1948.c" "C:\Workspaces\MPC\SISL-master\src\s1949.c" "C:\Workspaces\MPC\SISL-master\src\s1950.c" "C:\Workspaces\MPC\SISL-master\src\s1951.c" "C:\Workspaces\MPC\SISL-master\src\s1953.c" "C:\Workspaces\MPC\SISL-master\src\s1954.c" "C:\Workspaces\MPC\SISL-master\src\s1955.c" "C:\Workspaces\MPC\SISL-master\src\s1956.c" "C:\Workspaces\MPC\SISL-master\src\s1957.c" "C:\Workspaces\MPC\SISL-master\src\s1958.c" "C:\Workspaces\MPC\SISL-master\src\s1959.c" "C:\Workspaces\MPC\SISL-master\src\s1960.c" "C:\Workspaces\MPC\SISL-master\src\s1961.c" "C:\Workspaces\MPC\SISL-master\src\s1962.c" "C:\Workspaces\MPC\SISL-master\src\s1963.c" "C:\Workspaces\MPC\SISL-master\src\s1965.c" "C:\Workspaces\MPC\SISL-master\src\s1966.c" "C:\Workspaces\MPC\SISL-master\src\s1967.c" "C:\Workspaces\MPC\SISL-master\src\s1968.c" "C:\Workspaces\MPC\SISL-master\src\s1986.c" "C:\Workspaces\MPC\SISL-master\src\s1987.c" "C:\Workspaces\MPC\SISL-master\src\s1988.c" "C:\Workspaces\MPC\SISL-master\src\s1989.c" "C:\Workspaces\MPC\SISL-master\src\s1990.c" "C:\Workspaces\MPC\SISL-master\src\s1991.c" "C:\Workspaces\MPC\SISL-master\src\s1992.c" "C:\Workspaces\MPC\SISL-master\src\s1993.c" "C:\Workspaces\MPC\SISL-master\src\s1994.c" "C:\Workspaces\MPC\SISL-master\src\s2500.c" "C:\Workspaces\MPC\SISL-master\src\s2501.c" "C:\Workspaces\MPC\SISL-master\src\s2502.c" "C:\Workspaces\MPC\SISL-master\src\s2503.c" "C:\Workspaces\MPC\SISL-master\src\s2504.c" "C:\Workspaces\MPC\SISL-master\src\s2505.c" "C:\Workspaces\MPC\SISL-master\src\s2506.c" "C:\Workspaces\MPC\SISL-master\src\s2507.c" "C:\Workspaces\MPC\SISL-master\src\s2508.c" "C:\Workspaces\MPC\SISL-master\src\s2509.c" "C:\Workspaces\MPC\SISL-master\src\s2510.c" "C:\Workspaces\MPC\SISL-master\src\s2511.c" "C:\Workspaces\MPC\SISL-master\src\s2512.c" "C:\Workspaces\MPC\SISL-master\src\s2513.c" "C:\Workspaces\MPC\SISL-master\src\s2514.c" "C:\Workspaces\MPC\SISL-master\src\s2515.c" "C:\Workspaces\MPC\SISL-master\src\s2516.c" "C:\Workspaces\MPC\SISL-master\src\s2532.c" "C:\Workspaces\MPC\SISL-master\src\s2533.c" "C:\Workspaces\MPC\SISL-master\src\s2534.c" "C:\Workspaces\MPC\SISL-master\src\s2535.c" "C:\Workspaces\MPC\SISL-master\src\s2536.c" "C:\Workspaces\MPC\SISL-master\src\s2540.c" "C:\Workspaces\MPC\SISL-master\src\s2541.c" "C:\Workspaces\MPC\SISL-master\src\s2542.c" "C:\Workspaces\MPC\SISL-master\src\s2543.c" "C:\Workspaces\MPC\SISL-master\src\s2544.c" "C:\Workspaces\MPC\SISL-master\src\s2545.c" "C:\Workspaces\MPC\SISL-master\src\s2550.c" "C:\Workspaces\MPC\SISL-master\src\s2551.c" "C:\Workspaces\MPC\SISL-master\src\s2553.c" "C:\Workspaces\MPC\SISL-master\src\s2554.c" "C:\Workspaces\MPC\SISL-master\src\s2555.c" "C:\Workspaces\MPC\SISL-master\src\s2556.c" "C:\Workspaces\MPC\SISL-master\src\s2557.c" "C:\Workspaces\MPC\SISL-master\src\s2558.c" "C:\Workspaces\MPC\SISL-master\src\s2559.c" "C:\Workspaces\MPC\SISL-master\src\s2560.c" "C:\Workspaces\MPC\SISL-master\src\s2561.c" "C:\Workspaces\MPC\SISL-master\src\s2562.c" "C:\Workspaces\MPC\SISL-master\src\s6addcurve.c" "C:\Workspaces\MPC\SISL-master\src\s6affdist.c" "C:\Workspaces\MPC\SISL-master\src\s6ang.c" "C:\Workspaces\MPC\SISL-master\src\s6angle.c" "C:\Workspaces\MPC\SISL-master\src\s6castelja.c" "C:\Workspaces\MPC\SISL-master\src\s6chpar.c" "C:\Workspaces\MPC\SISL-master\src\s6crss.c" "C:\Workspaces\MPC\SISL-master\src\s6crvature.c" "C:\Workspaces\MPC\SISL-master\src\s6crvcheck.c" "C:\Workspaces\MPC\SISL-master\src\s6curvrad.c" "C:\Workspaces\MPC\SISL-master\src\s6decomp.c" "C:\Workspaces\MPC\SISL-master\src\s6degnorm.c" "C:\Workspaces\MPC\SISL-master\src\s6dertopt.c" "C:\Workspaces\MPC\SISL-master\src\s6diff.c" "C:\Workspaces\MPC\SISL-master\src\s6dist.c" "C:\Workspaces\MPC\SISL-master\src\s6dline.c" "C:\Workspaces\MPC\SISL-master\src\s6dplane.c" "C:\Workspaces\MPC\SISL-master\src\s6drawseq.c" "C:\Workspaces\MPC\SISL-master\src\s6equal.c" "C:\Workspaces\MPC\SISL-master\src\s6err.c" "C:\Workspaces\MPC\SISL-master\src\s6existbox.c" "C:\Workspaces\MPC\SISL-master\src\s6findfac.c" "C:\Workspaces\MPC\SISL-master\src\s6fndintv.c" "C:\Workspaces\MPC\SISL-master\src\s6herm.c" "C:\Workspaces\MPC\SISL-master\src\s6herm_bez.c" "C:\Workspaces\MPC\SISL-master\src\s6idcon.c" "C:\Workspaces\MPC\SISL-master\src\s6idcpt.c" "C:\Workspaces\MPC\SISL-master\src\s6idedg.c" "C:\Workspaces\MPC\SISL-master\src\s6identify.c" "C:\Workspaces\MPC\SISL-master\src\s6idget.c" "C:\Workspaces\MPC\SISL-master\src\s6idint.c" "C:\Workspaces\MPC\SISL-master\src\s6idklist.c" "C:\Workspaces\MPC\SISL-master\src\s6idkpt.c" "C:\Workspaces\MPC\SISL-master\src\s6idlis.c" "C:\Workspaces\MPC\SISL-master\src\s6idnpt.c" "C:\Workspaces\MPC\SISL-master\src\s6idput.c" "C:\Workspaces\MPC\SISL-master\src\s6inv4.c" "C:\Workspaces\MPC\SISL-master\src\s6invert.c" "C:\Workspaces\MPC\SISL-master\src\s6knotmult.c" "C:\Workspaces\MPC\SISL-master\src\s6length.c" "C:\Workspaces\MPC\SISL-master\src\s6line.c" "C:\Workspaces\MPC\SISL-master\src\s6lprj.c" "C:\Workspaces\MPC\SISL-master\src\s6lufacp.c" "C:\Workspaces\MPC\SISL-master\src\s6lusolp.c" "C:\Workspaces\MPC\SISL-master\src\s6metric.c" "C:\Workspaces\MPC\SISL-master\src\s6move.c" "C:\Workspaces\MPC\SISL-master\src\s6mulvec.c" "C:\Workspaces\MPC\SISL-master\src\s6mvec.c" "C:\Workspaces\MPC\SISL-master\src\s6newbox.c" "C:\Workspaces\MPC\SISL-master\src\s6norm.c" "C:\Workspaces\MPC\SISL-master\src\s6ratder.c" "C:\Workspaces\MPC\SISL-master\src\s6rotax.c" "C:\Workspaces\MPC\SISL-master\src\s6rotmat.c" "C:\Workspaces\MPC\SISL-master\src\s6schoen.c" "C:\Workspaces\MPC\SISL-master\src\s6scpr.c" "C:\Workspaces\MPC\SISL-master\src\s6sortpar.c" "C:\Workspaces\MPC\SISL-master\src\s6sratder.c" "C:\Workspaces\MPC\SISL-master\src\s6strider.c" "C:\Workspaces\MPC\SISL-master\src\s6takunion.c" "C:\Workspaces\MPC\SISL-master\src\s6twonorm.c" "C:\Workspaces\MPC\SISL-master\src\s9adsimp.c" "C:\Workspaces\MPC\SISL-master\src\s9adstep.c" "C:\Workspaces\MPC\SISL-master\src\s9boundimp.c" "C:\Workspaces\MPC\SISL-master\src\s9boundit.c" "C:\Workspaces\MPC\SISL-master\src\s9clipimp.c" "C:\Workspaces\MPC\SISL-master\src\s9clipit.c" "C:\Workspaces\MPC\SISL-master\src\s9conmarch.c" "C:\Workspaces\MPC\SISL-master\src\s9iterate.c" "C:\Workspaces\MPC\SISL-master\src\s9iterimp.c" "C:\Workspaces\MPC\SISL-master\src\s9smplknot.c" "C:\Workspaces\MPC\SISL-master\src\s9surmarch.c" "C:\Workspaces\MPC\SISL-master\src\sh1260.c" "C:\Workspaces\MPC\SISL-master\src\sh1261.c" "C:\Workspaces\MPC\SISL-master\src\sh1262.c" "C:\Workspaces\MPC\SISL-master\src\sh1263.c" "C:\Workspaces\MPC\SISL-master\src\sh1365.c" "C:\Workspaces\MPC\SISL-master\src\sh1369.c" "C:\Workspaces\MPC\SISL-master\src\sh1371.c" "C:\Workspaces\MPC\SISL-master\src\sh1372.c" "C:\Workspaces\MPC\SISL-master\src\sh1373.c" "C:\Workspaces\MPC\SISL-master\src\sh1374.c" "C:\Workspaces\MPC\SISL-master\src\sh1375.c" "C:\Workspaces\MPC\SISL-master\src\sh1460.c" "C:\Workspaces\MPC\SISL-master\src\sh1461.c" "C:\Workspaces\MPC\SISL-master\src\sh1462.c" "C:\Workspaces\MPC\SISL-master\src\sh1463.c" "C:\Workspaces\MPC\SISL-master\src\sh1464.c" "C:\Workspaces\MPC\SISL-master\src\sh1465.c" "C:\Workspaces\MPC\SISL-master\src\sh1466.c" "C:\Workspaces\MPC\SISL-master\src\sh1467.c" "C:\Workspaces\MPC\SISL-master\src\sh1502.c" "C:\Workspaces\MPC\SISL-master\src\sh1503.c" "C:\Workspaces\MPC\SISL-master\src\sh1510.c" "C:\Workspaces\MPC\SISL-master\src\sh1511.c" "C:\Workspaces\MPC\SISL-master\src\sh1761.c" "C:\Workspaces\MPC\SISL-master\src\sh1762.c" "C:\Workspaces\MPC\SISL-master\src\sh1779.c" "C:\Workspaces\MPC\SISL-master\src\sh1779_at.c" "C:\Workspaces\MPC\SISL-master\src\sh1780.c" "C:\Workspaces\MPC\SISL-master\src\sh1780_at.c" "C:\Workspaces\MPC\SISL-master\src\sh1781.c" "C:\Workspaces\MPC\SISL-master\src\sh1781_at.c" "C:\Workspaces\MPC\SISL-master\src\sh1782.c" "C:\Workspaces\MPC\SISL-master\src\sh1783.c" "C:\Workspaces\MPC\SISL-master\src\sh1784.c" "C:\Workspaces\MPC\SISL-master\src\sh1786.c" "C:\Workspaces\MPC\SISL-master\src\sh1787.c" "C:\Workspaces\MPC\SISL-master\src\sh1790.c" "C:\Workspaces\MPC\SISL-master\src\sh1794.c" "C:\Workspaces\MPC\SISL-master\src\sh1830.c" "C:\Workspaces\MPC\SISL-master\src\sh1831.c" "C:\Workspaces\MPC\SISL-master\src\sh1834.c" "C:\Workspaces\MPC\SISL-master\src\sh1839.c" "C:\Workspaces\MPC\SISL-master\src\sh1850.c" "C:\Workspaces\MPC\SISL-master\src\sh1851.c" "C:\Workspaces\MPC\SISL-master\src\sh1852.c" "C:\Workspaces\MPC\SISL-master\src\sh1853.c" "C:\Workspaces\MPC\SISL-master\src\sh1854.c" "C:\Workspaces\MPC\SISL-master\src\sh1855.c" "C:\Workspaces\MPC\SISL-master\src\sh1856.c" "C:\Workspaces\MPC\SISL-master\src\sh1857.c" "C:\Workspaces\MPC\SISL-master\src\sh1858.c" "C:\Workspaces\MPC\SISL-master\src\sh1859.c" "C:\Workspaces\MPC\SISL-master\src\sh1860.c" "C:\Workspaces\MPC\SISL-master\src\sh1870.c" "C:\Workspaces\MPC\SISL-master\src\sh1871.c" "C:\Workspaces\MPC\SISL-master\src\sh1922.c" "C:\Workspaces\MPC\SISL-master\src\sh1923.c" "C:\Workspaces\MPC\SISL-master\src\sh1924.c" "C:\Workspaces\MPC\SISL-master\src\sh1925.c" "C:\Workspaces\MPC\SISL-master\src\sh1926.c" "C:\Workspaces\MPC\SISL-master\src\sh1927.c" "C:\Workspaces\MPC\SISL-master\src\sh1928.c" "C:\Workspaces\MPC\SISL-master\src\sh1929.c" "C:\Workspaces\MPC\SISL-master\src\sh1930.c" "C:\Workspaces\MPC\SISL-master\src\sh1992.c" "C:\Workspaces\MPC\SISL-master\src\sh1993.c" "C:\Workspaces\MPC\SISL-master\src\sh1994.c" "C:\Workspaces\MPC\SISL-master\src\sh6clvert.c" "C:\Workspaces\MPC\SISL-master\src\sh6comedg.c" "C:\Workspaces\MPC\SISL-master\src\sh6connect.c" "C:\Workspaces\MPC\SISL-master\src\sh6count.c" "C:\Workspaces\MPC\SISL-master\src\sh6cvvert.c" "C:\Workspaces\MPC\SISL-master\src\sh6degen.c" "C:\Workspaces\MPC\SISL-master\src\sh6disconn.c" "C:\Workspaces\MPC\SISL-master\src\sh6edgpnt.c" "C:\Workspaces\MPC\SISL-master\src\sh6edgred.c" "C:\Workspaces\MPC\SISL-master\src\sh6evalint.c" "C:\Workspaces\MPC\SISL-master\src\sh6floop.c" "C:\Workspaces\MPC\SISL-master\src\sh6fndsplt.c" "C:\Workspaces\MPC\SISL-master\src\sh6getgeom.c" "C:\Workspaces\MPC\SISL-master\src\sh6getlist.c" "C:\Workspaces\MPC\SISL-master\src\sh6getmain.c" "C:\Workspaces\MPC\SISL-master\src\sh6getnbrs.c" "C:\Workspaces\MPC\SISL-master\src\sh6getnext.c" "C:\Workspaces\MPC\SISL-master\src\sh6getothr.c" "C:\Workspaces\MPC\SISL-master\src\sh6getprev.c" "C:\Workspaces\MPC\SISL-master\src\sh6getsegdiv.c" "C:\Workspaces\MPC\SISL-master\src\sh6gettop.c" "C:\Workspaces\MPC\SISL-master\src\sh6idaledg.c" "C:\Workspaces\MPC\SISL-master\src\sh6idcon.c" "C:\Workspaces\MPC\SISL-master\src\sh6idfcros.c" "C:\Workspaces\MPC\SISL-master\src\sh6idget.c" "C:\Workspaces\MPC\SISL-master\src\sh6idkpt.c" "C:\Workspaces\MPC\SISL-master\src\sh6idlis.c" "C:\Workspaces\MPC\SISL-master\src\sh6idnpt.c" "C:\Workspaces\MPC\SISL-master\src\sh6idnwun.c" "C:\Workspaces\MPC\SISL-master\src\sh6idput.c" "C:\Workspaces\MPC\SISL-master\src\sh6idrcros.c" "C:\Workspaces\MPC\SISL-master\src\sh6idsplit.c" "C:\Workspaces\MPC\SISL-master\src\sh6idunite.c" "C:\Workspaces\MPC\SISL-master\src\sh6insert.c" "C:\Workspaces\MPC\SISL-master\src\sh6inspnt.c" "C:\Workspaces\MPC\SISL-master\src\sh6iscnect.c" "C:\Workspaces\MPC\SISL-master\src\sh6ishelp.c" "C:\Workspaces\MPC\SISL-master\src\sh6isinsid.c" "C:\Workspaces\MPC\SISL-master\src\sh6ismain.c" "C:\Workspaces\MPC\SISL-master\src\sh6nmbhelp.c" "C:\Workspaces\MPC\SISL-master\src\sh6nmbmain.c" "C:\Workspaces\MPC\SISL-master\src\sh6ptobj.c" "C:\Workspaces\MPC\SISL-master\src\sh6ptouchp.c" "C:\Workspaces\MPC\SISL-master\src\sh6putsing.c" "C:\Workspaces\MPC\SISL-master\src\sh6red.c" "C:\Workspaces\MPC\SISL-master\src\sh6remcon.c" "C:\Workspaces\MPC\SISL-master\src\sh6rempnt.c" "C:\Workspaces\MPC\SISL-master\src\sh6sepcrv.c" "C:\Workspaces\MPC\SISL-master\src\sh6setcnsd.c" "C:\Workspaces\MPC\SISL-master\src\sh6setdir.c" "C:\Workspaces\MPC\SISL-master\src\sh6setseg.c" "C:\Workspaces\MPC\SISL-master\src\sh6settop.c" "C:\Workspaces\MPC\SISL-master\src\sh6spltgeo.c" "C:\Workspaces\MPC\SISL-master\src\sh6tohelp.c" "C:\Workspaces\MPC\SISL-master\src\sh6tomain.c" "C:\Workspaces\MPC\SISL-master\src\sh6topohlp.c" "C:\Workspaces\MPC\SISL-master\src\sh6trmlist.c" "C:\Workspaces\MPC\SISL-master\src\sh_1d_div.c" "C:\Workspaces\MPC\SISL-master\src\sh_div_crv.c" "C:\Workspaces\MPC\SISL-master\src\sh_set_at.c" "C:\Workspaces\MPC\SISL-master\src\shape.c" "C:\Workspaces\MPC\SISL-master\src\shcheckput.c" "C:\Workspaces\MPC\SISL-master\src\shchecktyp.c" "C:\Workspaces\MPC\SISL-master\src\shcsfsing.c" "C:\Workspaces\MPC\SISL-master\src\shdivsurf.c" "C:\Workspaces\MPC\SISL-master\src\shevalc.c" "C:\Workspaces\MPC\SISL-master\src\shmkhlppts.c" "C:\Workspaces\MPC\SISL-master\src\shsing.c" "C:\Workspaces\MPC\SISL-master\src\spli_silh.c" "C:\Workspaces\MPC\SISL-master\src\tstcyclknt.c"
         construct.c
         crvarctang.c
         crvcrvtang.c
         crvlintang.c
         destruct.c
         ev_cv_off.c
         eval_2_crv.c
         evalcrvarc.c
         hp_s1880.c
         intjoinper.c
         make3D.c
         makecvkreg.c
         makesfkreg.c
         maketracks.c
         mk_cv_cycl.c
         newknots.c
         pickcrvsf.c
         pocrvtang.c
         refine_all.c
         s1001.c
         s1011.c
         s1012.c
         s1013.c
         s1014.c
         s1015.c
         s1016.c
         s1017.c
         s1018.c
         s1021.c
         s1022.c
         s1023.c
         s1024.c
         s1025.c
         s1119.c
         s1161.c
         s1162.c
         s1172.c
         s1173.c
         s1174.c
         s1190.c
         s1192.c
         s1219.c
         s1220.c
         s1221.c
         s1222.c
         s1223.c
         s1224.c
         s1225.c
         s1226.c
         s1227.c
         s1231.c
         s1232.c
         s1233.c
         s1235.c
         s1236.c
         s1237.c
         s1238.c
         s1239.c
         s1240.c
         s1241.c
         s1243.c
         s1244.c
         s1245.c
         s1251.c
         s1252.c
         s1291.c
         s1301.c
         s1302.c
         s1303.c
         s1304.c
         s1305.c
         s1306.c
         s1307.c
         s1308.c
         s1309.c
         s1310.c
         s1311.c
         s1312.c
         s1313.c
         s1314.c
         s1315.c
         s1316.c
         s1317.c
         s1318.c
         s1319.c
         s1320.c
         s1321.c
         s1322.c
         s1323.c
         s1324.c
         s1325.c
         s1327.c
         s1328.c
         s1329.c
         s1330.c
         s1331.c
         s1332.c
         s1333.c
         s1333count.c
         s1333cycli.c
         s1334.c
         s1340.c
         s1341.c
         s1342.c
         s1343.c
         s1345.c
         s1346.c
         s1347.c
         s1348.c
         s1349.c
         s1350.c
         s1351.c
         s1352.c
         s1353.c
         s1354.c
         s1355.c
         s1356.c
         s1357.c
         s1358.c
         s1359.c
         s1360.c
         s1361.c
         s1362.c
         s1363.c
         s1364.c
         s1365.c
         s1366.c
         s1367.c
         s1369.c
         s1370.c
         s1371.c
         s1372.c
         s1373.c
         s1374.c
         s1375.c
         s1376.c
         s1377.c
         s1378.c
         s1379.c
         s1380.c
         s1381.c
         s1382.c
         s1383.c
         s1384.c
         s1385.c
         s1386.c
         s1387.c
         s1388.c
         s1389.c
         s1390.c
         s1391.c
         s1393.c
         s1399.c
         s1401.c
         s1421.c
         s1422.c
         s1424.c
         s1425.c
         s1435.c
         s1436.c
         s1437.c
         s1438.c
         s1439.c
         s1440.c
         s1450.c
         s1451.c
         s1452.c
         s1500.c
         s1501.c
         s1502.c
         s1503.c
         s1504.c
         s1505.c
         s1506.c
         s1507.c
         s1508.c
         s1510.c
         s1511.c
         s1512.c
         s1513.c
         s1514.c
         s1515.c
         s1516.c
         s1517.c
         s1518.c
         s1520.c
         s1521.c
         s1522.c
         s1528.c
         s1529.c
         s1530.c
         s1531.c
         s1534.c
         s1535.c
         s1536.c
         s1537.c
         s1538.c
         s1539.c
         s1540.c
         s1541.c
         s1542.c
         s1600.c
         s1601.c
         s1602.c
         s1603.c
         s1604.c
         s1605.c
         s1606.c
         s1607.c
         s1608.c
         s1609.c
         s1611.c
         s1612.c
         s1613.c
         s1613bez.c
         s1614.c
         s1615.c
         s1616.c
         s1617.c
         s1618.c
         s1619.c
         s1620.c
         s1630.c
         s1631.c
         s1700.c
         s1701.c
         s1705.c
         s1706.c
         s1707.c
         s1708.c
         s1710.c
         s1711.c
         s1712.c
         s1713.c
         s1714.c
         s1715.c
         s1716.c
         s1720.c
         s1730.c
         s1731.c
         s1732.c
         s1733.c
         s1741.c
         s1750.c
         s1753.c
         s1754.c
         s1755.c
         s1770.c
         s17702d.c
         s1771.c
         s1772.c
         s1773.c
         s1774.c
         s1775.c
         s1780.c
         s1785.c
         s1786.c
         s1787.c
         s1788.c
         s1789.c
         s1790.c
         s1791.c
         s1792.c
         s1795.c
         s1796.c
         s1797.c
         s1830.c
         s1834.c
         s1839.c
         s1840.c
         s1850.c
         s1851.c
         s1852.c
         s1853.c
         s1854.c
         s1855.c
         s1856.c
         s1857.c
         s1858.c
         s1859.c
         s1860.c
         s1870.c
         s1871.c
         s1880.c
         s1890.c
         s1891.c
         s1893.c
         s1894.c
         s1896.c
         s1897.c
         s1900.c
         s1901.c
         s1902.c
         s1903.c
         s1904.c
         s1905.c
         s1906.c
         s1907.c
         s1908.c
         s1909.c
         s1910.c
         s1911.c
         s1912.c
         s1916.c
         s1917.c
         s1918.c
         s1919.c
         s1920.c
         s1921.c
         s1924.c
         s1925.c
         s1926.c
         s1927.c
         s1930.c
         s1931.c
         s1931unit.c
         s1932.c
         s1933.c
         s1934.c
         s1935.c
         s1936.c
         s1937.c
         s1938.c
         s1940.c
         s1941.c
         s1942.c
         s1943.c
         s1944.c
         s1945.c
         s1946.c
         s1947.c
         s1948.c
         s1949.c
         s1950.c
         s1951.c
         s1953.c
         s1954.c
         s1955.c
         s1956.c
         s1957.c
         s1958.c
         s1959.c
         s1960.c
         s1961.c
         s1962.c
         s1963.c
         s1965.c
         s1966.c
         s1967.c
         s1968.c
         s1986.c
         s1987.c
         s1988.c
         s1989.c
         s1990.c
         s1991.c
         s1992.c
         s1993.c
         s1994.c
         s2500.c
         s2501.c
         s2502.c
         s2503.c
         s2504.c
         s2505.c
         s2506.c
         s2507.c
         s2508.c
         s2509.c
         s2510.c
         s2511.c
         s2512.c
         s2513.c
         s2514.c
         s2515.c
         s2516.c
         s2532.c
         s2533.c
         s2534.c
         s2535.c
         s2536.c
         s2540.c
         s2541.c
         s2542.c
         s2543.c
         s2544.c
         s2545.c
         s2550.c
         s2551.c
         s2553.c
         s2554.c
         s2555.c
         s2556.c
         s2557.c
         s2558.c
         s2559.c
         s2560.c
         s2561.c
         s2562.c
         s6addcurve.c
         s6affdist.c
         s6ang.c
         s6angle.c
         s6castelja.c
         s6chpar.c
         s6crss.c
         s6crvature.c
         s6crvcheck.c
         s6curvrad.c
         s6decomp.c
         s6degnorm.c
         s6dertopt.c
         s6diff.c
         s6dist.c
         s6dline.c
         s6dplane.c
         s6drawseq.c
         s6equal.c
         s6err.c
         s6existbox.c
         s6findfac.c
         s6fndintv.c
         s6herm.c
         s6herm_bez.c
         s6idcon.c
         s6idcpt.c
         s6idedg.c
         s6identify.c
         s6idget.c
         s6idint.c
         s6idklist.c
         s6idkpt.c
         s6idlis.c
         s6idnpt.c
         s6idput.c
         s6inv4.c
         s6invert.c
         s6knotmult.c
         s6length.c
         s6line.c
         s6lprj.c
         s6lufacp.c
         s6lusolp.c
         s6metric.c
         s6move.c
         s6mulvec.c
         s6mvec.c
         s6newbox.c
         s6norm.c
         s6ratder.c
         s6rotax.c
         s6rotmat.c
         s6schoen.c
         s6scpr.c
         s6sortpar.c
         s6sratder.c
         s6strider.c
         s6takunion.c
         s6twonorm.c
         s9adsimp.c
         s9adstep.c
         s9boundimp.c
         s9boundit.c
         s9clipimp.c
         s9clipit.c
         s9conmarch.c
         s9iterate.c
         s9iterimp.c
         s9smplknot.c
         s9surmarch.c
         sh1260.c
         sh1261.c
         sh1262.c
         sh1263.c
         sh1365.c
         sh1369.c
         sh1371.c
         sh1372.c
         sh1373.c
         sh1374.c
         sh1375.c
         sh1460.c
         sh1461.c
         sh1462.c
         sh1463.c
         sh1464.c
         sh1465.c
         sh1466.c
         sh1467.c
         sh1502.c
         sh1503.c
         sh1510.c
         sh1511.c
         sh1761.c
         sh1762.c
         sh1779.c
         sh1779_at.c
         sh1780.c
         sh1780_at.c
     1>C:\Workspaces\MPC\SISL-master\src\sh1762.c(4435): warning C4101: 'kdir' : unreferenced local variable
     1>C:\Workspaces\MPC\SISL-master\src\sh1762.c(4435): warning C4101: 'kdir2' : unreferenced local variable
         sh1781.c
         sh1781_at.c
         sh1782.c
         sh1783.c
         sh1784.c
         sh1786.c
         sh1787.c
         sh1790.c
         sh1794.c
         sh1830.c
         sh1831.c
         sh1834.c
         sh1839.c
         sh1850.c
         sh1851.c
         sh1852.c
         sh1853.c
         sh1854.c
         sh1855.c
         sh1856.c
         sh1857.c
         sh1858.c
         sh1859.c
         sh1860.c
         sh1870.c
         sh1871.c
         sh1922.c
         sh1923.c
         sh1924.c
         sh1925.c
         sh1926.c
         sh1927.c
         sh1928.c
         sh1929.c
         sh1930.c
         sh1992.c
         sh1993.c
         sh1994.c
         sh6clvert.c
         sh6comedg.c
         sh6connect.c
         sh6count.c
         sh6cvvert.c
         sh6degen.c
         sh6disconn.c
         sh6edgpnt.c
         sh6edgred.c
         sh6evalint.c
         sh6floop.c
         sh6fndsplt.c
         sh6getgeom.c
         sh6getlist.c
         sh6getmain.c
         sh6getnbrs.c
         sh6getnext.c
         sh6getothr.c
         sh6getprev.c
         sh6getsegdiv.c
         sh6gettop.c
         sh6idaledg.c
         sh6idcon.c
         sh6idfcros.c
         sh6idget.c
         sh6idkpt.c
         sh6idlis.c
         sh6idnpt.c
         sh6idnwun.c
         sh6idput.c
         sh6idrcros.c
         sh6idsplit.c
         sh6idunite.c
         sh6insert.c
         sh6inspnt.c
         sh6iscnect.c
         sh6ishelp.c
         sh6isinsid.c
         sh6ismain.c
         sh6nmbhelp.c
         sh6nmbmain.c
         sh6ptobj.c
         sh6ptouchp.c
         sh6putsing.c
         sh6red.c
         sh6remcon.c
         sh6rempnt.c
         sh6sepcrv.c
         sh6setcnsd.c
         sh6setdir.c
         sh6setseg.c
         sh6settop.c
         sh6spltgeo.c
         sh6tohelp.c
         sh6tomain.c
         sh6topohlp.c
         sh6trmlist.c
         sh_1d_div.c
         sh_div_crv.c
         sh_set_at.c
         shape.c
         shcheckput.c
         shchecktyp.c
         shcsfsing.c
         shdivsurf.c
         shevalc.c
         shmkhlppts.c
         shsing.c
         spli_silh.c
         tstcyclknt.c
       Lib:
         C:\Program Files (x86)\Microsoft Visual Studio 12.0\VC\bin\Lib.exe /OUT:"C:\Workspaces\MPC\SISL\Debug\sisl.lib" /NOLOGO  /machine:X86 sisl.dir\Debug\construct.obj
         sisl.dir\Debug\crvarctang.obj
         sisl.dir\Debug\crvcrvtang.obj
         sisl.dir\Debug\crvlintang.obj
         sisl.dir\Debug\destruct.obj
         sisl.dir\Debug\ev_cv_off.obj
         sisl.dir\Debug\eval_2_crv.obj
         sisl.dir\Debug\evalcrvarc.obj
         sisl.dir\Debug\hp_s1880.obj
         sisl.dir\Debug\intjoinper.obj
         sisl.dir\Debug\make3D.obj
         sisl.dir\Debug\makecvkreg.obj
         sisl.dir\Debug\makesfkreg.obj
         sisl.dir\Debug\maketracks.obj
         sisl.dir\Debug\mk_cv_cycl.obj
         sisl.dir\Debug\newknots.obj
         sisl.dir\Debug\pickcrvsf.obj
         sisl.dir\Debug\pocrvtang.obj
         sisl.dir\Debug\refine_all.obj
         sisl.dir\Debug\s1001.obj
         sisl.dir\Debug\s1011.obj
         sisl.dir\Debug\s1012.obj
         sisl.dir\Debug\s1013.obj
         sisl.dir\Debug\s1014.obj
         sisl.dir\Debug\s1015.obj
         sisl.dir\Debug\s1016.obj
         sisl.dir\Debug\s1017.obj
         sisl.dir\Debug\s1018.obj
         sisl.dir\Debug\s1021.obj
         sisl.dir\Debug\s1022.obj
         sisl.dir\Debug\s1023.obj
         sisl.dir\Debug\s1024.obj
         sisl.dir\Debug\s1025.obj
         sisl.dir\Debug\s1119.obj
         sisl.dir\Debug\s1161.obj
         sisl.dir\Debug\s1162.obj
         sisl.dir\Debug\s1172.obj
         sisl.dir\Debug\s1173.obj
         sisl.dir\Debug\s1174.obj
         sisl.dir\Debug\s1190.obj
         sisl.dir\Debug\s1192.obj
         sisl.dir\Debug\s1219.obj
         sisl.dir\Debug\s1220.obj
         sisl.dir\Debug\s1221.obj
         sisl.dir\Debug\s1222.obj
         sisl.dir\Debug\s1223.obj
         sisl.dir\Debug\s1224.obj
         sisl.dir\Debug\s1225.obj
         sisl.dir\Debug\s1226.obj
         sisl.dir\Debug\s1227.obj
         sisl.dir\Debug\s1231.obj
         sisl.dir\Debug\s1232.obj
         sisl.dir\Debug\s1233.obj
         sisl.dir\Debug\s1235.obj
         sisl.dir\Debug\s1236.obj
         sisl.dir\Debug\s1237.obj
         sisl.dir\Debug\s1238.obj
         sisl.dir\Debug\s1239.obj
         sisl.dir\Debug\s1240.obj
         sisl.dir\Debug\s1241.obj
         sisl.dir\Debug\s1243.obj
         sisl.dir\Debug\s1244.obj
         sisl.dir\Debug\s1245.obj
         sisl.dir\Debug\s1251.obj
         sisl.dir\Debug\s1252.obj
         sisl.dir\Debug\s1291.obj
         sisl.dir\Debug\s1301.obj
         sisl.dir\Debug\s1302.obj
         sisl.dir\Debug\s1303.obj
         sisl.dir\Debug\s1304.obj
         sisl.dir\Debug\s1305.obj
         sisl.dir\Debug\s1306.obj
         sisl.dir\Debug\s1307.obj
         sisl.dir\Debug\s1308.obj
         sisl.dir\Debug\s1309.obj
         sisl.dir\Debug\s1310.obj
         sisl.dir\Debug\s1311.obj
         sisl.dir\Debug\s1312.obj
         sisl.dir\Debug\s1313.obj
         sisl.dir\Debug\s1314.obj
         sisl.dir\Debug\s1315.obj
         sisl.dir\Debug\s1316.obj
         sisl.dir\Debug\s1317.obj
         sisl.dir\Debug\s1318.obj
         sisl.dir\Debug\s1319.obj
         sisl.dir\Debug\s1320.obj
         sisl.dir\Debug\s1321.obj
         sisl.dir\Debug\s1322.obj
         sisl.dir\Debug\s1323.obj
         sisl.dir\Debug\s1324.obj
         sisl.dir\Debug\s1325.obj
         sisl.dir\Debug\s1327.obj
         sisl.dir\Debug\s1328.obj
         sisl.dir\Debug\s1329.obj
         sisl.dir\Debug\s1330.obj
         sisl.dir\Debug\s1331.obj
         sisl.dir\Debug\s1332.obj
         sisl.dir\Debug\s1333.obj
         sisl.dir\Debug\s1333count.obj
         sisl.dir\Debug\s1333cycli.obj
         sisl.dir\Debug\s1334.obj
         sisl.dir\Debug\s1340.obj
         sisl.dir\Debug\s1341.obj
         sisl.dir\Debug\s1342.obj
         sisl.dir\Debug\s1343.obj
         sisl.dir\Debug\s1345.obj
         sisl.dir\Debug\s1346.obj
         sisl.dir\Debug\s1347.obj
         sisl.dir\Debug\s1348.obj
         sisl.dir\Debug\s1349.obj
         sisl.dir\Debug\s1350.obj
         sisl.dir\Debug\s1351.obj
         sisl.dir\Debug\s1352.obj
         sisl.dir\Debug\s1353.obj
         sisl.dir\Debug\s1354.obj
         sisl.dir\Debug\s1355.obj
         sisl.dir\Debug\s1356.obj
         sisl.dir\Debug\s1357.obj
         sisl.dir\Debug\s1358.obj
         sisl.dir\Debug\s1359.obj
         sisl.dir\Debug\s1360.obj
         sisl.dir\Debug\s1361.obj
         sisl.dir\Debug\s1362.obj
         sisl.dir\Debug\s1363.obj
         sisl.dir\Debug\s1364.obj
         sisl.dir\Debug\s1365.obj
         sisl.dir\Debug\s1366.obj
         sisl.dir\Debug\s1367.obj
         sisl.dir\Debug\s1369.obj
         sisl.dir\Debug\s1370.obj
         sisl.dir\Debug\s1371.obj
         sisl.dir\Debug\s1372.obj
         sisl.dir\Debug\s1373.obj
         sisl.dir\Debug\s1374.obj
         sisl.dir\Debug\s1375.obj
         sisl.dir\Debug\s1376.obj
         sisl.dir\Debug\s1377.obj
         sisl.dir\Debug\s1378.obj
         sisl.dir\Debug\s1379.obj
         sisl.dir\Debug\s1380.obj
         sisl.dir\Debug\s1381.obj
         sisl.dir\Debug\s1382.obj
         sisl.dir\Debug\s1383.obj
         sisl.dir\Debug\s1384.obj
         sisl.dir\Debug\s1385.obj
         sisl.dir\Debug\s1386.obj
         sisl.dir\Debug\s1387.obj
         sisl.dir\Debug\s1388.obj
         sisl.dir\Debug\s1389.obj
         sisl.dir\Debug\s1390.obj
         sisl.dir\Debug\s1391.obj
         sisl.dir\Debug\s1393.obj
         sisl.dir\Debug\s1399.obj
         sisl.dir\Debug\s1401.obj
         sisl.dir\Debug\s1421.obj
         sisl.dir\Debug\s1422.obj
         sisl.dir\Debug\s1424.obj
         sisl.dir\Debug\s1425.obj
         sisl.dir\Debug\s1435.obj
         sisl.dir\Debug\s1436.obj
         sisl.dir\Debug\s1437.obj
         sisl.dir\Debug\s1438.obj
         sisl.dir\Debug\s1439.obj
         sisl.dir\Debug\s1440.obj
         sisl.dir\Debug\s1450.obj
         sisl.dir\Debug\s1451.obj
         sisl.dir\Debug\s1452.obj
         sisl.dir\Debug\s1500.obj
         sisl.dir\Debug\s1501.obj
         sisl.dir\Debug\s1502.obj
         sisl.dir\Debug\s1503.obj
         sisl.dir\Debug\s1504.obj
         sisl.dir\Debug\s1505.obj
         sisl.dir\Debug\s1506.obj
         sisl.dir\Debug\s1507.obj
         sisl.dir\Debug\s1508.obj
         sisl.dir\Debug\s1510.obj
         sisl.dir\Debug\s1511.obj
         sisl.dir\Debug\s1512.obj
         sisl.dir\Debug\s1513.obj
         sisl.dir\Debug\s1514.obj
         sisl.dir\Debug\s1515.obj
         sisl.dir\Debug\s1516.obj
         sisl.dir\Debug\s1517.obj
         sisl.dir\Debug\s1518.obj
         sisl.dir\Debug\s1520.obj
         sisl.dir\Debug\s1521.obj
         sisl.dir\Debug\s1522.obj
         sisl.dir\Debug\s1528.obj
         sisl.dir\Debug\s1529.obj
         sisl.dir\Debug\s1530.obj
         sisl.dir\Debug\s1531.obj
         sisl.dir\Debug\s1534.obj
         sisl.dir\Debug\s1535.obj
         sisl.dir\Debug\s1536.obj
         sisl.dir\Debug\s1537.obj
         sisl.dir\Debug\s1538.obj
         sisl.dir\Debug\s1539.obj
         sisl.dir\Debug\s1540.obj
         sisl.dir\Debug\s1541.obj
         sisl.dir\Debug\s1542.obj
         sisl.dir\Debug\s1600.obj
         sisl.dir\Debug\s1601.obj
         sisl.dir\Debug\s1602.obj
         sisl.dir\Debug\s1603.obj
         sisl.dir\Debug\s1604.obj
         sisl.dir\Debug\s1605.obj
         sisl.dir\Debug\s1606.obj
         sisl.dir\Debug\s1607.obj
         sisl.dir\Debug\s1608.obj
         sisl.dir\Debug\s1609.obj
         sisl.dir\Debug\s1611.obj
         sisl.dir\Debug\s1612.obj
         sisl.dir\Debug\s1613.obj
         sisl.dir\Debug\s1613bez.obj
         sisl.dir\Debug\s1614.obj
         sisl.dir\Debug\s1615.obj
         sisl.dir\Debug\s1616.obj
         sisl.dir\Debug\s1617.obj
         sisl.dir\Debug\s1618.obj
         sisl.dir\Debug\s1619.obj
         sisl.dir\Debug\s1620.obj
         sisl.dir\Debug\s1630.obj
         sisl.dir\Debug\s1631.obj
         sisl.dir\Debug\s1700.obj
         sisl.dir\Debug\s1701.obj
         sisl.dir\Debug\s1705.obj
         sisl.dir\Debug\s1706.obj
         sisl.dir\Debug\s1707.obj
         sisl.dir\Debug\s1708.obj
         sisl.dir\Debug\s1710.obj
         sisl.dir\Debug\s1711.obj
         sisl.dir\Debug\s1712.obj
         sisl.dir\Debug\s1713.obj
         sisl.dir\Debug\s1714.obj
         sisl.dir\Debug\s1715.obj
         sisl.dir\Debug\s1716.obj
         sisl.dir\Debug\s1720.obj
         sisl.dir\Debug\s1730.obj
         sisl.dir\Debug\s1731.obj
         sisl.dir\Debug\s1732.obj
         sisl.dir\Debug\s1733.obj
         sisl.dir\Debug\s1741.obj
         sisl.dir\Debug\s1750.obj
         sisl.dir\Debug\s1753.obj
         sisl.dir\Debug\s1754.obj
         sisl.dir\Debug\s1755.obj
         sisl.dir\Debug\s1770.obj
         sisl.dir\Debug\s17702d.obj
         sisl.dir\Debug\s1771.obj
         sisl.dir\Debug\s1772.obj
         sisl.dir\Debug\s1773.obj
         sisl.dir\Debug\s1774.obj
         sisl.dir\Debug\s1775.obj
         sisl.dir\Debug\s1780.obj
         sisl.dir\Debug\s1785.obj
         sisl.dir\Debug\s1786.obj
         sisl.dir\Debug\s1787.obj
         sisl.dir\Debug\s1788.obj
         sisl.dir\Debug\s1789.obj
         sisl.dir\Debug\s1790.obj
         sisl.dir\Debug\s1791.obj
         sisl.dir\Debug\s1792.obj
         sisl.dir\Debug\s1795.obj
         sisl.dir\Debug\s1796.obj
         sisl.dir\Debug\s1797.obj
         sisl.dir\Debug\s1830.obj
         sisl.dir\Debug\s1834.obj
         sisl.dir\Debug\s1839.obj
         sisl.dir\Debug\s1840.obj
         sisl.dir\Debug\s1850.obj
         sisl.dir\Debug\s1851.obj
         sisl.dir\Debug\s1852.obj
         sisl.dir\Debug\s1853.obj
         sisl.dir\Debug\s1854.obj
         sisl.dir\Debug\s1855.obj
         sisl.dir\Debug\s1856.obj
         sisl.dir\Debug\s1857.obj
         sisl.dir\Debug\s1858.obj
         sisl.dir\Debug\s1859.obj
         sisl.dir\Debug\s1860.obj
         sisl.dir\Debug\s1870.obj
         sisl.dir\Debug\s1871.obj
         sisl.dir\Debug\s1880.obj
         sisl.dir\Debug\s1890.obj
         sisl.dir\Debug\s1891.obj
         sisl.dir\Debug\s1893.obj
         sisl.dir\Debug\s1894.obj
         sisl.dir\Debug\s1896.obj
         sisl.dir\Debug\s1897.obj
         sisl.dir\Debug\s1900.obj
         sisl.dir\Debug\s1901.obj
         sisl.dir\Debug\s1902.obj
         sisl.dir\Debug\s1903.obj
         sisl.dir\Debug\s1904.obj
         sisl.dir\Debug\s1905.obj
         sisl.dir\Debug\s1906.obj
         sisl.dir\Debug\s1907.obj
         sisl.dir\Debug\s1908.obj
         sisl.dir\Debug\s1909.obj
         sisl.dir\Debug\s1910.obj
         sisl.dir\Debug\s1911.obj
         sisl.dir\Debug\s1912.obj
         sisl.dir\Debug\s1916.obj
         sisl.dir\Debug\s1917.obj
         sisl.dir\Debug\s1918.obj
         sisl.dir\Debug\s1919.obj
         sisl.dir\Debug\s1920.obj
         sisl.dir\Debug\s1921.obj
         sisl.dir\Debug\s1924.obj
         sisl.dir\Debug\s1925.obj
         sisl.dir\Debug\s1926.obj
         sisl.dir\Debug\s1927.obj
         sisl.dir\Debug\s1930.obj
         sisl.dir\Debug\s1931.obj
         sisl.dir\Debug\s1931unit.obj
         sisl.dir\Debug\s1932.obj
         sisl.dir\Debug\s1933.obj
         sisl.dir\Debug\s1934.obj
         sisl.dir\Debug\s1935.obj
         sisl.dir\Debug\s1936.obj
         sisl.dir\Debug\s1937.obj
         sisl.dir\Debug\s1938.obj
         sisl.dir\Debug\s1940.obj
         sisl.dir\Debug\s1941.obj
         sisl.dir\Debug\s1942.obj
         sisl.dir\Debug\s1943.obj
         sisl.dir\Debug\s1944.obj
         sisl.dir\Debug\s1945.obj
         sisl.dir\Debug\s1946.obj
         sisl.dir\Debug\s1947.obj
         sisl.dir\Debug\s1948.obj
         sisl.dir\Debug\s1949.obj
         sisl.dir\Debug\s1950.obj
         sisl.dir\Debug\s1951.obj
         sisl.dir\Debug\s1953.obj
         sisl.dir\Debug\s1954.obj
         sisl.dir\Debug\s1955.obj
         sisl.dir\Debug\s1956.obj
         sisl.dir\Debug\s1957.obj
         sisl.dir\Debug\s1958.obj
         sisl.dir\Debug\s1959.obj
         sisl.dir\Debug\s1960.obj
         sisl.dir\Debug\s1961.obj
         sisl.dir\Debug\s1962.obj
         sisl.dir\Debug\s1963.obj
         sisl.dir\Debug\s1965.obj
         sisl.dir\Debug\s1966.obj
         sisl.dir\Debug\s1967.obj
         sisl.dir\Debug\s1968.obj
         sisl.dir\Debug\s1986.obj
         sisl.dir\Debug\s1987.obj
         sisl.dir\Debug\s1988.obj
         sisl.dir\Debug\s1989.obj
         sisl.dir\Debug\s1990.obj
         sisl.dir\Debug\s1991.obj
         sisl.dir\Debug\s1992.obj
         sisl.dir\Debug\s1993.obj
         sisl.dir\Debug\s1994.obj
         sisl.dir\Debug\s2500.obj
         sisl.dir\Debug\s2501.obj
         sisl.dir\Debug\s2502.obj
         sisl.dir\Debug\s2503.obj
         sisl.dir\Debug\s2504.obj
         sisl.dir\Debug\s2505.obj
         sisl.dir\Debug\s2506.obj
         sisl.dir\Debug\s2507.obj
         sisl.dir\Debug\s2508.obj
         sisl.dir\Debug\s2509.obj
         sisl.dir\Debug\s2510.obj
         sisl.dir\Debug\s2511.obj
         sisl.dir\Debug\s2512.obj
         sisl.dir\Debug\s2513.obj
         sisl.dir\Debug\s2514.obj
         sisl.dir\Debug\s2515.obj
         sisl.dir\Debug\s2516.obj
         sisl.dir\Debug\s2532.obj
         sisl.dir\Debug\s2533.obj
         sisl.dir\Debug\s2534.obj
         sisl.dir\Debug\s2535.obj
         sisl.dir\Debug\s2536.obj
         sisl.dir\Debug\s2540.obj
         sisl.dir\Debug\s2541.obj
         sisl.dir\Debug\s2542.obj
         sisl.dir\Debug\s2543.obj
         sisl.dir\Debug\s2544.obj
         sisl.dir\Debug\s2545.obj
         sisl.dir\Debug\s2550.obj
         sisl.dir\Debug\s2551.obj
         sisl.dir\Debug\s2553.obj
         sisl.dir\Debug\s2554.obj
         sisl.dir\Debug\s2555.obj
         sisl.dir\Debug\s2556.obj
         sisl.dir\Debug\s2557.obj
         sisl.dir\Debug\s2558.obj
         sisl.dir\Debug\s2559.obj
         sisl.dir\Debug\s2560.obj
         sisl.dir\Debug\s2561.obj
         sisl.dir\Debug\s2562.obj
         sisl.dir\Debug\s6addcurve.obj
         sisl.dir\Debug\s6affdist.obj
         sisl.dir\Debug\s6ang.obj
         sisl.dir\Debug\s6angle.obj
         sisl.dir\Debug\s6castelja.obj
         sisl.dir\Debug\s6chpar.obj
         sisl.dir\Debug\s6crss.obj
         sisl.dir\Debug\s6crvature.obj
         sisl.dir\Debug\s6crvcheck.obj
         sisl.dir\Debug\s6curvrad.obj
         sisl.dir\Debug\s6decomp.obj
         sisl.dir\Debug\s6degnorm.obj
         sisl.dir\Debug\s6dertopt.obj
         sisl.dir\Debug\s6diff.obj
         sisl.dir\Debug\s6dist.obj
         sisl.dir\Debug\s6dline.obj
         sisl.dir\Debug\s6dplane.obj
         sisl.dir\Debug\s6drawseq.obj
         sisl.dir\Debug\s6equal.obj
         sisl.dir\Debug\s6err.obj
         sisl.dir\Debug\s6existbox.obj
         sisl.dir\Debug\s6findfac.obj
         sisl.dir\Debug\s6fndintv.obj
         sisl.dir\Debug\s6herm.obj
         sisl.dir\Debug\s6herm_bez.obj
         sisl.dir\Debug\s6idcon.obj
         sisl.dir\Debug\s6idcpt.obj
         sisl.dir\Debug\s6idedg.obj
         sisl.dir\Debug\s6identify.obj
         sisl.dir\Debug\s6idget.obj
         sisl.dir\Debug\s6idint.obj
         sisl.dir\Debug\s6idklist.obj
         sisl.dir\Debug\s6idkpt.obj
         sisl.dir\Debug\s6idlis.obj
         sisl.dir\Debug\s6idnpt.obj
         sisl.dir\Debug\s6idput.obj
         sisl.dir\Debug\s6inv4.obj
         sisl.dir\Debug\s6invert.obj
         sisl.dir\Debug\s6knotmult.obj
         sisl.dir\Debug\s6length.obj
         sisl.dir\Debug\s6line.obj
         sisl.dir\Debug\s6lprj.obj
         sisl.dir\Debug\s6lufacp.obj
         sisl.dir\Debug\s6lusolp.obj
         sisl.dir\Debug\s6metric.obj
         sisl.dir\Debug\s6move.obj
         sisl.dir\Debug\s6mulvec.obj
         sisl.dir\Debug\s6mvec.obj
         sisl.dir\Debug\s6newbox.obj
         sisl.dir\Debug\s6norm.obj
         sisl.dir\Debug\s6ratder.obj
         sisl.dir\Debug\s6rotax.obj
         sisl.dir\Debug\s6rotmat.obj
         sisl.dir\Debug\s6schoen.obj
         sisl.dir\Debug\s6scpr.obj
         sisl.dir\Debug\s6sortpar.obj
         sisl.dir\Debug\s6sratder.obj
         sisl.dir\Debug\s6strider.obj
         sisl.dir\Debug\s6takunion.obj
         sisl.dir\Debug\s6twonorm.obj
         sisl.dir\Debug\s9adsimp.obj
         sisl.dir\Debug\s9adstep.obj
         sisl.dir\Debug\s9boundimp.obj
         sisl.dir\Debug\s9boundit.obj
         sisl.dir\Debug\s9clipimp.obj
         sisl.dir\Debug\s9clipit.obj
         sisl.dir\Debug\s9conmarch.obj
         sisl.dir\Debug\s9iterate.obj
         sisl.dir\Debug\s9iterimp.obj
         sisl.dir\Debug\s9smplknot.obj
         sisl.dir\Debug\s9surmarch.obj
         sisl.dir\Debug\sh1260.obj
         sisl.dir\Debug\sh1261.obj
         sisl.dir\Debug\sh1262.obj
         sisl.dir\Debug\sh1263.obj
         sisl.dir\Debug\sh1365.obj
         sisl.dir\Debug\sh1369.obj
         sisl.dir\Debug\sh1371.obj
         sisl.dir\Debug\sh1372.obj
         sisl.dir\Debug\sh1373.obj
         sisl.dir\Debug\sh1374.obj
         sisl.dir\Debug\sh1375.obj
         sisl.dir\Debug\sh1460.obj
         sisl.dir\Debug\sh1461.obj
         sisl.dir\Debug\sh1462.obj
         sisl.dir\Debug\sh1463.obj
         sisl.dir\Debug\sh1464.obj
         sisl.dir\Debug\sh1465.obj
         sisl.dir\Debug\sh1466.obj
         sisl.dir\Debug\sh1467.obj
         sisl.dir\Debug\sh1502.obj
         sisl.dir\Debug\sh1503.obj
         sisl.dir\Debug\sh1510.obj
         sisl.dir\Debug\sh1511.obj
         sisl.dir\Debug\sh1761.obj
         sisl.dir\Debug\sh1762.obj
         sisl.dir\Debug\sh1779.obj
         sisl.dir\Debug\sh1779_at.obj
         sisl.dir\Debug\sh1780.obj
         sisl.dir\Debug\sh1780_at.obj
         sisl.dir\Debug\sh1781.obj
         sisl.dir\Debug\sh1781_at.obj
         sisl.dir\Debug\sh1782.obj
         sisl.dir\Debug\sh1783.obj
         sisl.dir\Debug\sh1784.obj
         sisl.dir\Debug\sh1786.obj
         sisl.dir\Debug\sh1787.obj
         sisl.dir\Debug\sh1790.obj
         sisl.dir\Debug\sh1794.obj
         sisl.dir\Debug\sh1830.obj
         sisl.dir\Debug\sh1831.obj
         sisl.dir\Debug\sh1834.obj
         sisl.dir\Debug\sh1839.obj
         sisl.dir\Debug\sh1850.obj
         sisl.dir\Debug\sh1851.obj
         sisl.dir\Debug\sh1852.obj
         sisl.dir\Debug\sh1853.obj
         sisl.dir\Debug\sh1854.obj
         sisl.dir\Debug\sh1855.obj
         sisl.dir\Debug\sh1856.obj
         sisl.dir\Debug\sh1857.obj
         sisl.dir\Debug\sh1858.obj
         sisl.dir\Debug\sh1859.obj
         sisl.dir\Debug\sh1860.obj
         sisl.dir\Debug\sh1870.obj
         sisl.dir\Debug\sh1871.obj
         sisl.dir\Debug\sh1922.obj
         sisl.dir\Debug\sh1923.obj
         sisl.dir\Debug\sh1924.obj
         sisl.dir\Debug\sh1925.obj
         sisl.dir\Debug\sh1926.obj
         sisl.dir\Debug\sh1927.obj
         sisl.dir\Debug\sh1928.obj
         sisl.dir\Debug\sh1929.obj
         sisl.dir\Debug\sh1930.obj
         sisl.dir\Debug\sh1992.obj
         sisl.dir\Debug\sh1993.obj
         sisl.dir\Debug\sh1994.obj
         sisl.dir\Debug\sh6clvert.obj
         sisl.dir\Debug\sh6comedg.obj
         sisl.dir\Debug\sh6connect.obj
         sisl.dir\Debug\sh6count.obj
         sisl.dir\Debug\sh6cvvert.obj
         sisl.dir\Debug\sh6degen.obj
         sisl.dir\Debug\sh6disconn.obj
         sisl.dir\Debug\sh6edgpnt.obj
         sisl.dir\Debug\sh6edgred.obj
         sisl.dir\Debug\sh6evalint.obj
         sisl.dir\Debug\sh6floop.obj
         sisl.dir\Debug\sh6fndsplt.obj
         sisl.dir\Debug\sh6getgeom.obj
         sisl.dir\Debug\sh6getlist.obj
         sisl.dir\Debug\sh6getmain.obj
         sisl.dir\Debug\sh6getnbrs.obj
         sisl.dir\Debug\sh6getnext.obj
         sisl.dir\Debug\sh6getothr.obj
         sisl.dir\Debug\sh6getprev.obj
         sisl.dir\Debug\sh6getsegdiv.obj
         sisl.dir\Debug\sh6gettop.obj
         sisl.dir\Debug\sh6idaledg.obj
         sisl.dir\Debug\sh6idcon.obj
         sisl.dir\Debug\sh6idfcros.obj
         sisl.dir\Debug\sh6idget.obj
         sisl.dir\Debug\sh6idkpt.obj
         sisl.dir\Debug\sh6idlis.obj
         sisl.dir\Debug\sh6idnpt.obj
         sisl.dir\Debug\sh6idnwun.obj
         sisl.dir\Debug\sh6idput.obj
         sisl.dir\Debug\sh6idrcros.obj
         sisl.dir\Debug\sh6idsplit.obj
         sisl.dir\Debug\sh6idunite.obj
         sisl.dir\Debug\sh6insert.obj
         sisl.dir\Debug\sh6inspnt.obj
         sisl.dir\Debug\sh6iscnect.obj
         sisl.dir\Debug\sh6ishelp.obj
         sisl.dir\Debug\sh6isinsid.obj
         sisl.dir\Debug\sh6ismain.obj
         sisl.dir\Debug\sh6nmbhelp.obj
         sisl.dir\Debug\sh6nmbmain.obj
         sisl.dir\Debug\sh6ptobj.obj
         sisl.dir\Debug\sh6ptouchp.obj
         sisl.dir\Debug\sh6putsing.obj
         sisl.dir\Debug\sh6red.obj
         sisl.dir\Debug\sh6remcon.obj
         sisl.dir\Debug\sh6rempnt.obj
         sisl.dir\Debug\sh6sepcrv.obj
         sisl.dir\Debug\sh6setcnsd.obj
         sisl.dir\Debug\sh6setdir.obj
         sisl.dir\Debug\sh6setseg.obj
         sisl.dir\Debug\sh6settop.obj
         sisl.dir\Debug\sh6spltgeo.obj
         sisl.dir\Debug\sh6tohelp.obj
         sisl.dir\Debug\sh6tomain.obj
         sisl.dir\Debug\sh6topohlp.obj
         sisl.dir\Debug\sh6trmlist.obj
         sisl.dir\Debug\sh_1d_div.obj
         sisl.dir\Debug\sh_div_crv.obj
         sisl.dir\Debug\sh_set_at.obj
         sisl.dir\Debug\shape.obj
         sisl.dir\Debug\shcheckput.obj
         sisl.dir\Debug\shchecktyp.obj
         sisl.dir\Debug\shcsfsing.obj
         sisl.dir\Debug\shdivsurf.obj
         sisl.dir\Debug\shevalc.obj
         sisl.dir\Debug\shmkhlppts.obj
         sisl.dir\Debug\shsing.obj
         sisl.dir\Debug\spli_silh.obj
         sisl.dir\Debug\tstcyclknt.obj
         sisl.vcxproj -> C:\Workspaces\MPC\SISL\Debug\sisl.lib
     1>Done Building Project "C:\Workspaces\MPC\SISL\sisl.vcxproj" (Rebuild target(s)).

Build succeeded.

Time Elapsed 00:00:43.75
