Build started 21/03/2020 09:33:57.
     1>Project "C:\Workspaces\MPC\SISL\sisl.vcxproj" on node 2 (Build target(s)).
     1>CustomBuild:
         Building Custom Rule C:/Workspaces/MPC/SISL-master/CMakeLists.txt
       ClCompile:
         C:\Program Files (x86)\Microsoft Visual Studio 12.0\VC\bin\CL.exe /c /I"C:\Workspaces\MPC\SISL-master\include" /nologo /W3 /WX- /MP8 /O2 /Ob2 /Oy- /D WIN32 /D _WINDOWS /D _SCL_SECURE_NO_WARNINGS /D _CRT_SECURE_NO_WARNINGS /D NDEBUG /D "CMAKE_INTDIR=\"Release\"" /D _MBCS /Gm- /MD /GS /fp:precise /Zc:wchar_t /Zc:forScope /Fo"sisl.dir\Release\\" /Fd"sisl.dir\Release\vc120.pdb" /Gd /TC /analyze- /errorReport:prompt "C:\Workspaces\MPC\SISL-master\src\construct.c" "C:\Workspaces\MPC\SISL-master\src\crvarctang.c" "C:\Workspaces\MPC\SISL-master\src\crvcrvtang.c" "C:\Workspaces\MPC\SISL-master\src\crvlintang.c" "C:\Workspaces\MPC\SISL-master\src\destruct.c" "C:\Workspaces\MPC\SISL-master\src\ev_cv_off.c" "C:\Workspaces\MPC\SISL-master\src\eval_2_crv.c" "C:\Workspaces\MPC\SISL-master\src\evalcrvarc.c" "C:\Workspaces\MPC\SISL-master\src\hp_s1880.c" "C:\Workspaces\MPC\SISL-master\src\intjoinper.c" "C:\Workspaces\MPC\SISL-master\src\make3D.c" "C:\Workspaces\MPC\SISL-master\src\makecvkreg.c" "C:\Workspaces\MPC\SISL-master\src\makesfkreg.c" "C:\Workspaces\MPC\SISL-master\src\maketracks.c" "C:\Workspaces\MPC\SISL-master\src\mk_cv_cycl.c" "C:\Workspaces\MPC\SISL-master\src\newknots.c" "C:\Workspaces\MPC\SISL-master\src\pickcrvsf.c" "C:\Workspaces\MPC\SISL-master\src\pocrvtang.c" "C:\Workspaces\MPC\SISL-master\src\refine_all.c" "C:\Workspaces\MPC\SISL-master\src\s1001.c" "C:\Workspaces\MPC\SISL-master\src\s1011.c" "C:\Workspaces\MPC\SISL-master\src\s1012.c" "C:\Workspaces\MPC\SISL-master\src\s1013.c" "C:\Workspaces\MPC\SISL-master\src\s1014.c" "C:\Workspaces\MPC\SISL-master\src\s1015.c" "C:\Workspaces\MPC\SISL-master\src\s1016.c" "C:\Workspaces\MPC\SISL-master\src\s1017.c" "C:\Workspaces\MPC\SISL-master\src\s1018.c" "C:\Workspaces\MPC\SISL-master\src\s1021.c" "C:\Workspaces\MPC\SISL-master\src\s1022.c" "C:\Workspaces\MPC\SISL-master\src\s1023.c" "C:\Workspaces\MPC\SISL-master\src\s1024.c" "C:\Workspaces\MPC\SISL-master\src\s1025.c" "C:\Workspaces\MPC\SISL-master\src\s1119.c" "C:\Workspaces\MPC\SISL-master\src\s1161.c" "C:\Workspaces\MPC\SISL-master\src\s1162.c" "C:\Workspaces\MPC\SISL-master\src\s1172.c" "C:\Workspaces\MPC\SISL-master\src\s1173.c" "C:\Workspaces\MPC\SISL-master\src\s1174.c" "C:\Workspaces\MPC\SISL-master\src\s1190.c" "C:\Workspaces\MPC\SISL-master\src\s1192.c" "C:\Workspaces\MPC\SISL-master\src\s1219.c" "C:\Workspaces\MPC\SISL-master\src\s1220.c" "C:\Workspaces\MPC\SISL-master\src\s1221.c" "C:\Workspaces\MPC\SISL-master\src\s1222.c" "C:\Workspaces\MPC\SISL-master\src\s1223.c" "C:\Workspaces\MPC\SISL-master\src\s1224.c" "C:\Workspaces\MPC\SISL-master\src\s1225.c" "C:\Workspaces\MPC\SISL-master\src\s1226.c" "C:\Workspaces\MPC\SISL-master\src\s1227.c" "C:\Workspaces\MPC\SISL-master\src\s1231.c" "C:\Workspaces\MPC\SISL-master\src\s1232.c" "C:\Workspaces\MPC\SISL-master\src\s1233.c" "C:\Workspaces\MPC\SISL-master\src\s1235.c" "C:\Workspaces\MPC\SISL-master\src\s1236.c" "C:\Workspaces\MPC\SISL-master\src\s1237.c" "C:\Workspaces\MPC\SISL-master\src\s1238.c" "C:\Workspaces\MPC\SISL-master\src\s1239.c" "C:\Workspaces\MPC\SISL-master\src\s1240.c" "C:\Workspaces\MPC\SISL-master\src\s1241.c" "C:\Workspaces\MPC\SISL-master\src\s1243.c" "C:\Workspaces\MPC\SISL-master\src\s1244.c" "C:\Workspaces\MPC\SISL-master\src\s1245.c" "C:\Workspaces\MPC\SISL-master\src\s1251.c" "C:\Workspaces\MPC\SISL-master\src\s1252.c" "C:\Workspaces\MPC\SISL-master\src\s1291.c" "C:\Workspaces\MPC\SISL-master\src\s1301.c" "C:\Workspaces\MPC\SISL-master\src\s1302.c" "C:\Workspaces\MPC\SISL-master\src\s1303.c" "C:\Workspaces\MPC\SISL-master\src\s1304.c" "C:\Workspaces\MPC\SISL-master\src\s1305.c" "C:\Workspaces\MPC\SISL-master\src\s1306.c" "C:\Workspaces\MPC\SISL-master\src\s1307.c" "C:\Workspaces\MPC\SISL-master\src\s1308.c" "C:\Workspaces\MPC\SISL-master\src\s1309.c" "C:\Workspaces\MPC\SISL-master\src\s1310.c" "C:\Workspaces\MPC\SISL-master\src\s1311.c" "C:\Workspaces\MPC\SISL-master\src\s1312.c" "C:\Workspaces\MPC\SISL-master\src\s1313.c" "C:\Workspaces\MPC\SISL-master\src\s1314.c" "C:\Workspaces\MPC\SISL-master\src\s1315.c" "C:\Workspaces\MPC\SISL-master\src\s1316.c" "C:\Workspaces\MPC\SISL-master\src\s1317.c" "C:\Workspaces\MPC\SISL-master\src\s1318.c" "C:\Workspaces\MPC\SISL-master\src\s1319.c" "C:\Workspaces\MPC\SISL-master\src\s1320.c" "C:\Workspaces\MPC\SISL-master\src\s1321.c" "C:\Workspaces\MPC\SISL-master\src\s1322.c" "C:\Workspaces\MPC\SISL-master\src\s1323.c" "C:\Workspaces\MPC\SISL-master\src\s1324.c" "C:\Workspaces\MPC\SISL-master\src\s1325.c" "C:\Workspaces\MPC\SISL-master\src\s1327.c" "C:\Workspaces\MPC\SISL-master\src\s1328.c" "C:\Workspaces\MPC\SISL-master\src\s1329.c" "C:\Workspaces\MPC\SISL-master\src\s1330.c" "C:\Workspaces\MPC\SISL-master\src\s1331.c" "C:\Workspaces\MPC\SISL-master\src\s1332.c" "C:\Workspaces\MPC\SISL-master\src\s1333.c" "C:\Workspaces\MPC\SISL-master\src\s1333count.c" "C:\Workspaces\MPC\SISL-master\src\s1333cycli.c" "C:\Workspaces\MPC\SISL-master\src\s1334.c" "C:\Workspaces\MPC\SISL-master\src\s1340.c" "C:\Workspaces\MPC\SISL-master\src\s1341.c" "C:\Workspaces\MPC\SISL-master\src\s1342.c" "C:\Workspaces\MPC\SISL-master\src\s1343.c" "C:\Workspaces\MPC\SISL-master\src\s1345.c" "C:\Workspaces\MPC\SISL-master\src\s1346.c" "C:\Workspaces\MPC\SISL-master\src\s1347.c" "C:\Workspaces\MPC\SISL-master\src\s1348.c" "C:\Workspaces\MPC\SISL-master\src\s1349.c" "C:\Workspaces\MPC\SISL-master\src\s1350.c" "C:\Workspaces\MPC\SISL-master\src\s1351.c" "C:\Workspaces\MPC\SISL-master\src\s1352.c" "C:\Workspaces\MPC\SISL-master\src\s1353.c" "C:\Workspaces\MPC\SISL-master\src\s1354.c" "C:\Workspaces\MPC\SISL-master\src\s1355.c" "C:\Workspaces\MPC\SISL-master\src\s1356.c" "C:\Workspaces\MPC\SISL-master\src\s1357.c" "C:\Workspaces\MPC\SISL-master\src\s1358.c" "C:\Workspaces\MPC\SISL-master\src\s1359.c" "C:\Workspaces\MPC\SISL-master\src\s1360.c" "C:\Workspaces\MPC\SISL-master\src\s1361.c" "C:\Workspaces\MPC\SISL-master\src\s1362.c" "C:\Workspaces\MPC\SISL-master\src\s1363.c" "C:\Workspaces\MPC\SISL-master\src\s1364.c" "C:\Workspaces\MPC\SISL-master\src\s1365.c" "C:\Workspaces\MPC\SISL-master\src\s1366.c" "C:\Workspaces\MPC\SISL-master\src\s1367.c" "C:\Workspaces\MPC\SISL-master\src\s1369.c" "C:\Workspaces\MPC\SISL-master\src\s1370.c" "C:\Workspaces\MPC\SISL-master\src\s1371.c" "C:\Workspaces\MPC\SISL-master\src\s1372.c" "C:\Workspaces\MPC\SISL-master\src\s1373.c" "C:\Workspaces\MPC\SISL-master\src\s1374.c" "C:\Workspaces\MPC\SISL-master\src\s1375.c" "C:\Workspaces\MPC\SISL-master\src\s1376.c" "C:\Workspaces\MPC\SISL-master\src\s1377.c" "C:\Workspaces\MPC\SISL-master\src\s1378.c" "C:\Workspaces\MPC\SISL-master\src\s1379.c" "C:\Workspaces\MPC\SISL-master\src\s1380.c" "C:\Workspaces\MPC\SISL-master\src\s1381.c" "C:\Workspaces\MPC\SISL-master\src\s1382.c" "C:\Workspaces\MPC\SISL-master\src\s1383.c" "C:\Workspaces\MPC\SISL-master\src\s1384.c" "C:\Workspaces\MPC\SISL-master\src\s1385.c" "C:\Workspaces\MPC\SISL-master\src\s1386.c" "C:\Workspaces\MPC\SISL-master\src\s1387.c" "C:\Workspaces\MPC\SISL-master\src\s1388.c" "C:\Workspaces\MPC\SISL-master\src\s1389.c" "C:\Workspaces\MPC\SISL-master\src\s1390.c" "C:\Workspaces\MPC\SISL-master\src\s1391.c" "C:\Workspaces\MPC\SISL-master\src\s1393.c" "C:\Workspaces\MPC\SISL-master\src\s1399.c" "C:\Workspaces\MPC\SISL-master\src\s1401.c" "C:\Workspaces\MPC\SISL-master\src\s1421.c" "C:\Workspaces\MPC\SISL-master\src\s1422.c" "C:\Workspaces\MPC\SISL-master\src\s1424.c" "C:\Workspaces\MPC\SISL-master\src\s1425.c" "C:\Workspaces\MPC\SISL-master\src\s1435.c" "C:\Workspaces\MPC\SISL-master\src\s1436.c" "C:\Workspaces\MPC\SISL-master\src\s1437.c" "C:\Workspaces\MPC\SISL-master\src\s1438.c" "C:\Workspaces\MPC\SISL-master\src\s1439.c" "C:\Workspaces\MPC\SISL-master\src\s1440.c" "C:\Workspaces\MPC\SISL-master\src\s1450.c" "C:\Workspaces\MPC\SISL-master\src\s1451.c" "C:\Workspaces\MPC\SISL-master\src\s1452.c" "C:\Workspaces\MPC\SISL-master\src\s1500.c" "C:\Workspaces\MPC\SISL-master\src\s1501.c" "C:\Workspaces\MPC\SISL-master\src\s1502.c" "C:\Workspaces\MPC\SISL-master\src\s1503.c" "C:\Workspaces\MPC\SISL-master\src\s1504.c" "C:\Workspaces\MPC\SISL-master\src\s1505.c" "C:\Workspaces\MPC\SISL-master\src\s1506.c" "C:\Workspaces\MPC\SISL-master\src\s1507.c" "C:\Workspaces\MPC\SISL-master\src\s1508.c" "C:\Workspaces\MPC\SISL-master\src\s1510.c" "C:\Workspaces\MPC\SISL-master\src\s1511.c" "C:\Workspaces\MPC\SISL-master\src\s1512.c" "C:\Workspaces\MPC\SISL-master\src\s1513.c" "C:\Workspaces\MPC\SISL-master\src\s1514.c" "C:\Workspaces\MPC\SISL-master\src\s1515.c" "C:\Workspaces\MPC\SISL-master\src\s1516.c" "C:\Workspaces\MPC\SISL-master\src\s1517.c" "C:\Workspaces\MPC\SISL-master\src\s1518.c" "C:\Workspaces\MPC\SISL-master\src\s1520.c" "C:\Workspaces\MPC\SISL-master\src\s1521.c" "C:\Workspaces\MPC\SISL-master\src\s1522.c" "C:\Workspaces\MPC\SISL-master\src\s1528.c" "C:\Workspaces\MPC\SISL-master\src\s1529.c" "C:\Workspaces\MPC\SISL-master\src\s1530.c" "C:\Workspaces\MPC\SISL-master\src\s1531.c" "C:\Workspaces\MPC\SISL-master\src\s1534.c" "C:\Workspaces\MPC\SISL-master\src\s1535.c" "C:\Workspaces\MPC\SISL-master\src\s1536.c" "C:\Workspaces\MPC\SISL-master\src\s1537.c" "C:\Workspaces\MPC\SISL-master\src\s1538.c" "C:\Workspaces\MPC\SISL-master\src\s1539.c" "C:\Workspaces\MPC\SISL-master\src\s1540.c" "C:\Workspaces\MPC\SISL-master\src\s1541.c" "C:\Workspaces\MPC\SISL-master\src\s1542.c" "C:\Workspaces\MPC\SISL-master\src\s1600.c" "C:\Workspaces\MPC\SISL-master\src\s1601.c" "C:\Workspaces\MPC\SISL-master\src\s1602.c" "C:\Workspaces\MPC\SISL-master\src\s1603.c" "C:\Workspaces\MPC\SISL-master\src\s1604.c" "C:\Workspaces\MPC\SISL-master\src\s1605.c" "C:\Workspaces\MPC\SISL-master\src\s1606.c" "C:\Workspaces\MPC\SISL-master\src\s1607.c" "C:\Workspaces\MPC\SISL-master\src\s1608.c" "C:\Workspaces\MPC\SISL-master\src\s1609.c" "C:\Workspaces\MPC\SISL-master\src\s1611.c" "C:\Workspaces\MPC\SISL-master\src\s1612.c" "C:\Workspaces\MPC\SISL-master\src\s1613.c" "C:\Workspaces\MPC\SISL-master\src\s1613bez.c" "C:\Workspaces\MPC\SISL-master\src\s1614.c" "C:\Workspaces\MPC\SISL-master\src\s1615.c" "C:\Workspaces\MPC\SISL-master\src\s1616.c" "C:\Workspaces\MPC\SISL-master\src\s1617.c" "C:\Workspaces\MPC\SISL-master\src\s1618.c" "C:\Workspaces\MPC\SISL-master\src\s1619.c" "C:\Workspaces\MPC\SISL-master\src\s1620.c" "C:\Workspaces\MPC\SISL-master\src\s1630.c" "C:\Workspaces\MPC\SISL-master\src\s1631.c" "C:\Workspaces\MPC\SISL-master\src\s1700.c" "C:\Workspaces\MPC\SISL-master\src\s1701.c" "C:\Workspaces\MPC\SISL-master\src\s1705.c" "C:\Workspaces\MPC\SISL-master\src\s1706.c" "C:\Workspaces\MPC\SISL-master\src\s1707.c" "C:\Workspaces\MPC\SISL-master\src\s1708.c" "C:\Workspaces\MPC\SISL-master\src\s1710.c" "C:\Workspaces\MPC\SISL-master\src\s1711.c" "C:\Workspaces\MPC\SISL-master\src\s1712.c" "C:\Workspaces\MPC\SISL-master\src\s1713.c" "C:\Workspaces\MPC\SISL-master\src\s1714.c" "C:\Workspaces\MPC\SISL-master\src\s1715.c" "C:\Workspaces\MPC\SISL-master\src\s1716.c" "C:\Workspaces\MPC\SISL-master\src\s1720.c" "C:\Workspaces\MPC\SISL-master\src\s1730.c" "C:\Workspaces\MPC\SISL-master\src\s1731.c" "C:\Workspaces\MPC\SISL-master\src\s1732.c" "C:\Workspaces\MPC\SISL-master\src\s1733.c" "C:\Workspaces\MPC\SISL-master\src\s1741.c" "C:\Workspaces\MPC\SISL-master\src\s1750.c" "C:\Workspaces\MPC\SISL-master\src\s1753.c" "C:\Workspaces\MPC\SISL-master\src\s1754.c" "C:\Workspaces\MPC\SISL-master\src\s1755.c" "C:\Workspaces\MPC\SISL-master\src\s1770.c" "C:\Workspaces\MPC\SISL-master\src\s17702d.c" "C:\Workspaces\MPC\SISL-master\src\s1771.c" "C:\Workspaces\MPC\SISL-master\src\s1772.c" "C:\Workspaces\MPC\SISL-master\src\s1773.c" "C:\Workspaces\MPC\SISL-master\src\s1774.c" "C:\Workspaces\MPC\SISL-master\src\s1775.c" "C:\Workspaces\MPC\SISL-master\src\s1780.c" "C:\Workspaces\MPC\SISL-master\src\s1785.c" "C:\Workspaces\MPC\SISL-master\src\s1786.c" "C:\Workspaces\MPC\SISL-master\src\s1787.c" "C:\Workspaces\MPC\SISL-master\src\s1788.c" "C:\Workspaces\MPC\SISL-master\src\s1789.c" "C:\Workspaces\MPC\SISL-master\src\s1790.c" "C:\Workspaces\MPC\SISL-master\src\s1791.c" "C:\Workspaces\MPC\SISL-master\src\s1792.c" "C:\Workspaces\MPC\SISL-master\src\s1795.c" "C:\Workspaces\MPC\SISL-master\src\s1796.c" "C:\Workspaces\MPC\SISL-master\src\s1797.c" "C:\Workspaces\MPC\SISL-master\src\s1830.c" "C:\Workspaces\MPC\SISL-master\src\s1834.c" "C:\Workspaces\MPC\SISL-master\src\s1839.c" "C:\Workspaces\MPC\SISL-master\src\s1840.c" "C:\Workspaces\MPC\SISL-master\src\s1850.c" "C:\Workspaces\MPC\SISL-master\src\s1851.c" "C:\Workspaces\MPC\SISL-master\src\s1852.c" "C:\Workspaces\MPC\SISL-master\src\s1853.c" "C:\Workspaces\MPC\SISL-master\src\s1854.c" "C:\Workspaces\MPC\SISL-master\src\s1855.c" "C:\Workspaces\MPC\SISL-master\src\s1856.c" "C:\Workspaces\MPC\SISL-master\src\s1857.c" "C:\Workspaces\MPC\SISL-master\src\s1858.c" "C:\Workspaces\MPC\SISL-master\src\s1859.c" "C:\Workspaces\MPC\SISL-master\src\s1860.c" "C:\Workspaces\MPC\SISL-master\src\s1870.c" "C:\Workspaces\MPC\SISL-master\src\s1871.c" "C:\Workspaces\MPC\SISL-master\src\s1880.c" "C:\Workspaces\MPC\SISL-master\src\s1890.c" "C:\Workspaces\MPC\SISL-master\src\s1891.c" "C:\Workspaces\MPC\SISL-master\src\s1893.c" "C:\Workspaces\MPC\SISL-master\src\s1894.c" "C:\Workspaces\MPC\SISL-master\src\s1896.c" "C:\Workspaces\MPC\SISL-master\src\s1897.c" "C:\Workspaces\MPC\SISL-master\src\s1900.c" "C:\Workspaces\MPC\SISL-master\src\s1901.c" "C:\Workspaces\MPC\SISL-master\src\s1902.c" "C:\Workspaces\MPC\SISL-master\src\s1903.c" "C:\Workspaces\MPC\SISL-master\src\s1904.c" "C:\Workspaces\MPC\SISL-master\src\s1905.c" "C:\Workspaces\MPC\SISL-master\src\s1906.c" "C:\Workspaces\MPC\SISL-master\src\s1907.c" "C:\Workspaces\MPC\SISL-master\src\s1908.c" "C:\Workspaces\MPC\SISL-master\src\s1909.c" "C:\Workspaces\MPC\SISL-master\src\s1910.c" "C:\Workspaces\MPC\SISL-master\src\s1911.c" "C:\Workspaces\MPC\SISL-master\src\s1912.c" "C:\Workspaces\MPC\SISL-master\src\s1916.c" "C:\Workspaces\MPC\SISL-master\src\s1917.c" "C:\Workspaces\MPC\SISL-master\src\s1918.c" "C:\Workspaces\MPC\SISL-master\src\s1919.c" "C:\Workspaces\MPC\SISL-master\src\s1920.c" "C:\Workspaces\MPC\SISL-master\src\s1921.c" "C:\Workspaces\MPC\SISL-master\src\s1924.c" "C:\Workspaces\MPC\SISL-master\src\s1925.c" "C:\Workspaces\MPC\SISL-master\src\s1926.c" "C:\Workspaces\MPC\SISL-master\src\s1927.c" "C:\Workspaces\MPC\SISL-master\src\s1930.c" "C:\Workspaces\MPC\SISL-master\src\s1931.c" "C:\Workspaces\MPC\SISL-master\src\s1931unit.c" "C:\Workspaces\MPC\SISL-master\src\s1932.c" "C:\Workspaces\MPC\SISL-master\src\s1933.c" "C:\Workspaces\MPC\SISL-master\src\s1934.c" "C:\Workspaces\MPC\SISL-master\src\s1935.c" "C:\Workspaces\MPC\SISL-master\src\s1936.c" "C:\Workspaces\MPC\SISL-master\src\s1937.c" "C:\Workspaces\MPC\SISL-master\src\s1938.c" "C:\Workspaces\MPC\SISL-master\src\s1940.c" "C:\Workspaces\MPC\SISL-master\src\s1941.c" "C:\Workspaces\MPC\SISL-master\src\s1942.c" "C:\Workspaces\MPC\SISL-master\src\s1943.c" "C:\Workspaces\MPC\SISL-master\src\s1944.c" "C:\Workspaces\MPC\SISL-master\src\s1945.c" "C:\Workspaces\MPC\SISL-master\src\s1946.c" "C:\Workspaces\MPC\SISL-master\src\s1947.c" "C:\Workspaces\MPC\SISL-master\src\s1948.c" "C:\Workspaces\MPC\SISL-master\src\s1949.c" "C:\Workspaces\MPC\SISL-master\src\s1950.c" "C:\Workspaces\MPC\SISL-master\src\s1951.c" "C:\Workspaces\MPC\SISL-master\src\s1953.c" "C:\Workspaces\MPC\SISL-master\src\s1954.c" "C:\Workspaces\MPC\SISL-master\src\s1955.c" "C:\Workspaces\MPC\SISL-master\src\s1956.c" "C:\Workspaces\MPC\SISL-master\src\s1957.c" "C:\Workspaces\MPC\SISL-master\src\s1958.c" "C:\Workspaces\MPC\SISL-master\src\s1959.c" "C:\Workspaces\MPC\SISL-master\src\s1960.c" "C:\Workspaces\MPC\SISL-master\src\s1961.c" "C:\Workspaces\MPC\SISL-master\src\s1962.c" "C:\Workspaces\MPC\SISL-master\src\s1963.c" "C:\Workspaces\MPC\SISL-master\src\s1965.c" "C:\Workspaces\MPC\SISL-master\src\s1966.c" "C:\Workspaces\MPC\SISL-master\src\s1967.c" "C:\Workspaces\MPC\SISL-master\src\s1968.c" "C:\Workspaces\MPC\SISL-master\src\s1986.c" "C:\Workspaces\MPC\SISL-master\src\s1987.c" "C:\Workspaces\MPC\SISL-master\src\s1988.c" "C:\Workspaces\MPC\SISL-master\src\s1989.c" "C:\Workspaces\MPC\SISL-master\src\s1990.c" "C:\Workspaces\MPC\SISL-master\src\s1991.c" "C:\Workspaces\MPC\SISL-master\src\s1992.c" "C:\Workspaces\MPC\SISL-master\src\s1993.c" "C:\Workspaces\MPC\SISL-master\src\s1994.c" "C:\Workspaces\MPC\SISL-master\src\s2500.c" "C:\Workspaces\MPC\SISL-master\src\s2501.c" "C:\Workspaces\MPC\SISL-master\src\s2502.c" "C:\Workspaces\MPC\SISL-master\src\s2503.c" "C:\Workspaces\MPC\SISL-master\src\s2504.c" "C:\Workspaces\MPC\SISL-master\src\s2505.c" "C:\Workspaces\MPC\SISL-master\src\s2506.c" "C:\Workspaces\MPC\SISL-master\src\s2507.c" "C:\Workspaces\MPC\SISL-master\src\s2508.c" "C:\Workspaces\MPC\SISL-master\src\s2509.c" "C:\Workspaces\MPC\SISL-master\src\s2510.c" "C:\Workspaces\MPC\SISL-master\src\s2511.c" "C:\Workspaces\MPC\SISL-master\src\s2512.c" "C:\Workspaces\MPC\SISL-master\src\s2513.c" "C:\Workspaces\MPC\SISL-master\src\s2514.c" "C:\Workspaces\MPC\SISL-master\src\s2515.c" "C:\Workspaces\MPC\SISL-master\src\s2516.c" "C:\Workspaces\MPC\SISL-master\src\s2532.c" "C:\Workspaces\MPC\SISL-master\src\s2533.c" "C:\Workspaces\MPC\SISL-master\src\s2534.c" "C:\Workspaces\MPC\SISL-master\src\s2535.c" "C:\Workspaces\MPC\SISL-master\src\s2536.c" "C:\Workspaces\MPC\SISL-master\src\s2540.c" "C:\Workspaces\MPC\SISL-master\src\s2541.c" "C:\Workspaces\MPC\SISL-master\src\s2542.c" "C:\Workspaces\MPC\SISL-master\src\s2543.c" "C:\Workspaces\MPC\SISL-master\src\s2544.c" "C:\Workspaces\MPC\SISL-master\src\s2545.c" "C:\Workspaces\MPC\SISL-master\src\s2550.c" "C:\Workspaces\MPC\SISL-master\src\s2551.c" "C:\Workspaces\MPC\SISL-master\src\s2553.c" "C:\Workspaces\MPC\SISL-master\src\s2554.c" "C:\Workspaces\MPC\SISL-master\src\s2555.c" "C:\Workspaces\MPC\SISL-master\src\s2556.c" "C:\Workspaces\MPC\SISL-master\src\s2557.c" "C:\Workspaces\MPC\SISL-master\src\s2558.c" "C:\Workspaces\MPC\SISL-master\src\s2559.c" "C:\Workspaces\MPC\SISL-master\src\s2560.c" "C:\Workspaces\MPC\SISL-master\src\s2561.c" "C:\Workspaces\MPC\SISL-master\src\s2562.c" "C:\Workspaces\MPC\SISL-master\src\s6addcurve.c" "C:\Workspaces\MPC\SISL-master\src\s6affdist.c" "C:\Workspaces\MPC\SISL-master\src\s6ang.c" "C:\Workspaces\MPC\SISL-master\src\s6angle.c" "C:\Workspaces\MPC\SISL-master\src\s6castelja.c" "C:\Workspaces\MPC\SISL-master\src\s6chpar.c" "C:\Workspaces\MPC\SISL-master\src\s6crss.c" "C:\Workspaces\MPC\SISL-master\src\s6crvature.c" "C:\Workspaces\MPC\SISL-master\src\s6crvcheck.c" "C:\Workspaces\MPC\SISL-master\src\s6curvrad.c" "C:\Workspaces\MPC\SISL-master\src\s6decomp.c" "C:\Workspaces\MPC\SISL-master\src\s6degnorm.c" "C:\Workspaces\MPC\SISL-master\src\s6dertopt.c" "C:\Workspaces\MPC\SISL-master\src\s6diff.c" "C:\Workspaces\MPC\SISL-master\src\s6dist.c" "C:\Workspaces\MPC\SISL-master\src\s6dline.c" "C:\Workspaces\MPC\SISL-master\src\s6dplane.c" "C:\Workspaces\MPC\SISL-master\src\s6drawseq.c" "C:\Workspaces\MPC\SISL-master\src\s6equal.c" "C:\Workspaces\MPC\SISL-master\src\s6err.c" "C:\Workspaces\MPC\SISL-master\src\s6existbox.c" "C:\Workspaces\MPC\SISL-master\src\s6findfac.c" "C:\Workspaces\MPC\SISL-master\src\s6fndintv.c" "C:\Workspaces\MPC\SISL-master\src\s6herm.c" "C:\Workspaces\MPC\SISL-master\src\s6herm_bez.c" "C:\Workspaces\MPC\SISL-master\src\s6idcon.c" "C:\Workspaces\MPC\SISL-master\src\s6idcpt.c" "C:\Workspaces\MPC\SISL-master\src\s6idedg.c" "C:\Workspaces\MPC\SISL-master\src\s6identify.c" "C:\Workspaces\MPC\SISL-master\src\s6idget.c" "C:\Workspaces\MPC\SISL-master\src\s6idint.c" "C:\Workspaces\MPC\SISL-master\src\s6idklist.c" "C:\Workspaces\MPC\SISL-master\src\s6idkpt.c" "C:\Workspaces\MPC\SISL-master\src\s6idlis.c" "C:\Workspaces\MPC\SISL-master\src\s6idnpt.c" "C:\Workspaces\MPC\SISL-master\src\s6idput.c" "C:\Workspaces\MPC\SISL-master\src\s6inv4.c" "C:\Workspaces\MPC\SISL-master\src\s6invert.c" "C:\Workspaces\MPC\SISL-master\src\s6knotmult.c" "C:\Workspaces\MPC\SISL-master\src\s6length.c" "C:\Workspaces\MPC\SISL-master\src\s6line.c" "C:\Workspaces\MPC\SISL-master\src\s6lprj.c" "C:\Workspaces\MPC\SISL-master\src\s6lufacp.c" "C:\Workspaces\MPC\SISL-master\src\s6lusolp.c" "C:\Workspaces\MPC\SISL-master\src\s6metric.c" "C:\Workspaces\MPC\SISL-master\src\s6move.c" "C:\Workspaces\MPC\SISL-master\src\s6mulvec.c" "C:\Workspaces\MPC\SISL-master\src\s6mvec.c" "C:\Workspaces\MPC\SISL-master\src\s6newbox.c" "C:\Workspaces\MPC\SISL-master\src\s6norm.c" "C:\Workspaces\MPC\SISL-master\src\s6ratder.c" "C:\Workspaces\MPC\SISL-master\src\s6rotax.c" "C:\Workspaces\MPC\SISL-master\src\s6rotmat.c" "C:\Workspaces\MPC\SISL-master\src\s6schoen.c" "C:\Workspaces\MPC\SISL-master\src\s6scpr.c" "C:\Workspaces\MPC\SISL-master\src\s6sortpar.c" "C:\Workspaces\MPC\SISL-master\src\s6sratder.c" "C:\Workspaces\MPC\SISL-master\src\s6strider.c" "C:\Workspaces\MPC\SISL-master\src\s6takunion.c" "C:\Workspaces\MPC\SISL-master\src\s6twonorm.c" "C:\Workspaces\MPC\SISL-master\src\s9adsimp.c" "C:\Workspaces\MPC\SISL-master\src\s9adstep.c" "C:\Workspaces\MPC\SISL-master\src\s9boundimp.c" "C:\Workspaces\MPC\SISL-master\src\s9boundit.c" "C:\Workspaces\MPC\SISL-master\src\s9clipimp.c" "C:\Workspaces\MPC\SISL-master\src\s9clipit.c" "C:\Workspaces\MPC\SISL-master\src\s9conmarch.c" "C:\Workspaces\MPC\SISL-master\src\s9iterate.c" "C:\Workspaces\MPC\SISL-master\src\s9iterimp.c" "C:\Workspaces\MPC\SISL-master\src\s9smplknot.c" "C:\Workspaces\MPC\SISL-master\src\s9surmarch.c" "C:\Workspaces\MPC\SISL-master\src\sh1260.c" "C:\Workspaces\MPC\SISL-master\src\sh1261.c" "C:\Workspaces\MPC\SISL-master\src\sh1262.c" "C:\Workspaces\MPC\SISL-master\src\sh1263.c" "C:\Workspaces\MPC\SISL-master\src\sh1365.c" "C:\Workspaces\MPC\SISL-master\src\sh1369.c" "C:\Workspaces\MPC\SISL-master\src\sh1371.c" "C:\Workspaces\MPC\SISL-master\src\sh1372.c" "C:\Workspaces\MPC\SISL-master\src\sh1373.c" "C:\Workspaces\MPC\SISL-master\src\sh1374.c" "C:\Workspaces\MPC\SISL-master\src\sh1375.c" "C:\Workspaces\MPC\SISL-master\src\sh1460.c" "C:\Workspaces\MPC\SISL-master\src\sh1461.c" "C:\Workspaces\MPC\SISL-master\src\sh1462.c" "C:\Workspaces\MPC\SISL-master\src\sh1463.c" "C:\Workspaces\MPC\SISL-master\src\sh1464.c" "C:\Workspaces\MPC\SISL-master\src\sh1465.c" "C:\Workspaces\MPC\SISL-master\src\sh1466.c" "C:\Workspaces\MPC\SISL-master\src\sh1467.c" "C:\Workspaces\MPC\SISL-master\src\sh1502.c" "C:\Workspaces\MPC\SISL-master\src\sh1503.c" "C:\Workspaces\MPC\SISL-master\src\sh1510.c" "C:\Workspaces\MPC\SISL-master\src\sh1511.c" "C:\Workspaces\MPC\SISL-master\src\sh1761.c" "C:\Workspaces\MPC\SISL-master\src\sh1762.c" "C:\Workspaces\MPC\SISL-master\src\sh1779.c" "C:\Workspaces\MPC\SISL-master\src\sh1779_at.c" "C:\Workspaces\MPC\SISL-master\src\sh1780.c" "C:\Workspaces\MPC\SISL-master\src\sh1780_at.c" "C:\Workspaces\MPC\SISL-master\src\sh1781.c" "C:\Workspaces\MPC\SISL-master\src\sh1781_at.c" "C:\Workspaces\MPC\SISL-master\src\sh1782.c" "C:\Workspaces\MPC\SISL-master\src\sh1783.c" "C:\Workspaces\MPC\SISL-master\src\sh1784.c" "C:\Workspaces\MPC\SISL-master\src\sh1786.c" "C:\Workspaces\MPC\SISL-master\src\sh1787.c" "C:\Workspaces\MPC\SISL-master\src\sh1790.c" "C:\Workspaces\MPC\SISL-master\src\sh1794.c" "C:\Workspaces\MPC\SISL-master\src\sh1830.c" "C:\Workspaces\MPC\SISL-master\src\sh1831.c" "C:\Workspaces\MPC\SISL-master\src\sh1834.c" "C:\Workspaces\MPC\SISL-master\src\sh1839.c" "C:\Workspaces\MPC\SISL-master\src\sh1850.c" "C:\Workspaces\MPC\SISL-master\src\sh1851.c" "C:\Workspaces\MPC\SISL-master\src\sh1852.c" "C:\Workspaces\MPC\SISL-master\src\sh1853.c" "C:\Workspaces\MPC\SISL-master\src\sh1854.c" "C:\Workspaces\MPC\SISL-master\src\sh1855.c" "C:\Workspaces\MPC\SISL-master\src\sh1856.c" "C:\Workspaces\MPC\SISL-master\src\sh1857.c" "C:\Workspaces\MPC\SISL-master\src\sh1858.c" "C:\Workspaces\MPC\SISL-master\src\sh1859.c" "C:\Workspaces\MPC\SISL-master\src\sh1860.c" "C:\Workspaces\MPC\SISL-master\src\sh1870.c" "C:\Workspaces\MPC\SISL-master\src\sh1871.c" "C:\Workspaces\MPC\SISL-master\src\sh1922.c" "C:\Workspaces\MPC\SISL-master\src\sh1923.c" "C:\Workspaces\MPC\SISL-master\src\sh1924.c" "C:\Workspaces\MPC\SISL-master\src\sh1925.c" "C:\Workspaces\MPC\SISL-master\src\sh1926.c" "C:\Workspaces\MPC\SISL-master\src\sh1927.c" "C:\Workspaces\MPC\SISL-master\src\sh1928.c" "C:\Workspaces\MPC\SISL-master\src\sh1929.c" "C:\Workspaces\MPC\SISL-master\src\sh1930.c" "C:\Workspaces\MPC\SISL-master\src\sh1992.c" "C:\Workspaces\MPC\SISL-master\src\sh1993.c" "C:\Workspaces\MPC\SISL-master\src\sh1994.c" "C:\Workspaces\MPC\SISL-master\src\sh6clvert.c" "C:\Workspaces\MPC\SISL-master\src\sh6comedg.c" "C:\Workspaces\MPC\SISL-master\src\sh6connect.c" "C:\Workspaces\MPC\SISL-master\src\sh6count.c" "C:\Workspaces\MPC\SISL-master\src\sh6cvvert.c" "C:\Workspaces\MPC\SISL-master\src\sh6degen.c" "C:\Workspaces\MPC\SISL-master\src\sh6disconn.c" "C:\Workspaces\MPC\SISL-master\src\sh6edgpnt.c" "C:\Workspaces\MPC\SISL-master\src\sh6edgred.c" "C:\Workspaces\MPC\SISL-master\src\sh6evalint.c" "C:\Workspaces\MPC\SISL-master\src\sh6floop.c" "C:\Workspaces\MPC\SISL-master\src\sh6fndsplt.c" "C:\Workspaces\MPC\SISL-master\src\sh6getgeom.c" "C:\Workspaces\MPC\SISL-master\src\sh6getlist.c" "C:\Workspaces\MPC\SISL-master\src\sh6getmain.c" "C:\Workspaces\MPC\SISL-master\src\sh6getnbrs.c" "C:\Workspaces\MPC\SISL-master\src\sh6getnext.c" "C:\Workspaces\MPC\SISL-master\src\sh6getothr.c" "C:\Workspaces\MPC\SISL-master\src\sh6getprev.c" "C:\Workspaces\MPC\SISL-master\src\sh6getsegdiv.c" "C:\Workspaces\MPC\SISL-master\src\sh6gettop.c" "C:\Workspaces\MPC\SISL-master\src\sh6idaledg.c" "C:\Workspaces\MPC\SISL-master\src\sh6idcon.c" "C:\Workspaces\MPC\SISL-master\src\sh6idfcros.c" "C:\Workspaces\MPC\SISL-master\src\sh6idget.c" "C:\Workspaces\MPC\SISL-master\src\sh6idkpt.c" "C:\Workspaces\MPC\SISL-master\src\sh6idlis.c" "C:\Workspaces\MPC\SISL-master\src\sh6idnpt.c" "C:\Workspaces\MPC\SISL-master\src\sh6idnwun.c" "C:\Workspaces\MPC\SISL-master\src\sh6idput.c" "C:\Workspaces\MPC\SISL-master\src\sh6idrcros.c" "C:\Workspaces\MPC\SISL-master\src\sh6idsplit.c" "C:\Workspaces\MPC\SISL-master\src\sh6idunite.c" "C:\Workspaces\MPC\SISL-master\src\sh6insert.c" "C:\Workspaces\MPC\SISL-master\src\sh6inspnt.c" "C:\Workspaces\MPC\SISL-master\src\sh6iscnect.c" "C:\Workspaces\MPC\SISL-master\src\sh6ishelp.c" "C:\Workspaces\MPC\SISL-master\src\sh6isinsid.c" "C:\Workspaces\MPC\SISL-master\src\sh6ismain.c" "C:\Workspaces\MPC\SISL-master\src\sh6nmbhelp.c" "C:\Workspaces\MPC\SISL-master\src\sh6nmbmain.c" "C:\Workspaces\MPC\SISL-master\src\sh6ptobj.c" "C:\Workspaces\MPC\SISL-master\src\sh6ptouchp.c" "C:\Workspaces\MPC\SISL-master\src\sh6putsing.c" "C:\Workspaces\MPC\SISL-master\src\sh6red.c" "C:\Workspaces\MPC\SISL-master\src\sh6remcon.c" "C:\Workspaces\MPC\SISL-master\src\sh6rempnt.c" "C:\Workspaces\MPC\SISL-master\src\sh6sepcrv.c" "C:\Workspaces\MPC\SISL-master\src\sh6setcnsd.c" "C:\Workspaces\MPC\SISL-master\src\sh6setdir.c" "C:\Workspaces\MPC\SISL-master\src\sh6setseg.c" "C:\Workspaces\MPC\SISL-master\src\sh6settop.c" "C:\Workspaces\MPC\SISL-master\src\sh6spltgeo.c" "C:\Workspaces\MPC\SISL-master\src\sh6tohelp.c" "C:\Workspaces\MPC\SISL-master\src\sh6tomain.c" "C:\Workspaces\MPC\SISL-master\src\sh6topohlp.c" "C:\Workspaces\MPC\SISL-master\src\sh6trmlist.c" "C:\Workspaces\MPC\SISL-master\src\sh_1d_div.c" "C:\Workspaces\MPC\SISL-master\src\sh_div_crv.c" "C:\Workspaces\MPC\SISL-master\src\sh_set_at.c" "C:\Workspaces\MPC\SISL-master\src\shape.c" "C:\Workspaces\MPC\SISL-master\src\shcheckput.c" "C:\Workspaces\MPC\SISL-master\src\shchecktyp.c" "C:\Workspaces\MPC\SISL-master\src\shcsfsing.c" "C:\Workspaces\MPC\SISL-master\src\shdivsurf.c" "C:\Workspaces\MPC\SISL-master\src\shevalc.c" "C:\Workspaces\MPC\SISL-master\src\shmkhlppts.c" "C:\Workspaces\MPC\SISL-master\src\shsing.c" "C:\Workspaces\MPC\SISL-master\src\spli_silh.c" "C:\Workspaces\MPC\SISL-master\src\tstcyclknt.c"
         construct.c
         crvarctang.c
         crvcrvtang.c
         crvlintang.c
         destruct.c
         ev_cv_off.c
         eval_2_crv.c
         evalcrvarc.c
         hp_s1880.c
         intjoinper.c
         make3D.c
         makecvkreg.c
         makesfkreg.c
         maketracks.c
         mk_cv_cycl.c
         newknots.c
         pickcrvsf.c
         pocrvtang.c
         refine_all.c
         s1001.c
         s1011.c
         s1012.c
         s1013.c
         s1014.c
         s1015.c
         s1016.c
         s1017.c
         s1018.c
         s1021.c
         s1022.c
         s1023.c
         s1024.c
         s1025.c
         s1119.c
         s1161.c
         s1162.c
         s1172.c
         s1173.c
         s1174.c
         s1190.c
         s1192.c
         s1219.c
         s1220.c
         s1221.c
         s1222.c
         s1223.c
         s1224.c
         s1225.c
         s1226.c
         s1227.c
         s1231.c
         s1232.c
         s1233.c
         s1235.c
         s1236.c
         s1237.c
         s1238.c
         s1239.c
         s1240.c
         s1241.c
         s1243.c
         s1244.c
         s1245.c
         s1251.c
         s1252.c
         s1291.c
         s1301.c
         s1302.c
         s1303.c
         s1304.c
         s1305.c
         s1306.c
         s1307.c
         s1308.c
         s1309.c
         s1310.c
         s1311.c
         s1312.c
         s1313.c
         s1314.c
         s1315.c
         s1316.c
         s1317.c
         s1318.c
         s1319.c
         s1320.c
         s1321.c
         s1322.c
         s1323.c
         s1324.c
         s1325.c
         s1327.c
         s1328.c
         s1329.c
         s1330.c
         s1331.c
         s1332.c
         s1333.c
         s1333count.c
         s1333cycli.c
         s1334.c
         s1340.c
         s1341.c
         s1342.c
         s1343.c
         s1345.c
         s1346.c
         s1347.c
         s1348.c
         s1349.c
         s1350.c
         s1351.c
         s1352.c
         s1353.c
         s1354.c
         s1355.c
         s1356.c
         s1357.c
         s1358.c
         s1359.c
         s1360.c
         s1361.c
         s1362.c
         s1363.c
     1>c:\workspaces\mpc\sisl-master\src\s1355.c(166): fatal error C1001: An internal error has occurred in the compiler.
         (compiler file 'f:\dd\vctools\compiler\utc\src\p2\main.c', line 227)
          To work around this problem, try simplifying or changing the program near the locations listed above.
         Please choose the Technical Support command on the Visual C++ 
          Help menu, or open the Technical Support help file for more information
         s1364.c
         s1365.c
         s1366.c
         s1367.c
         s1369.c
         s1370.c
         s1371.c
     1>cl : Command line error D8040: error creating or communicating with child process
     1>Done Building Project "C:\Workspaces\MPC\SISL\sisl.vcxproj" (Build target(s)) -- FAILED.

Build FAILED.

Time Elapsed 00:00:05.13
