c:\workspaces\mpc\sisl\x64\debug\construct.obj
c:\workspaces\mpc\sisl\x64\debug\crvarctang.obj
c:\workspaces\mpc\sisl\x64\debug\crvcrvtang.obj
c:\workspaces\mpc\sisl\x64\debug\crvlintang.obj
c:\workspaces\mpc\sisl\x64\debug\destruct.obj
c:\workspaces\mpc\sisl\x64\debug\evalcrvarc.obj
c:\workspaces\mpc\sisl\x64\debug\eval_2_crv.obj
c:\workspaces\mpc\sisl\x64\debug\ev_cv_off.obj
c:\workspaces\mpc\sisl\x64\debug\hp_s1880.obj
c:\workspaces\mpc\sisl\x64\debug\intjoinper.obj
c:\workspaces\mpc\sisl\x64\debug\make3d.obj
c:\workspaces\mpc\sisl\x64\debug\makecvkreg.obj
c:\workspaces\mpc\sisl\x64\debug\makesfkreg.obj
c:\workspaces\mpc\sisl\x64\debug\maketracks.obj
c:\workspaces\mpc\sisl\x64\debug\mk_cv_cycl.obj
c:\workspaces\mpc\sisl\x64\debug\newknots.obj
c:\workspaces\mpc\sisl\x64\debug\pickcrvsf.obj
c:\workspaces\mpc\sisl\x64\debug\pocrvtang.obj
c:\workspaces\mpc\sisl\x64\debug\refine_all.obj
c:\workspaces\mpc\sisl\x64\debug\s1001.obj
c:\workspaces\mpc\sisl\x64\debug\s1011.obj
c:\workspaces\mpc\sisl\x64\debug\s1012.obj
c:\workspaces\mpc\sisl\x64\debug\s1013.obj
c:\workspaces\mpc\sisl\x64\debug\s1014.obj
c:\workspaces\mpc\sisl\x64\debug\s1015.obj
c:\workspaces\mpc\sisl\x64\debug\s1016.obj
c:\workspaces\mpc\sisl\x64\debug\s1017.obj
c:\workspaces\mpc\sisl\x64\debug\s1018.obj
c:\workspaces\mpc\sisl\x64\debug\s1021.obj
c:\workspaces\mpc\sisl\x64\debug\s1022.obj
c:\workspaces\mpc\sisl\x64\debug\s1023.obj
c:\workspaces\mpc\sisl\x64\debug\s1024.obj
c:\workspaces\mpc\sisl\x64\debug\s1025.obj
c:\workspaces\mpc\sisl\x64\debug\s1119.obj
c:\workspaces\mpc\sisl\x64\debug\s1161.obj
c:\workspaces\mpc\sisl\x64\debug\s1162.obj
c:\workspaces\mpc\sisl\x64\debug\s1172.obj
c:\workspaces\mpc\sisl\x64\debug\s1173.obj
c:\workspaces\mpc\sisl\x64\debug\s1174.obj
c:\workspaces\mpc\sisl\x64\debug\s1190.obj
c:\workspaces\mpc\sisl\x64\debug\s1192.obj
c:\workspaces\mpc\sisl\x64\debug\s1219.obj
c:\workspaces\mpc\sisl\x64\debug\s1220.obj
c:\workspaces\mpc\sisl\x64\debug\s1221.obj
c:\workspaces\mpc\sisl\x64\debug\s1222.obj
c:\workspaces\mpc\sisl\x64\debug\s1223.obj
c:\workspaces\mpc\sisl\x64\debug\s1224.obj
c:\workspaces\mpc\sisl\x64\debug\s1225.obj
c:\workspaces\mpc\sisl\x64\debug\s1226.obj
c:\workspaces\mpc\sisl\x64\debug\s1227.obj
c:\workspaces\mpc\sisl\x64\debug\s1231.obj
c:\workspaces\mpc\sisl\x64\debug\s1232.obj
c:\workspaces\mpc\sisl\x64\debug\s1233.obj
c:\workspaces\mpc\sisl\x64\debug\s1235.obj
c:\workspaces\mpc\sisl\x64\debug\s1236.obj
c:\workspaces\mpc\sisl\x64\debug\s1237.obj
c:\workspaces\mpc\sisl\x64\debug\s1238.obj
c:\workspaces\mpc\sisl\x64\debug\s1239.obj
c:\workspaces\mpc\sisl\x64\debug\s1240.obj
c:\workspaces\mpc\sisl\x64\debug\s1241.obj
c:\workspaces\mpc\sisl\x64\debug\s1243.obj
c:\workspaces\mpc\sisl\x64\debug\s1244.obj
c:\workspaces\mpc\sisl\x64\debug\s1245.obj
c:\workspaces\mpc\sisl\x64\debug\s1251.obj
c:\workspaces\mpc\sisl\x64\debug\s1252.obj
c:\workspaces\mpc\sisl\x64\debug\s1291.obj
c:\workspaces\mpc\sisl\x64\debug\s1301.obj
c:\workspaces\mpc\sisl\x64\debug\s1302.obj
c:\workspaces\mpc\sisl\x64\debug\s1303.obj
c:\workspaces\mpc\sisl\x64\debug\s1304.obj
c:\workspaces\mpc\sisl\x64\debug\s1305.obj
c:\workspaces\mpc\sisl\x64\debug\s1306.obj
c:\workspaces\mpc\sisl\x64\debug\s1307.obj
c:\workspaces\mpc\sisl\x64\debug\s1308.obj
c:\workspaces\mpc\sisl\x64\debug\s1309.obj
c:\workspaces\mpc\sisl\x64\debug\s1310.obj
c:\workspaces\mpc\sisl\x64\debug\s1311.obj
c:\workspaces\mpc\sisl\x64\debug\s1312.obj
c:\workspaces\mpc\sisl\x64\debug\s1313.obj
c:\workspaces\mpc\sisl\x64\debug\s1314.obj
c:\workspaces\mpc\sisl\x64\debug\s1315.obj
c:\workspaces\mpc\sisl\x64\debug\s1316.obj
c:\workspaces\mpc\sisl\x64\debug\s1317.obj
c:\workspaces\mpc\sisl\x64\debug\s1318.obj
c:\workspaces\mpc\sisl\x64\debug\s1319.obj
c:\workspaces\mpc\sisl\x64\debug\s1320.obj
c:\workspaces\mpc\sisl\x64\debug\s1321.obj
c:\workspaces\mpc\sisl\x64\debug\s1322.obj
c:\workspaces\mpc\sisl\x64\debug\s1323.obj
c:\workspaces\mpc\sisl\x64\debug\s1324.obj
c:\workspaces\mpc\sisl\x64\debug\s1325.obj
c:\workspaces\mpc\sisl\x64\debug\s1327.obj
c:\workspaces\mpc\sisl\x64\debug\s1328.obj
c:\workspaces\mpc\sisl\x64\debug\s1329.obj
c:\workspaces\mpc\sisl\x64\debug\s1330.obj
c:\workspaces\mpc\sisl\x64\debug\s1331.obj
c:\workspaces\mpc\sisl\x64\debug\s1332.obj
c:\workspaces\mpc\sisl\x64\debug\s1333.obj
c:\workspaces\mpc\sisl\x64\debug\s1333count.obj
c:\workspaces\mpc\sisl\x64\debug\s1333cycli.obj
c:\workspaces\mpc\sisl\x64\debug\s1334.obj
c:\workspaces\mpc\sisl\x64\debug\s1340.obj
c:\workspaces\mpc\sisl\x64\debug\s1341.obj
c:\workspaces\mpc\sisl\x64\debug\s1342.obj
c:\workspaces\mpc\sisl\x64\debug\s1343.obj
c:\workspaces\mpc\sisl\x64\debug\s1345.obj
c:\workspaces\mpc\sisl\x64\debug\s1346.obj
c:\workspaces\mpc\sisl\x64\debug\s1347.obj
c:\workspaces\mpc\sisl\x64\debug\s1348.obj
c:\workspaces\mpc\sisl\x64\debug\s1349.obj
c:\workspaces\mpc\sisl\x64\debug\s1350.obj
c:\workspaces\mpc\sisl\x64\debug\s1351.obj
c:\workspaces\mpc\sisl\x64\debug\s1352.obj
c:\workspaces\mpc\sisl\x64\debug\s1353.obj
c:\workspaces\mpc\sisl\x64\debug\s1354.obj
c:\workspaces\mpc\sisl\x64\debug\s1355.obj
c:\workspaces\mpc\sisl\x64\debug\s1356.obj
c:\workspaces\mpc\sisl\x64\debug\s1357.obj
c:\workspaces\mpc\sisl\x64\debug\s1358.obj
c:\workspaces\mpc\sisl\x64\debug\s1359.obj
c:\workspaces\mpc\sisl\x64\debug\s1360.obj
c:\workspaces\mpc\sisl\x64\debug\s1361.obj
c:\workspaces\mpc\sisl\x64\debug\s1362.obj
c:\workspaces\mpc\sisl\x64\debug\s1363.obj
c:\workspaces\mpc\sisl\x64\debug\s1364.obj
c:\workspaces\mpc\sisl\x64\debug\s1365.obj
c:\workspaces\mpc\sisl\x64\debug\s1366.obj
c:\workspaces\mpc\sisl\x64\debug\s1367.obj
c:\workspaces\mpc\sisl\x64\debug\s1369.obj
c:\workspaces\mpc\sisl\x64\debug\s1370.obj
c:\workspaces\mpc\sisl\x64\debug\s1371.obj
c:\workspaces\mpc\sisl\x64\debug\s1372.obj
c:\workspaces\mpc\sisl\x64\debug\s1373.obj
c:\workspaces\mpc\sisl\x64\debug\s1374.obj
c:\workspaces\mpc\sisl\x64\debug\s1375.obj
c:\workspaces\mpc\sisl\x64\debug\s1376.obj
c:\workspaces\mpc\sisl\x64\debug\s1377.obj
c:\workspaces\mpc\sisl\x64\debug\s1378.obj
c:\workspaces\mpc\sisl\x64\debug\s1379.obj
c:\workspaces\mpc\sisl\x64\debug\s1380.obj
c:\workspaces\mpc\sisl\x64\debug\s1381.obj
c:\workspaces\mpc\sisl\x64\debug\s1382.obj
c:\workspaces\mpc\sisl\x64\debug\s1383.obj
c:\workspaces\mpc\sisl\x64\debug\s1384.obj
c:\workspaces\mpc\sisl\x64\debug\s1385.obj
c:\workspaces\mpc\sisl\x64\debug\s1386.obj
c:\workspaces\mpc\sisl\x64\debug\s1387.obj
c:\workspaces\mpc\sisl\x64\debug\s1388.obj
c:\workspaces\mpc\sisl\x64\debug\s1389.obj
c:\workspaces\mpc\sisl\x64\debug\s1390.obj
c:\workspaces\mpc\sisl\x64\debug\s1391.obj
c:\workspaces\mpc\sisl\x64\debug\s1393.obj
c:\workspaces\mpc\sisl\x64\debug\s1399.obj
c:\workspaces\mpc\sisl\x64\debug\s1401.obj
c:\workspaces\mpc\sisl\x64\debug\s1421.obj
c:\workspaces\mpc\sisl\x64\debug\s1422.obj
c:\workspaces\mpc\sisl\x64\debug\s1424.obj
c:\workspaces\mpc\sisl\x64\debug\s1425.obj
c:\workspaces\mpc\sisl\x64\debug\s1435.obj
c:\workspaces\mpc\sisl\x64\debug\s1436.obj
c:\workspaces\mpc\sisl\x64\debug\s1437.obj
c:\workspaces\mpc\sisl\x64\debug\s1438.obj
c:\workspaces\mpc\sisl\x64\debug\s1439.obj
c:\workspaces\mpc\sisl\x64\debug\s1440.obj
c:\workspaces\mpc\sisl\x64\debug\s1450.obj
c:\workspaces\mpc\sisl\x64\debug\s1451.obj
c:\workspaces\mpc\sisl\x64\debug\s1452.obj
c:\workspaces\mpc\sisl\x64\debug\s1500.obj
c:\workspaces\mpc\sisl\x64\debug\s1501.obj
c:\workspaces\mpc\sisl\x64\debug\s1502.obj
c:\workspaces\mpc\sisl\x64\debug\s1503.obj
c:\workspaces\mpc\sisl\x64\debug\s1504.obj
c:\workspaces\mpc\sisl\x64\debug\s1505.obj
c:\workspaces\mpc\sisl\x64\debug\s1506.obj
c:\workspaces\mpc\sisl\x64\debug\s1507.obj
c:\workspaces\mpc\sisl\x64\debug\s1508.obj
c:\workspaces\mpc\sisl\x64\debug\s1510.obj
c:\workspaces\mpc\sisl\x64\debug\s1511.obj
c:\workspaces\mpc\sisl\x64\debug\s1512.obj
c:\workspaces\mpc\sisl\x64\debug\s1513.obj
c:\workspaces\mpc\sisl\x64\debug\s1514.obj
c:\workspaces\mpc\sisl\x64\debug\s1515.obj
c:\workspaces\mpc\sisl\x64\debug\s1516.obj
c:\workspaces\mpc\sisl\x64\debug\s1517.obj
c:\workspaces\mpc\sisl\x64\debug\s1518.obj
c:\workspaces\mpc\sisl\x64\debug\s1520.obj
c:\workspaces\mpc\sisl\x64\debug\s1521.obj
c:\workspaces\mpc\sisl\x64\debug\s1522.obj
c:\workspaces\mpc\sisl\x64\debug\s1528.obj
c:\workspaces\mpc\sisl\x64\debug\s1529.obj
c:\workspaces\mpc\sisl\x64\debug\s1530.obj
c:\workspaces\mpc\sisl\x64\debug\s1531.obj
c:\workspaces\mpc\sisl\x64\debug\s1534.obj
c:\workspaces\mpc\sisl\x64\debug\s1535.obj
c:\workspaces\mpc\sisl\x64\debug\s1536.obj
c:\workspaces\mpc\sisl\x64\debug\s1537.obj
c:\workspaces\mpc\sisl\x64\debug\s1538.obj
c:\workspaces\mpc\sisl\x64\debug\s1539.obj
c:\workspaces\mpc\sisl\x64\debug\s1540.obj
c:\workspaces\mpc\sisl\x64\debug\s1541.obj
c:\workspaces\mpc\sisl\x64\debug\s1542.obj
c:\workspaces\mpc\sisl\x64\debug\s1600.obj
c:\workspaces\mpc\sisl\x64\debug\s1601.obj
c:\workspaces\mpc\sisl\x64\debug\s1602.obj
c:\workspaces\mpc\sisl\x64\debug\s1603.obj
c:\workspaces\mpc\sisl\x64\debug\s1604.obj
c:\workspaces\mpc\sisl\x64\debug\s1605.obj
c:\workspaces\mpc\sisl\x64\debug\s1606.obj
c:\workspaces\mpc\sisl\x64\debug\s1607.obj
c:\workspaces\mpc\sisl\x64\debug\s1608.obj
c:\workspaces\mpc\sisl\x64\debug\s1609.obj
c:\workspaces\mpc\sisl\x64\debug\s1611.obj
c:\workspaces\mpc\sisl\x64\debug\s1612.obj
c:\workspaces\mpc\sisl\x64\debug\s1613.obj
c:\workspaces\mpc\sisl\x64\debug\s1613bez.obj
c:\workspaces\mpc\sisl\x64\debug\s1614.obj
c:\workspaces\mpc\sisl\x64\debug\s1615.obj
c:\workspaces\mpc\sisl\x64\debug\s1616.obj
c:\workspaces\mpc\sisl\x64\debug\s1617.obj
c:\workspaces\mpc\sisl\x64\debug\s1618.obj
c:\workspaces\mpc\sisl\x64\debug\s1619.obj
c:\workspaces\mpc\sisl\x64\debug\s1620.obj
c:\workspaces\mpc\sisl\x64\debug\s1630.obj
c:\workspaces\mpc\sisl\x64\debug\s1631.obj
c:\workspaces\mpc\sisl\x64\debug\s1700.obj
c:\workspaces\mpc\sisl\x64\debug\s1701.obj
c:\workspaces\mpc\sisl\x64\debug\s1705.obj
c:\workspaces\mpc\sisl\x64\debug\s1706.obj
c:\workspaces\mpc\sisl\x64\debug\s1707.obj
c:\workspaces\mpc\sisl\x64\debug\s1708.obj
c:\workspaces\mpc\sisl\x64\debug\s1710.obj
c:\workspaces\mpc\sisl\x64\debug\s1711.obj
c:\workspaces\mpc\sisl\x64\debug\s1712.obj
c:\workspaces\mpc\sisl\x64\debug\s1713.obj
c:\workspaces\mpc\sisl\x64\debug\s1714.obj
c:\workspaces\mpc\sisl\x64\debug\s1715.obj
c:\workspaces\mpc\sisl\x64\debug\s1716.obj
c:\workspaces\mpc\sisl\x64\debug\s1720.obj
c:\workspaces\mpc\sisl\x64\debug\s1730.obj
c:\workspaces\mpc\sisl\x64\debug\s1731.obj
c:\workspaces\mpc\sisl\x64\debug\s1732.obj
c:\workspaces\mpc\sisl\x64\debug\s1733.obj
c:\workspaces\mpc\sisl\x64\debug\s1741.obj
c:\workspaces\mpc\sisl\x64\debug\s1750.obj
c:\workspaces\mpc\sisl\x64\debug\s1753.obj
c:\workspaces\mpc\sisl\x64\debug\s1754.obj
c:\workspaces\mpc\sisl\x64\debug\s1755.obj
c:\workspaces\mpc\sisl\x64\debug\s1770.obj
c:\workspaces\mpc\sisl\x64\debug\s17702d.obj
c:\workspaces\mpc\sisl\x64\debug\s1771.obj
c:\workspaces\mpc\sisl\x64\debug\s1772.obj
c:\workspaces\mpc\sisl\x64\debug\s1773.obj
c:\workspaces\mpc\sisl\x64\debug\s1774.obj
c:\workspaces\mpc\sisl\x64\debug\s1775.obj
c:\workspaces\mpc\sisl\x64\debug\s1780.obj
c:\workspaces\mpc\sisl\x64\debug\s1785.obj
c:\workspaces\mpc\sisl\x64\debug\s1786.obj
c:\workspaces\mpc\sisl\x64\debug\s1787.obj
c:\workspaces\mpc\sisl\x64\debug\s1788.obj
c:\workspaces\mpc\sisl\x64\debug\s1789.obj
c:\workspaces\mpc\sisl\x64\debug\s1790.obj
c:\workspaces\mpc\sisl\x64\debug\s1791.obj
c:\workspaces\mpc\sisl\x64\debug\s1792.obj
c:\workspaces\mpc\sisl\x64\debug\s1795.obj
c:\workspaces\mpc\sisl\x64\debug\s1796.obj
c:\workspaces\mpc\sisl\x64\debug\s1797.obj
c:\workspaces\mpc\sisl\x64\debug\s1830.obj
c:\workspaces\mpc\sisl\x64\debug\s1834.obj
c:\workspaces\mpc\sisl\x64\debug\s1839.obj
c:\workspaces\mpc\sisl\x64\debug\s1840.obj
c:\workspaces\mpc\sisl\x64\debug\s1850.obj
c:\workspaces\mpc\sisl\x64\debug\s1851.obj
c:\workspaces\mpc\sisl\x64\debug\s1852.obj
c:\workspaces\mpc\sisl\x64\debug\s1853.obj
c:\workspaces\mpc\sisl\x64\debug\s1854.obj
c:\workspaces\mpc\sisl\x64\debug\s1855.obj
c:\workspaces\mpc\sisl\x64\debug\s1856.obj
c:\workspaces\mpc\sisl\x64\debug\s1857.obj
c:\workspaces\mpc\sisl\x64\debug\s1858.obj
c:\workspaces\mpc\sisl\x64\debug\s1859.obj
c:\workspaces\mpc\sisl\x64\debug\s1860.obj
c:\workspaces\mpc\sisl\x64\debug\s1870.obj
c:\workspaces\mpc\sisl\x64\debug\s1871.obj
c:\workspaces\mpc\sisl\x64\debug\s1880.obj
c:\workspaces\mpc\sisl\x64\debug\s1890.obj
c:\workspaces\mpc\sisl\x64\debug\s1891.obj
c:\workspaces\mpc\sisl\x64\debug\s1893.obj
c:\workspaces\mpc\sisl\x64\debug\s1894.obj
c:\workspaces\mpc\sisl\x64\debug\s1896.obj
c:\workspaces\mpc\sisl\x64\debug\s1897.obj
c:\workspaces\mpc\sisl\x64\debug\s1900.obj
c:\workspaces\mpc\sisl\x64\debug\s1901.obj
c:\workspaces\mpc\sisl\x64\debug\s1902.obj
c:\workspaces\mpc\sisl\x64\debug\s1903.obj
c:\workspaces\mpc\sisl\x64\debug\s1904.obj
c:\workspaces\mpc\sisl\x64\debug\s1905.obj
c:\workspaces\mpc\sisl\x64\debug\s1906.obj
c:\workspaces\mpc\sisl\x64\debug\s1907.obj
c:\workspaces\mpc\sisl\x64\debug\s1908.obj
c:\workspaces\mpc\sisl\x64\debug\s1909.obj
c:\workspaces\mpc\sisl\x64\debug\s1910.obj
c:\workspaces\mpc\sisl\x64\debug\s1911.obj
c:\workspaces\mpc\sisl\x64\debug\s1912.obj
c:\workspaces\mpc\sisl\x64\debug\s1916.obj
c:\workspaces\mpc\sisl\x64\debug\s1917.obj
c:\workspaces\mpc\sisl\x64\debug\s1918.obj
c:\workspaces\mpc\sisl\x64\debug\s1919.obj
c:\workspaces\mpc\sisl\x64\debug\s1920.obj
c:\workspaces\mpc\sisl\x64\debug\s1921.obj
c:\workspaces\mpc\sisl\x64\debug\s1924.obj
c:\workspaces\mpc\sisl\x64\debug\s1925.obj
c:\workspaces\mpc\sisl\x64\debug\s1926.obj
c:\workspaces\mpc\sisl\x64\debug\s1927.obj
c:\workspaces\mpc\sisl\x64\debug\s1930.obj
c:\workspaces\mpc\sisl\x64\debug\s1931.obj
c:\workspaces\mpc\sisl\x64\debug\s1931unit.obj
c:\workspaces\mpc\sisl\x64\debug\s1932.obj
c:\workspaces\mpc\sisl\x64\debug\s1933.obj
c:\workspaces\mpc\sisl\x64\debug\s1934.obj
c:\workspaces\mpc\sisl\x64\debug\s1935.obj
c:\workspaces\mpc\sisl\x64\debug\s1936.obj
c:\workspaces\mpc\sisl\x64\debug\s1937.obj
c:\workspaces\mpc\sisl\x64\debug\s1938.obj
c:\workspaces\mpc\sisl\x64\debug\s1940.obj
c:\workspaces\mpc\sisl\x64\debug\s1941.obj
c:\workspaces\mpc\sisl\x64\debug\s1942.obj
c:\workspaces\mpc\sisl\x64\debug\s1943.obj
c:\workspaces\mpc\sisl\x64\debug\s1944.obj
c:\workspaces\mpc\sisl\x64\debug\s1945.obj
c:\workspaces\mpc\sisl\x64\debug\s1946.obj
c:\workspaces\mpc\sisl\x64\debug\s1947.obj
c:\workspaces\mpc\sisl\x64\debug\s1948.obj
c:\workspaces\mpc\sisl\x64\debug\s1949.obj
c:\workspaces\mpc\sisl\x64\debug\s1950.obj
c:\workspaces\mpc\sisl\x64\debug\s1951.obj
c:\workspaces\mpc\sisl\x64\debug\s1953.obj
c:\workspaces\mpc\sisl\x64\debug\s1954.obj
c:\workspaces\mpc\sisl\x64\debug\s1955.obj
c:\workspaces\mpc\sisl\x64\debug\s1956.obj
c:\workspaces\mpc\sisl\x64\debug\s1957.obj
c:\workspaces\mpc\sisl\x64\debug\s1958.obj
c:\workspaces\mpc\sisl\x64\debug\s1959.obj
c:\workspaces\mpc\sisl\x64\debug\s1960.obj
c:\workspaces\mpc\sisl\x64\debug\s1961.obj
c:\workspaces\mpc\sisl\x64\debug\s1962.obj
c:\workspaces\mpc\sisl\x64\debug\s1963.obj
c:\workspaces\mpc\sisl\x64\debug\s1965.obj
c:\workspaces\mpc\sisl\x64\debug\s1966.obj
c:\workspaces\mpc\sisl\x64\debug\s1967.obj
c:\workspaces\mpc\sisl\x64\debug\s1968.obj
c:\workspaces\mpc\sisl\x64\debug\s1986.obj
c:\workspaces\mpc\sisl\x64\debug\s1987.obj
c:\workspaces\mpc\sisl\x64\debug\s1988.obj
c:\workspaces\mpc\sisl\x64\debug\s1989.obj
c:\workspaces\mpc\sisl\x64\debug\s1990.obj
c:\workspaces\mpc\sisl\x64\debug\s1991.obj
c:\workspaces\mpc\sisl\x64\debug\s1992.obj
c:\workspaces\mpc\sisl\x64\debug\s1993.obj
c:\workspaces\mpc\sisl\x64\debug\s1994.obj
c:\workspaces\mpc\sisl\x64\debug\s2500.obj
c:\workspaces\mpc\sisl\x64\debug\s2501.obj
c:\workspaces\mpc\sisl\x64\debug\s2502.obj
c:\workspaces\mpc\sisl\x64\debug\s2503.obj
c:\workspaces\mpc\sisl\x64\debug\s2504.obj
c:\workspaces\mpc\sisl\x64\debug\s2505.obj
c:\workspaces\mpc\sisl\x64\debug\s2506.obj
c:\workspaces\mpc\sisl\x64\debug\s2507.obj
c:\workspaces\mpc\sisl\x64\debug\s2508.obj
c:\workspaces\mpc\sisl\x64\debug\s2509.obj
c:\workspaces\mpc\sisl\x64\debug\s2510.obj
c:\workspaces\mpc\sisl\x64\debug\s2511.obj
c:\workspaces\mpc\sisl\x64\debug\s2512.obj
c:\workspaces\mpc\sisl\x64\debug\s2513.obj
c:\workspaces\mpc\sisl\x64\debug\s2514.obj
c:\workspaces\mpc\sisl\x64\debug\s2515.obj
c:\workspaces\mpc\sisl\x64\debug\s2516.obj
c:\workspaces\mpc\sisl\x64\debug\s2532.obj
c:\workspaces\mpc\sisl\x64\debug\s2533.obj
c:\workspaces\mpc\sisl\x64\debug\s2534.obj
c:\workspaces\mpc\sisl\x64\debug\s2535.obj
c:\workspaces\mpc\sisl\x64\debug\s2536.obj
c:\workspaces\mpc\sisl\x64\debug\s2540.obj
c:\workspaces\mpc\sisl\x64\debug\s2541.obj
c:\workspaces\mpc\sisl\x64\debug\s2542.obj
c:\workspaces\mpc\sisl\x64\debug\s2543.obj
c:\workspaces\mpc\sisl\x64\debug\s2544.obj
c:\workspaces\mpc\sisl\x64\debug\s2545.obj
c:\workspaces\mpc\sisl\x64\debug\s2550.obj
c:\workspaces\mpc\sisl\x64\debug\s2551.obj
c:\workspaces\mpc\sisl\x64\debug\s2553.obj
c:\workspaces\mpc\sisl\x64\debug\s2554.obj
c:\workspaces\mpc\sisl\x64\debug\s2555.obj
c:\workspaces\mpc\sisl\x64\debug\s2556.obj
c:\workspaces\mpc\sisl\x64\debug\s2557.obj
c:\workspaces\mpc\sisl\x64\debug\s2558.obj
c:\workspaces\mpc\sisl\x64\debug\s2559.obj
c:\workspaces\mpc\sisl\x64\debug\s2560.obj
c:\workspaces\mpc\sisl\x64\debug\s2561.obj
c:\workspaces\mpc\sisl\x64\debug\s2562.obj
c:\workspaces\mpc\sisl\x64\debug\s6addcurve.obj
c:\workspaces\mpc\sisl\x64\debug\s6affdist.obj
c:\workspaces\mpc\sisl\x64\debug\s6ang.obj
c:\workspaces\mpc\sisl\x64\debug\s6angle.obj
c:\workspaces\mpc\sisl\x64\debug\s6castelja.obj
c:\workspaces\mpc\sisl\x64\debug\s6chpar.obj
c:\workspaces\mpc\sisl\x64\debug\s6crss.obj
c:\workspaces\mpc\sisl\x64\debug\s6crvature.obj
c:\workspaces\mpc\sisl\x64\debug\s6crvcheck.obj
c:\workspaces\mpc\sisl\x64\debug\s6curvrad.obj
c:\workspaces\mpc\sisl\x64\debug\s6decomp.obj
c:\workspaces\mpc\sisl\x64\debug\s6degnorm.obj
c:\workspaces\mpc\sisl\x64\debug\s6dertopt.obj
c:\workspaces\mpc\sisl\x64\debug\s6diff.obj
c:\workspaces\mpc\sisl\x64\debug\s6dist.obj
c:\workspaces\mpc\sisl\x64\debug\s6dline.obj
c:\workspaces\mpc\sisl\x64\debug\s6dplane.obj
c:\workspaces\mpc\sisl\x64\debug\s6drawseq.obj
c:\workspaces\mpc\sisl\x64\debug\s6equal.obj
c:\workspaces\mpc\sisl\x64\debug\s6err.obj
c:\workspaces\mpc\sisl\x64\debug\s6existbox.obj
c:\workspaces\mpc\sisl\x64\debug\s6findfac.obj
c:\workspaces\mpc\sisl\x64\debug\s6fndintv.obj
c:\workspaces\mpc\sisl\x64\debug\s6herm.obj
c:\workspaces\mpc\sisl\x64\debug\s6herm_bez.obj
c:\workspaces\mpc\sisl\x64\debug\s6idcon.obj
c:\workspaces\mpc\sisl\x64\debug\s6idcpt.obj
c:\workspaces\mpc\sisl\x64\debug\s6idedg.obj
c:\workspaces\mpc\sisl\x64\debug\s6identify.obj
c:\workspaces\mpc\sisl\x64\debug\s6idget.obj
c:\workspaces\mpc\sisl\x64\debug\s6idint.obj
c:\workspaces\mpc\sisl\x64\debug\s6idklist.obj
c:\workspaces\mpc\sisl\x64\debug\s6idkpt.obj
c:\workspaces\mpc\sisl\x64\debug\s6idlis.obj
c:\workspaces\mpc\sisl\x64\debug\s6idnpt.obj
c:\workspaces\mpc\sisl\x64\debug\s6idput.obj
c:\workspaces\mpc\sisl\x64\debug\s6inv4.obj
c:\workspaces\mpc\sisl\x64\debug\s6invert.obj
c:\workspaces\mpc\sisl\x64\debug\s6knotmult.obj
c:\workspaces\mpc\sisl\x64\debug\s6length.obj
c:\workspaces\mpc\sisl\x64\debug\s6line.obj
c:\workspaces\mpc\sisl\x64\debug\s6lprj.obj
c:\workspaces\mpc\sisl\x64\debug\s6lufacp.obj
c:\workspaces\mpc\sisl\x64\debug\s6lusolp.obj
c:\workspaces\mpc\sisl\x64\debug\s6metric.obj
c:\workspaces\mpc\sisl\x64\debug\s6move.obj
c:\workspaces\mpc\sisl\x64\debug\s6mulvec.obj
c:\workspaces\mpc\sisl\x64\debug\s6mvec.obj
c:\workspaces\mpc\sisl\x64\debug\s6newbox.obj
c:\workspaces\mpc\sisl\x64\debug\s6norm.obj
c:\workspaces\mpc\sisl\x64\debug\s6ratder.obj
c:\workspaces\mpc\sisl\x64\debug\s6rotax.obj
c:\workspaces\mpc\sisl\x64\debug\s6rotmat.obj
c:\workspaces\mpc\sisl\x64\debug\s6schoen.obj
c:\workspaces\mpc\sisl\x64\debug\s6scpr.obj
c:\workspaces\mpc\sisl\x64\debug\s6sortpar.obj
c:\workspaces\mpc\sisl\x64\debug\s6sratder.obj
c:\workspaces\mpc\sisl\x64\debug\s6strider.obj
c:\workspaces\mpc\sisl\x64\debug\s6takunion.obj
c:\workspaces\mpc\sisl\x64\debug\s6twonorm.obj
c:\workspaces\mpc\sisl\x64\debug\s9adsimp.obj
c:\workspaces\mpc\sisl\x64\debug\s9adstep.obj
c:\workspaces\mpc\sisl\x64\debug\s9boundimp.obj
c:\workspaces\mpc\sisl\x64\debug\s9boundit.obj
c:\workspaces\mpc\sisl\x64\debug\s9clipimp.obj
c:\workspaces\mpc\sisl\x64\debug\s9clipit.obj
c:\workspaces\mpc\sisl\x64\debug\s9conmarch.obj
c:\workspaces\mpc\sisl\x64\debug\s9iterate.obj
c:\workspaces\mpc\sisl\x64\debug\s9iterimp.obj
c:\workspaces\mpc\sisl\x64\debug\s9smplknot.obj
c:\workspaces\mpc\sisl\x64\debug\s9surmarch.obj
c:\workspaces\mpc\sisl\x64\debug\sh1260.obj
c:\workspaces\mpc\sisl\x64\debug\sh1261.obj
c:\workspaces\mpc\sisl\x64\debug\sh1262.obj
c:\workspaces\mpc\sisl\x64\debug\sh1263.obj
c:\workspaces\mpc\sisl\x64\debug\sh1365.obj
c:\workspaces\mpc\sisl\x64\debug\sh1369.obj
c:\workspaces\mpc\sisl\x64\debug\sh1371.obj
c:\workspaces\mpc\sisl\x64\debug\sh1372.obj
c:\workspaces\mpc\sisl\x64\debug\sh1373.obj
c:\workspaces\mpc\sisl\x64\debug\sh1374.obj
c:\workspaces\mpc\sisl\x64\debug\sh1375.obj
c:\workspaces\mpc\sisl\x64\debug\sh1460.obj
c:\workspaces\mpc\sisl\x64\debug\sh1461.obj
c:\workspaces\mpc\sisl\x64\debug\sh1462.obj
c:\workspaces\mpc\sisl\x64\debug\sh1463.obj
c:\workspaces\mpc\sisl\x64\debug\sh1464.obj
c:\workspaces\mpc\sisl\x64\debug\sh1465.obj
c:\workspaces\mpc\sisl\x64\debug\sh1466.obj
c:\workspaces\mpc\sisl\x64\debug\sh1467.obj
c:\workspaces\mpc\sisl\x64\debug\sh1502.obj
c:\workspaces\mpc\sisl\x64\debug\sh1503.obj
c:\workspaces\mpc\sisl\x64\debug\sh1510.obj
c:\workspaces\mpc\sisl\x64\debug\sh1511.obj
c:\workspaces\mpc\sisl\x64\debug\sh1761.obj
c:\workspaces\mpc\sisl\x64\debug\sh1762.obj
c:\workspaces\mpc\sisl\x64\debug\sh1779.obj
c:\workspaces\mpc\sisl\x64\debug\sh1779_at.obj
c:\workspaces\mpc\sisl\x64\debug\sh1780.obj
c:\workspaces\mpc\sisl\x64\debug\sh1780_at.obj
c:\workspaces\mpc\sisl\x64\debug\sh1781.obj
c:\workspaces\mpc\sisl\x64\debug\sh1781_at.obj
c:\workspaces\mpc\sisl\x64\debug\sh1782.obj
c:\workspaces\mpc\sisl\x64\debug\sh1783.obj
c:\workspaces\mpc\sisl\x64\debug\sh1784.obj
c:\workspaces\mpc\sisl\x64\debug\sh1786.obj
c:\workspaces\mpc\sisl\x64\debug\sh1787.obj
c:\workspaces\mpc\sisl\x64\debug\sh1790.obj
c:\workspaces\mpc\sisl\x64\debug\sh1794.obj
c:\workspaces\mpc\sisl\x64\debug\sh1830.obj
c:\workspaces\mpc\sisl\x64\debug\sh1831.obj
c:\workspaces\mpc\sisl\x64\debug\sh1834.obj
c:\workspaces\mpc\sisl\x64\debug\sh1839.obj
c:\workspaces\mpc\sisl\x64\debug\sh1850.obj
c:\workspaces\mpc\sisl\x64\debug\sh1851.obj
c:\workspaces\mpc\sisl\x64\debug\sh1852.obj
c:\workspaces\mpc\sisl\x64\debug\sh1853.obj
c:\workspaces\mpc\sisl\x64\debug\sh1854.obj
c:\workspaces\mpc\sisl\x64\debug\sh1855.obj
c:\workspaces\mpc\sisl\x64\debug\sh1856.obj
c:\workspaces\mpc\sisl\x64\debug\sh1857.obj
c:\workspaces\mpc\sisl\x64\debug\sh1858.obj
c:\workspaces\mpc\sisl\x64\debug\sh1859.obj
c:\workspaces\mpc\sisl\x64\debug\sh1860.obj
c:\workspaces\mpc\sisl\x64\debug\sh1870.obj
c:\workspaces\mpc\sisl\x64\debug\sh1871.obj
c:\workspaces\mpc\sisl\x64\debug\sh1922.obj
c:\workspaces\mpc\sisl\x64\debug\sh1923.obj
c:\workspaces\mpc\sisl\x64\debug\sh1924.obj
c:\workspaces\mpc\sisl\x64\debug\sh1925.obj
c:\workspaces\mpc\sisl\x64\debug\sh1926.obj
c:\workspaces\mpc\sisl\x64\debug\sh1927.obj
c:\workspaces\mpc\sisl\x64\debug\sh1928.obj
c:\workspaces\mpc\sisl\x64\debug\sh1929.obj
c:\workspaces\mpc\sisl\x64\debug\sh1930.obj
c:\workspaces\mpc\sisl\x64\debug\sh1992.obj
c:\workspaces\mpc\sisl\x64\debug\sh1993.obj
c:\workspaces\mpc\sisl\x64\debug\sh1994.obj
c:\workspaces\mpc\sisl\x64\debug\sh6clvert.obj
c:\workspaces\mpc\sisl\x64\debug\sh6comedg.obj
c:\workspaces\mpc\sisl\x64\debug\sh6connect.obj
c:\workspaces\mpc\sisl\x64\debug\sh6count.obj
c:\workspaces\mpc\sisl\x64\debug\sh6cvvert.obj
c:\workspaces\mpc\sisl\x64\debug\sh6degen.obj
c:\workspaces\mpc\sisl\x64\debug\sh6disconn.obj
c:\workspaces\mpc\sisl\x64\debug\sh6edgpnt.obj
c:\workspaces\mpc\sisl\x64\debug\sh6edgred.obj
c:\workspaces\mpc\sisl\x64\debug\sh6evalint.obj
c:\workspaces\mpc\sisl\x64\debug\sh6floop.obj
c:\workspaces\mpc\sisl\x64\debug\sh6fndsplt.obj
c:\workspaces\mpc\sisl\x64\debug\sh6getgeom.obj
c:\workspaces\mpc\sisl\x64\debug\sh6getlist.obj
c:\workspaces\mpc\sisl\x64\debug\sh6getmain.obj
c:\workspaces\mpc\sisl\x64\debug\sh6getnbrs.obj
c:\workspaces\mpc\sisl\x64\debug\sh6getnext.obj
c:\workspaces\mpc\sisl\x64\debug\sh6getothr.obj
c:\workspaces\mpc\sisl\x64\debug\sh6getprev.obj
c:\workspaces\mpc\sisl\x64\debug\sh6getsegdiv.obj
c:\workspaces\mpc\sisl\x64\debug\sh6gettop.obj
c:\workspaces\mpc\sisl\x64\debug\sh6idaledg.obj
c:\workspaces\mpc\sisl\x64\debug\sh6idcon.obj
c:\workspaces\mpc\sisl\x64\debug\sh6idfcros.obj
c:\workspaces\mpc\sisl\x64\debug\sh6idget.obj
c:\workspaces\mpc\sisl\x64\debug\sh6idkpt.obj
c:\workspaces\mpc\sisl\x64\debug\sh6idlis.obj
c:\workspaces\mpc\sisl\x64\debug\sh6idnpt.obj
c:\workspaces\mpc\sisl\x64\debug\sh6idnwun.obj
c:\workspaces\mpc\sisl\x64\debug\sh6idput.obj
c:\workspaces\mpc\sisl\x64\debug\sh6idrcros.obj
c:\workspaces\mpc\sisl\x64\debug\sh6idsplit.obj
c:\workspaces\mpc\sisl\x64\debug\sh6idunite.obj
c:\workspaces\mpc\sisl\x64\debug\sh6insert.obj
c:\workspaces\mpc\sisl\x64\debug\sh6inspnt.obj
c:\workspaces\mpc\sisl\x64\debug\sh6iscnect.obj
c:\workspaces\mpc\sisl\x64\debug\sh6ishelp.obj
c:\workspaces\mpc\sisl\x64\debug\sh6isinsid.obj
c:\workspaces\mpc\sisl\x64\debug\sh6ismain.obj
c:\workspaces\mpc\sisl\x64\debug\sh6nmbhelp.obj
c:\workspaces\mpc\sisl\x64\debug\sh6nmbmain.obj
c:\workspaces\mpc\sisl\x64\debug\sh6ptobj.obj
c:\workspaces\mpc\sisl\x64\debug\sh6ptouchp.obj
c:\workspaces\mpc\sisl\x64\debug\sh6putsing.obj
c:\workspaces\mpc\sisl\x64\debug\sh6red.obj
c:\workspaces\mpc\sisl\x64\debug\sh6remcon.obj
c:\workspaces\mpc\sisl\x64\debug\sh6rempnt.obj
c:\workspaces\mpc\sisl\x64\debug\sh6sepcrv.obj
c:\workspaces\mpc\sisl\x64\debug\sh6setcnsd.obj
c:\workspaces\mpc\sisl\x64\debug\sh6setdir.obj
c:\workspaces\mpc\sisl\x64\debug\sh6setseg.obj
c:\workspaces\mpc\sisl\x64\debug\sh6settop.obj
c:\workspaces\mpc\sisl\x64\debug\sh6spltgeo.obj
c:\workspaces\mpc\sisl\x64\debug\sh6tohelp.obj
c:\workspaces\mpc\sisl\x64\debug\sh6tomain.obj
c:\workspaces\mpc\sisl\x64\debug\sh6topohlp.obj
c:\workspaces\mpc\sisl\x64\debug\sh6trmlist.obj
c:\workspaces\mpc\sisl\x64\debug\shape.obj
c:\workspaces\mpc\sisl\x64\debug\shcheckput.obj
c:\workspaces\mpc\sisl\x64\debug\shchecktyp.obj
c:\workspaces\mpc\sisl\x64\debug\shcsfsing.obj
c:\workspaces\mpc\sisl\x64\debug\shdivsurf.obj
c:\workspaces\mpc\sisl\x64\debug\shevalc.obj
c:\workspaces\mpc\sisl\x64\debug\shmkhlppts.obj
c:\workspaces\mpc\sisl\x64\debug\shsing.obj
c:\workspaces\mpc\sisl\x64\debug\sh_1d_div.obj
c:\workspaces\mpc\sisl\x64\debug\sh_div_crv.obj
c:\workspaces\mpc\sisl\x64\debug\sh_set_at.obj
c:\workspaces\mpc\sisl\x64\debug\spli_silh.obj
c:\workspaces\mpc\sisl\x64\debug\tstcyclknt.obj
c:\workspaces\mpc\sisl\x64\debug\vc120.pdb
