Build started 22/03/2020 09:10:35.
     1>Project "C:\Workspaces\MPC\SISL\sisl.vcxproj" on node 2 (Build target(s)).
     1>C:\Program Files (x86)\MSBuild\Microsoft.Cpp\v4.0\V120\Microsoft.CppBuild.targets(381,5): warning MSB8028: The intermediate directory (x64\Debug\) contains files shared from another project (SislNurbs.vcxproj).  This can lead to incorrect clean and rebuild behavior.
     1>ClCompile:
         C:\Program Files (x86)\Microsoft Visual Studio 12.0\VC\bin\x86_amd64\CL.exe /c /I"C:\Workspaces\MPC\SISL-master\include" /Zi /nologo /W3 /WX- /MP8 /Od /Ob0 /D WIN32 /D _WINDOWS /D _SCL_SECURE_NO_WARNINGS /D _CRT_SECURE_NO_WARNINGS /D "CMAKE_INTDIR=\"Debug\"" /D _MBCS /Gm- /RTC1 /MDd /GS /fp:precise /Zc:wchar_t /Zc:forScope /Fo"x64\Debug\\" /Fd"x64\Debug\vc120.pdb" /Gd /TC /errorReport:prompt "C:\Workspaces\MPC\SISL-master\src\construct.c" "C:\Workspaces\MPC\SISL-master\src\crvarctang.c" "C:\Workspaces\MPC\SISL-master\src\crvcrvtang.c" "C:\Workspaces\MPC\SISL-master\src\crvlintang.c" "C:\Workspaces\MPC\SISL-master\src\destruct.c" "C:\Workspaces\MPC\SISL-master\src\ev_cv_off.c" "C:\Workspaces\MPC\SISL-master\src\eval_2_crv.c" "C:\Workspaces\MPC\SISL-master\src\evalcrvarc.c" "C:\Workspaces\MPC\SISL-master\src\hp_s1880.c" "C:\Workspaces\MPC\SISL-master\src\intjoinper.c" "C:\Workspaces\MPC\SISL-master\src\make3D.c" "C:\Workspaces\MPC\SISL-master\src\makecvkreg.c" "C:\Workspaces\MPC\SISL-master\src\makesfkreg.c" "C:\Workspaces\MPC\SISL-master\src\maketracks.c" "C:\Workspaces\MPC\SISL-master\src\mk_cv_cycl.c" "C:\Workspaces\MPC\SISL-master\src\newknots.c" "C:\Workspaces\MPC\SISL-master\src\pickcrvsf.c" "C:\Workspaces\MPC\SISL-master\src\pocrvtang.c" "C:\Workspaces\MPC\SISL-master\src\refine_all.c" "C:\Workspaces\MPC\SISL-master\src\s1001.c" "C:\Workspaces\MPC\SISL-master\src\s1011.c" "C:\Workspaces\MPC\SISL-master\src\s1012.c" "C:\Workspaces\MPC\SISL-master\src\s1013.c" "C:\Workspaces\MPC\SISL-master\src\s1014.c" "C:\Workspaces\MPC\SISL-master\src\s1015.c" "C:\Workspaces\MPC\SISL-master\src\s1016.c" "C:\Workspaces\MPC\SISL-master\src\s1017.c" "C:\Workspaces\MPC\SISL-master\src\s1018.c" "C:\Workspaces\MPC\SISL-master\src\s1021.c" "C:\Workspaces\MPC\SISL-master\src\s1022.c" "C:\Workspaces\MPC\SISL-master\src\s1023.c" "C:\Workspaces\MPC\SISL-master\src\s1024.c" "C:\Workspaces\MPC\SISL-master\src\s1025.c" "C:\Workspaces\MPC\SISL-master\src\s1119.c" "C:\Workspaces\MPC\SISL-master\src\s1161.c" "C:\Workspaces\MPC\SISL-master\src\s1162.c" "C:\Workspaces\MPC\SISL-master\src\s1172.c" "C:\Workspaces\MPC\SISL-master\src\s1173.c" "C:\Workspaces\MPC\SISL-master\src\s1174.c" "C:\Workspaces\MPC\SISL-master\src\s1190.c" "C:\Workspaces\MPC\SISL-master\src\s1192.c" "C:\Workspaces\MPC\SISL-master\src\s1219.c" "C:\Workspaces\MPC\SISL-master\src\s1220.c" "C:\Workspaces\MPC\SISL-master\src\s1221.c" "C:\Workspaces\MPC\SISL-master\src\s1222.c" "C:\Workspaces\MPC\SISL-master\src\s1223.c" "C:\Workspaces\MPC\SISL-master\src\s1224.c" "C:\Workspaces\MPC\SISL-master\src\s1225.c" "C:\Workspaces\MPC\SISL-master\src\s1226.c" "C:\Workspaces\MPC\SISL-master\src\s1227.c" "C:\Workspaces\MPC\SISL-master\src\s1231.c" "C:\Workspaces\MPC\SISL-master\src\s1232.c" "C:\Workspaces\MPC\SISL-master\src\s1233.c" "C:\Workspaces\MPC\SISL-master\src\s1235.c" "C:\Workspaces\MPC\SISL-master\src\s1236.c" "C:\Workspaces\MPC\SISL-master\src\s1237.c" "C:\Workspaces\MPC\SISL-master\src\s1238.c" "C:\Workspaces\MPC\SISL-master\src\s1239.c" "C:\Workspaces\MPC\SISL-master\src\s1240.c" "C:\Workspaces\MPC\SISL-master\src\s1241.c" "C:\Workspaces\MPC\SISL-master\src\s1243.c" "C:\Workspaces\MPC\SISL-master\src\s1244.c" "C:\Workspaces\MPC\SISL-master\src\s1245.c" "C:\Workspaces\MPC\SISL-master\src\s1251.c" "C:\Workspaces\MPC\SISL-master\src\s1252.c" "C:\Workspaces\MPC\SISL-master\src\s1291.c" "C:\Workspaces\MPC\SISL-master\src\s1301.c" "C:\Workspaces\MPC\SISL-master\src\s1302.c" "C:\Workspaces\MPC\SISL-master\src\s1303.c" "C:\Workspaces\MPC\SISL-master\src\s1304.c" "C:\Workspaces\MPC\SISL-master\src\s1305.c" "C:\Workspaces\MPC\SISL-master\src\s1306.c" "C:\Workspaces\MPC\SISL-master\src\s1307.c" "C:\Workspaces\MPC\SISL-master\src\s1308.c" "C:\Workspaces\MPC\SISL-master\src\s1309.c" "C:\Workspaces\MPC\SISL-master\src\s1310.c" "C:\Workspaces\MPC\SISL-master\src\s1311.c" "C:\Workspaces\MPC\SISL-master\src\s1312.c" "C:\Workspaces\MPC\SISL-master\src\s1313.c" "C:\Workspaces\MPC\SISL-master\src\s1314.c" "C:\Workspaces\MPC\SISL-master\src\s1315.c" "C:\Workspaces\MPC\SISL-master\src\s1316.c" "C:\Workspaces\MPC\SISL-master\src\s1317.c" "C:\Workspaces\MPC\SISL-master\src\s1318.c" "C:\Workspaces\MPC\SISL-master\src\s1319.c" "C:\Workspaces\MPC\SISL-master\src\s1320.c" "C:\Workspaces\MPC\SISL-master\src\s1321.c" "C:\Workspaces\MPC\SISL-master\src\s1322.c" "C:\Workspaces\MPC\SISL-master\src\s1323.c" "C:\Workspaces\MPC\SISL-master\src\s1324.c" "C:\Workspaces\MPC\SISL-master\src\s1325.c" "C:\Workspaces\MPC\SISL-master\src\s1327.c" "C:\Workspaces\MPC\SISL-master\src\s1328.c" "C:\Workspaces\MPC\SISL-master\src\s1329.c" "C:\Workspaces\MPC\SISL-master\src\s1330.c" "C:\Workspaces\MPC\SISL-master\src\s1331.c" "C:\Workspaces\MPC\SISL-master\src\s1332.c" "C:\Workspaces\MPC\SISL-master\src\s1333.c" "C:\Workspaces\MPC\SISL-master\src\s1333count.c" "C:\Workspaces\MPC\SISL-master\src\s1333cycli.c" "C:\Workspaces\MPC\SISL-master\src\s1334.c" "C:\Workspaces\MPC\SISL-master\src\s1340.c" "C:\Workspaces\MPC\SISL-master\src\s1341.c" "C:\Workspaces\MPC\SISL-master\src\s1342.c" "C:\Workspaces\MPC\SISL-master\src\s1343.c" "C:\Workspaces\MPC\SISL-master\src\s1345.c" "C:\Workspaces\MPC\SISL-master\src\s1346.c" "C:\Workspaces\MPC\SISL-master\src\s1347.c" "C:\Workspaces\MPC\SISL-master\src\s1348.c" "C:\Workspaces\MPC\SISL-master\src\s1349.c" "C:\Workspaces\MPC\SISL-master\src\s1350.c" "C:\Workspaces\MPC\SISL-master\src\s1351.c" "C:\Workspaces\MPC\SISL-master\src\s1352.c" "C:\Workspaces\MPC\SISL-master\src\s1353.c" "C:\Workspaces\MPC\SISL-master\src\s1354.c" "C:\Workspaces\MPC\SISL-master\src\s1355.c" "C:\Workspaces\MPC\SISL-master\src\s1356.c" "C:\Workspaces\MPC\SISL-master\src\s1357.c" "C:\Workspaces\MPC\SISL-master\src\s1358.c" "C:\Workspaces\MPC\SISL-master\src\s1359.c" "C:\Workspaces\MPC\SISL-master\src\s1360.c" "C:\Workspaces\MPC\SISL-master\src\s1361.c" "C:\Workspaces\MPC\SISL-master\src\s1362.c" "C:\Workspaces\MPC\SISL-master\src\s1363.c" "C:\Workspaces\MPC\SISL-master\src\s1364.c" "C:\Workspaces\MPC\SISL-master\src\s1365.c" "C:\Workspaces\MPC\SISL-master\src\s1366.c" "C:\Workspaces\MPC\SISL-master\src\s1367.c" "C:\Workspaces\MPC\SISL-master\src\s1369.c" "C:\Workspaces\MPC\SISL-master\src\s1370.c" "C:\Workspaces\MPC\SISL-master\src\s1371.c" "C:\Workspaces\MPC\SISL-master\src\s1372.c" "C:\Workspaces\MPC\SISL-master\src\s1373.c" "C:\Workspaces\MPC\SISL-master\src\s1374.c" "C:\Workspaces\MPC\SISL-master\src\s1375.c" "C:\Workspaces\MPC\SISL-master\src\s1376.c" "C:\Workspaces\MPC\SISL-master\src\s1377.c" "C:\Workspaces\MPC\SISL-master\src\s1378.c" "C:\Workspaces\MPC\SISL-master\src\s1379.c" "C:\Workspaces\MPC\SISL-master\src\s1380.c" "C:\Workspaces\MPC\SISL-master\src\s1381.c" "C:\Workspaces\MPC\SISL-master\src\s1382.c" "C:\Workspaces\MPC\SISL-master\src\s1383.c" "C:\Workspaces\MPC\SISL-master\src\s1384.c" "C:\Workspaces\MPC\SISL-master\src\s1385.c" "C:\Workspaces\MPC\SISL-master\src\s1386.c" "C:\Workspaces\MPC\SISL-master\src\s1387.c" "C:\Workspaces\MPC\SISL-master\src\s1388.c" "C:\Workspaces\MPC\SISL-master\src\s1389.c" "C:\Workspaces\MPC\SISL-master\src\s1390.c" "C:\Workspaces\MPC\SISL-master\src\s1391.c" "C:\Workspaces\MPC\SISL-master\src\s1393.c" "C:\Workspaces\MPC\SISL-master\src\s1399.c" "C:\Workspaces\MPC\SISL-master\src\s1401.c" "C:\Workspaces\MPC\SISL-master\src\s1421.c" "C:\Workspaces\MPC\SISL-master\src\s1422.c" "C:\Workspaces\MPC\SISL-master\src\s1424.c" "C:\Workspaces\MPC\SISL-master\src\s1425.c" "C:\Workspaces\MPC\SISL-master\src\s1435.c" "C:\Workspaces\MPC\SISL-master\src\s1436.c" "C:\Workspaces\MPC\SISL-master\src\s1437.c" "C:\Workspaces\MPC\SISL-master\src\s1438.c" "C:\Workspaces\MPC\SISL-master\src\s1439.c" "C:\Workspaces\MPC\SISL-master\src\s1440.c" "C:\Workspaces\MPC\SISL-master\src\s1450.c" "C:\Workspaces\MPC\SISL-master\src\s1451.c" "C:\Workspaces\MPC\SISL-master\src\s1452.c" "C:\Workspaces\MPC\SISL-master\src\s1500.c" "C:\Workspaces\MPC\SISL-master\src\s1501.c" "C:\Workspaces\MPC\SISL-master\src\s1502.c" "C:\Workspaces\MPC\SISL-master\src\s1503.c" "C:\Workspaces\MPC\SISL-master\src\s1504.c" "C:\Workspaces\MPC\SISL-master\src\s1505.c" "C:\Workspaces\MPC\SISL-master\src\s1506.c" "C:\Workspaces\MPC\SISL-master\src\s1507.c" "C:\Workspaces\MPC\SISL-master\src\s1508.c" "C:\Workspaces\MPC\SISL-master\src\s1510.c" "C:\Workspaces\MPC\SISL-master\src\s1511.c" "C:\Workspaces\MPC\SISL-master\src\s1512.c" "C:\Workspaces\MPC\SISL-master\src\s1513.c" "C:\Workspaces\MPC\SISL-master\src\s1514.c" "C:\Workspaces\MPC\SISL-master\src\s1515.c" "C:\Workspaces\MPC\SISL-master\src\s1516.c" "C:\Workspaces\MPC\SISL-master\src\s1517.c" "C:\Workspaces\MPC\SISL-master\src\s1518.c" "C:\Workspaces\MPC\SISL-master\src\s1520.c" "C:\Workspaces\MPC\SISL-master\src\s1521.c" "C:\Workspaces\MPC\SISL-master\src\s1522.c" "C:\Workspaces\MPC\SISL-master\src\s1528.c" "C:\Workspaces\MPC\SISL-master\src\s1529.c" "C:\Workspaces\MPC\SISL-master\src\s1530.c" "C:\Workspaces\MPC\SISL-master\src\s1531.c" "C:\Workspaces\MPC\SISL-master\src\s1534.c" "C:\Workspaces\MPC\SISL-master\src\s1535.c" "C:\Workspaces\MPC\SISL-master\src\s1536.c" "C:\Workspaces\MPC\SISL-master\src\s1537.c" "C:\Workspaces\MPC\SISL-master\src\s1538.c" "C:\Workspaces\MPC\SISL-master\src\s1539.c" "C:\Workspaces\MPC\SISL-master\src\s1540.c" "C:\Workspaces\MPC\SISL-master\src\s1541.c" "C:\Workspaces\MPC\SISL-master\src\s1542.c" "C:\Workspaces\MPC\SISL-master\src\s1600.c" "C:\Workspaces\MPC\SISL-master\src\s1601.c" "C:\Workspaces\MPC\SISL-master\src\s1602.c" "C:\Workspaces\MPC\SISL-master\src\s1603.c" "C:\Workspaces\MPC\SISL-master\src\s1604.c" "C:\Workspaces\MPC\SISL-master\src\s1605.c" "C:\Workspaces\MPC\SISL-master\src\s1606.c" "C:\Workspaces\MPC\SISL-master\src\s1607.c" "C:\Workspaces\MPC\SISL-master\src\s1608.c" "C:\Workspaces\MPC\SISL-master\src\s1609.c" "C:\Workspaces\MPC\SISL-master\src\s1611.c" "C:\Workspaces\MPC\SISL-master\src\s1612.c" "C:\Workspaces\MPC\SISL-master\src\s1613.c" "C:\Workspaces\MPC\SISL-master\src\s1613bez.c" "C:\Workspaces\MPC\SISL-master\src\s1614.c" "C:\Workspaces\MPC\SISL-master\src\s1615.c" "C:\Workspaces\MPC\SISL-master\src\s1616.c" "C:\Workspaces\MPC\SISL-master\src\s1617.c" "C:\Workspaces\MPC\SISL-master\src\s1618.c" "C:\Workspaces\MPC\SISL-master\src\s1619.c" "C:\Workspaces\MPC\SISL-master\src\s1620.c" "C:\Workspaces\MPC\SISL-master\src\s1630.c" "C:\Workspaces\MPC\SISL-master\src\s1631.c" "C:\Workspaces\MPC\SISL-master\src\s1700.c" "C:\Workspaces\MPC\SISL-master\src\s1701.c" "C:\Workspaces\MPC\SISL-master\src\s1705.c" "C:\Workspaces\MPC\SISL-master\src\s1706.c" "C:\Workspaces\MPC\SISL-master\src\s1707.c" "C:\Workspaces\MPC\SISL-master\src\s1708.c" "C:\Workspaces\MPC\SISL-master\src\s1710.c" "C:\Workspaces\MPC\SISL-master\src\s1711.c" "C:\Workspaces\MPC\SISL-master\src\s1712.c" "C:\Workspaces\MPC\SISL-master\src\s1713.c" "C:\Workspaces\MPC\SISL-master\src\s1714.c" "C:\Workspaces\MPC\SISL-master\src\s1715.c" "C:\Workspaces\MPC\SISL-master\src\s1716.c" "C:\Workspaces\MPC\SISL-master\src\s1720.c" "C:\Workspaces\MPC\SISL-master\src\s1730.c" "C:\Workspaces\MPC\SISL-master\src\s1731.c" "C:\Workspaces\MPC\SISL-master\src\s1732.c" "C:\Workspaces\MPC\SISL-master\src\s1733.c" "C:\Workspaces\MPC\SISL-master\src\s1741.c" "C:\Workspaces\MPC\SISL-master\src\s1750.c" "C:\Workspaces\MPC\SISL-master\src\s1753.c" "C:\Workspaces\MPC\SISL-master\src\s1754.c" "C:\Workspaces\MPC\SISL-master\src\s1755.c" "C:\Workspaces\MPC\SISL-master\src\s1770.c" "C:\Workspaces\MPC\SISL-master\src\s17702d.c" "C:\Workspaces\MPC\SISL-master\src\s1771.c" "C:\Workspaces\MPC\SISL-master\src\s1772.c" "C:\Workspaces\MPC\SISL-master\src\s1773.c" "C:\Workspaces\MPC\SISL-master\src\s1774.c" "C:\Workspaces\MPC\SISL-master\src\s1775.c" "C:\Workspaces\MPC\SISL-master\src\s1780.c" "C:\Workspaces\MPC\SISL-master\src\s1785.c" "C:\Workspaces\MPC\SISL-master\src\s1786.c" "C:\Workspaces\MPC\SISL-master\src\s1787.c" "C:\Workspaces\MPC\SISL-master\src\s1788.c" "C:\Workspaces\MPC\SISL-master\src\s1789.c" "C:\Workspaces\MPC\SISL-master\src\s1790.c" "C:\Workspaces\MPC\SISL-master\src\s1791.c" "C:\Workspaces\MPC\SISL-master\src\s1792.c" "C:\Workspaces\MPC\SISL-master\src\s1795.c" "C:\Workspaces\MPC\SISL-master\src\s1796.c" "C:\Workspaces\MPC\SISL-master\src\s1797.c" "C:\Workspaces\MPC\SISL-master\src\s1830.c" "C:\Workspaces\MPC\SISL-master\src\s1834.c" "C:\Workspaces\MPC\SISL-master\src\s1839.c" "C:\Workspaces\MPC\SISL-master\src\s1840.c" "C:\Workspaces\MPC\SISL-master\src\s1850.c" "C:\Workspaces\MPC\SISL-master\src\s1851.c" "C:\Workspaces\MPC\SISL-master\src\s1852.c" "C:\Workspaces\MPC\SISL-master\src\s1853.c" "C:\Workspaces\MPC\SISL-master\src\s1854.c" "C:\Workspaces\MPC\SISL-master\src\s1855.c" "C:\Workspaces\MPC\SISL-master\src\s1856.c" "C:\Workspaces\MPC\SISL-master\src\s1857.c" "C:\Workspaces\MPC\SISL-master\src\s1858.c" "C:\Workspaces\MPC\SISL-master\src\s1859.c" "C:\Workspaces\MPC\SISL-master\src\s1860.c" "C:\Workspaces\MPC\SISL-master\src\s1870.c" "C:\Workspaces\MPC\SISL-master\src\s1871.c" "C:\Workspaces\MPC\SISL-master\src\s1880.c" "C:\Workspaces\MPC\SISL-master\src\s1890.c" "C:\Workspaces\MPC\SISL-master\src\s1891.c" "C:\Workspaces\MPC\SISL-master\src\s1893.c" "C:\Workspaces\MPC\SISL-master\src\s1894.c" "C:\Workspaces\MPC\SISL-master\src\s1896.c" "C:\Workspaces\MPC\SISL-master\src\s1897.c" "C:\Workspaces\MPC\SISL-master\src\s1900.c" "C:\Workspaces\MPC\SISL-master\src\s1901.c" "C:\Workspaces\MPC\SISL-master\src\s1902.c" "C:\Workspaces\MPC\SISL-master\src\s1903.c" "C:\Workspaces\MPC\SISL-master\src\s1904.c" "C:\Workspaces\MPC\SISL-master\src\s1905.c" "C:\Workspaces\MPC\SISL-master\src\s1906.c" "C:\Workspaces\MPC\SISL-master\src\s1907.c" "C:\Workspaces\MPC\SISL-master\src\s1908.c" "C:\Workspaces\MPC\SISL-master\src\s1909.c" "C:\Workspaces\MPC\SISL-master\src\s1910.c" "C:\Workspaces\MPC\SISL-master\src\s1911.c" "C:\Workspaces\MPC\SISL-master\src\s1912.c" "C:\Workspaces\MPC\SISL-master\src\s1916.c" "C:\Workspaces\MPC\SISL-master\src\s1917.c" "C:\Workspaces\MPC\SISL-master\src\s1918.c" "C:\Workspaces\MPC\SISL-master\src\s1919.c" "C:\Workspaces\MPC\SISL-master\src\s1920.c" "C:\Workspaces\MPC\SISL-master\src\s1921.c" "C:\Workspaces\MPC\SISL-master\src\s1924.c" "C:\Workspaces\MPC\SISL-master\src\s1925.c" "C:\Workspaces\MPC\SISL-master\src\s1926.c" "C:\Workspaces\MPC\SISL-master\src\s1927.c" "C:\Workspaces\MPC\SISL-master\src\s1930.c" "C:\Workspaces\MPC\SISL-master\src\s1931.c" "C:\Workspaces\MPC\SISL-master\src\s1931unit.c" "C:\Workspaces\MPC\SISL-master\src\s1932.c" "C:\Workspaces\MPC\SISL-master\src\s1933.c" "C:\Workspaces\MPC\SISL-master\src\s1934.c" "C:\Workspaces\MPC\SISL-master\src\s1935.c" "C:\Workspaces\MPC\SISL-master\src\s1936.c" "C:\Workspaces\MPC\SISL-master\src\s1937.c" "C:\Workspaces\MPC\SISL-master\src\s1938.c" "C:\Workspaces\MPC\SISL-master\src\s1940.c" "C:\Workspaces\MPC\SISL-master\src\s1941.c" "C:\Workspaces\MPC\SISL-master\src\s1942.c" "C:\Workspaces\MPC\SISL-master\src\s1943.c" "C:\Workspaces\MPC\SISL-master\src\s1944.c" "C:\Workspaces\MPC\SISL-master\src\s1945.c" "C:\Workspaces\MPC\SISL-master\src\s1946.c" "C:\Workspaces\MPC\SISL-master\src\s1947.c" "C:\Workspaces\MPC\SISL-master\src\s1948.c" "C:\Workspaces\MPC\SISL-master\src\s1949.c" "C:\Workspaces\MPC\SISL-master\src\s1950.c" "C:\Workspaces\MPC\SISL-master\src\s1951.c" "C:\Workspaces\MPC\SISL-master\src\s1953.c" "C:\Workspaces\MPC\SISL-master\src\s1954.c" "C:\Workspaces\MPC\SISL-master\src\s1955.c" "C:\Workspaces\MPC\SISL-master\src\s1956.c" "C:\Workspaces\MPC\SISL-master\src\s1957.c" "C:\Workspaces\MPC\SISL-master\src\s1958.c" "C:\Workspaces\MPC\SISL-master\src\s1959.c" "C:\Workspaces\MPC\SISL-master\src\s1960.c" "C:\Workspaces\MPC\SISL-master\src\s1961.c" "C:\Workspaces\MPC\SISL-master\src\s1962.c" "C:\Workspaces\MPC\SISL-master\src\s1963.c" "C:\Workspaces\MPC\SISL-master\src\s1965.c" "C:\Workspaces\MPC\SISL-master\src\s1966.c" "C:\Workspaces\MPC\SISL-master\src\s1967.c" "C:\Workspaces\MPC\SISL-master\src\s1968.c" "C:\Workspaces\MPC\SISL-master\src\s1986.c" "C:\Workspaces\MPC\SISL-master\src\s1987.c" "C:\Workspaces\MPC\SISL-master\src\s1988.c" "C:\Workspaces\MPC\SISL-master\src\s1989.c" "C:\Workspaces\MPC\SISL-master\src\s1990.c" "C:\Workspaces\MPC\SISL-master\src\s1991.c" "C:\Workspaces\MPC\SISL-master\src\s1992.c" "C:\Workspaces\MPC\SISL-master\src\s1993.c" "C:\Workspaces\MPC\SISL-master\src\s1994.c" "C:\Workspaces\MPC\SISL-master\src\s2500.c" "C:\Workspaces\MPC\SISL-master\src\s2501.c" "C:\Workspaces\MPC\SISL-master\src\s2502.c" "C:\Workspaces\MPC\SISL-master\src\s2503.c" "C:\Workspaces\MPC\SISL-master\src\s2504.c" "C:\Workspaces\MPC\SISL-master\src\s2505.c" "C:\Workspaces\MPC\SISL-master\src\s2506.c" "C:\Workspaces\MPC\SISL-master\src\s2507.c" "C:\Workspaces\MPC\SISL-master\src\s2508.c" "C:\Workspaces\MPC\SISL-master\src\s2509.c" "C:\Workspaces\MPC\SISL-master\src\s2510.c" "C:\Workspaces\MPC\SISL-master\src\s2511.c" "C:\Workspaces\MPC\SISL-master\src\s2512.c" "C:\Workspaces\MPC\SISL-master\src\s2513.c" "C:\Workspaces\MPC\SISL-master\src\s2514.c" "C:\Workspaces\MPC\SISL-master\src\s2515.c" "C:\Workspaces\MPC\SISL-master\src\s2516.c" "C:\Workspaces\MPC\SISL-master\src\s2532.c" "C:\Workspaces\MPC\SISL-master\src\s2533.c" "C:\Workspaces\MPC\SISL-master\src\s2534.c" "C:\Workspaces\MPC\SISL-master\src\s2535.c" "C:\Workspaces\MPC\SISL-master\src\s2536.c" "C:\Workspaces\MPC\SISL-master\src\s2540.c" "C:\Workspaces\MPC\SISL-master\src\s2541.c" "C:\Workspaces\MPC\SISL-master\src\s2542.c" "C:\Workspaces\MPC\SISL-master\src\s2543.c" "C:\Workspaces\MPC\SISL-master\src\s2544.c" "C:\Workspaces\MPC\SISL-master\src\s2545.c" "C:\Workspaces\MPC\SISL-master\src\s2550.c" "C:\Workspaces\MPC\SISL-master\src\s2551.c" "C:\Workspaces\MPC\SISL-master\src\s2553.c" "C:\Workspaces\MPC\SISL-master\src\s2554.c" "C:\Workspaces\MPC\SISL-master\src\s2555.c" "C:\Workspaces\MPC\SISL-master\src\s2556.c" "C:\Workspaces\MPC\SISL-master\src\s2557.c" "C:\Workspaces\MPC\SISL-master\src\s2558.c" "C:\Workspaces\MPC\SISL-master\src\s2559.c" "C:\Workspaces\MPC\SISL-master\src\s2560.c" "C:\Workspaces\MPC\SISL-master\src\s2561.c" "C:\Workspaces\MPC\SISL-master\src\s2562.c" "C:\Workspaces\MPC\SISL-master\src\s6addcurve.c" "C:\Workspaces\MPC\SISL-master\src\s6affdist.c" "C:\Workspaces\MPC\SISL-master\src\s6ang.c" "C:\Workspaces\MPC\SISL-master\src\s6angle.c" "C:\Workspaces\MPC\SISL-master\src\s6castelja.c" "C:\Workspaces\MPC\SISL-master\src\s6chpar.c" "C:\Workspaces\MPC\SISL-master\src\s6crss.c" "C:\Workspaces\MPC\SISL-master\src\s6crvature.c" "C:\Workspaces\MPC\SISL-master\src\s6crvcheck.c" "C:\Workspaces\MPC\SISL-master\src\s6curvrad.c" "C:\Workspaces\MPC\SISL-master\src\s6decomp.c" "C:\Workspaces\MPC\SISL-master\src\s6degnorm.c" "C:\Workspaces\MPC\SISL-master\src\s6dertopt.c" "C:\Workspaces\MPC\SISL-master\src\s6diff.c" "C:\Workspaces\MPC\SISL-master\src\s6dist.c" "C:\Workspaces\MPC\SISL-master\src\s6dline.c" "C:\Workspaces\MPC\SISL-master\src\s6dplane.c" "C:\Workspaces\MPC\SISL-master\src\s6drawseq.c" "C:\Workspaces\MPC\SISL-master\src\s6equal.c" "C:\Workspaces\MPC\SISL-master\src\s6err.c" "C:\Workspaces\MPC\SISL-master\src\s6existbox.c" "C:\Workspaces\MPC\SISL-master\src\s6findfac.c" "C:\Workspaces\MPC\SISL-master\src\s6fndintv.c" "C:\Workspaces\MPC\SISL-master\src\s6herm.c" "C:\Workspaces\MPC\SISL-master\src\s6herm_bez.c" "C:\Workspaces\MPC\SISL-master\src\s6idcon.c" "C:\Workspaces\MPC\SISL-master\src\s6idcpt.c" "C:\Workspaces\MPC\SISL-master\src\s6idedg.c" "C:\Workspaces\MPC\SISL-master\src\s6identify.c" "C:\Workspaces\MPC\SISL-master\src\s6idget.c" "C:\Workspaces\MPC\SISL-master\src\s6idint.c" "C:\Workspaces\MPC\SISL-master\src\s6idklist.c" "C:\Workspaces\MPC\SISL-master\src\s6idkpt.c" "C:\Workspaces\MPC\SISL-master\src\s6idlis.c" "C:\Workspaces\MPC\SISL-master\src\s6idnpt.c" "C:\Workspaces\MPC\SISL-master\src\s6idput.c" "C:\Workspaces\MPC\SISL-master\src\s6inv4.c" "C:\Workspaces\MPC\SISL-master\src\s6invert.c" "C:\Workspaces\MPC\SISL-master\src\s6knotmult.c" "C:\Workspaces\MPC\SISL-master\src\s6length.c" "C:\Workspaces\MPC\SISL-master\src\s6line.c" "C:\Workspaces\MPC\SISL-master\src\s6lprj.c" "C:\Workspaces\MPC\SISL-master\src\s6lufacp.c" "C:\Workspaces\MPC\SISL-master\src\s6lusolp.c" "C:\Workspaces\MPC\SISL-master\src\s6metric.c" "C:\Workspaces\MPC\SISL-master\src\s6move.c" "C:\Workspaces\MPC\SISL-master\src\s6mulvec.c" "C:\Workspaces\MPC\SISL-master\src\s6mvec.c" "C:\Workspaces\MPC\SISL-master\src\s6newbox.c" "C:\Workspaces\MPC\SISL-master\src\s6norm.c" "C:\Workspaces\MPC\SISL-master\src\s6ratder.c" "C:\Workspaces\MPC\SISL-master\src\s6rotax.c" "C:\Workspaces\MPC\SISL-master\src\s6rotmat.c" "C:\Workspaces\MPC\SISL-master\src\s6schoen.c" "C:\Workspaces\MPC\SISL-master\src\s6scpr.c" "C:\Workspaces\MPC\SISL-master\src\s6sortpar.c" "C:\Workspaces\MPC\SISL-master\src\s6sratder.c" "C:\Workspaces\MPC\SISL-master\src\s6strider.c" "C:\Workspaces\MPC\SISL-master\src\s6takunion.c" "C:\Workspaces\MPC\SISL-master\src\s6twonorm.c" "C:\Workspaces\MPC\SISL-master\src\s9adsimp.c" "C:\Workspaces\MPC\SISL-master\src\s9adstep.c" "C:\Workspaces\MPC\SISL-master\src\s9boundimp.c" "C:\Workspaces\MPC\SISL-master\src\s9boundit.c" "C:\Workspaces\MPC\SISL-master\src\s9clipimp.c" "C:\Workspaces\MPC\SISL-master\src\s9clipit.c" "C:\Workspaces\MPC\SISL-master\src\s9conmarch.c" "C:\Workspaces\MPC\SISL-master\src\s9iterate.c" "C:\Workspaces\MPC\SISL-master\src\s9iterimp.c" "C:\Workspaces\MPC\SISL-master\src\s9smplknot.c" "C:\Workspaces\MPC\SISL-master\src\s9surmarch.c" "C:\Workspaces\MPC\SISL-master\src\sh1260.c" "C:\Workspaces\MPC\SISL-master\src\sh1261.c" "C:\Workspaces\MPC\SISL-master\src\sh1262.c" "C:\Workspaces\MPC\SISL-master\src\sh1263.c" "C:\Workspaces\MPC\SISL-master\src\sh1365.c" "C:\Workspaces\MPC\SISL-master\src\sh1369.c" "C:\Workspaces\MPC\SISL-master\src\sh1371.c" "C:\Workspaces\MPC\SISL-master\src\sh1372.c" "C:\Workspaces\MPC\SISL-master\src\sh1373.c" "C:\Workspaces\MPC\SISL-master\src\sh1374.c" "C:\Workspaces\MPC\SISL-master\src\sh1375.c" "C:\Workspaces\MPC\SISL-master\src\sh1460.c" "C:\Workspaces\MPC\SISL-master\src\sh1461.c" "C:\Workspaces\MPC\SISL-master\src\sh1462.c" "C:\Workspaces\MPC\SISL-master\src\sh1463.c" "C:\Workspaces\MPC\SISL-master\src\sh1464.c" "C:\Workspaces\MPC\SISL-master\src\sh1465.c" "C:\Workspaces\MPC\SISL-master\src\sh1466.c" "C:\Workspaces\MPC\SISL-master\src\sh1467.c" "C:\Workspaces\MPC\SISL-master\src\sh1502.c" "C:\Workspaces\MPC\SISL-master\src\sh1503.c" "C:\Workspaces\MPC\SISL-master\src\sh1510.c" "C:\Workspaces\MPC\SISL-master\src\sh1511.c" "C:\Workspaces\MPC\SISL-master\src\sh1761.c" "C:\Workspaces\MPC\SISL-master\src\sh1762.c" "C:\Workspaces\MPC\SISL-master\src\sh1779.c" "C:\Workspaces\MPC\SISL-master\src\sh1779_at.c" "C:\Workspaces\MPC\SISL-master\src\sh1780.c" "C:\Workspaces\MPC\SISL-master\src\sh1780_at.c" "C:\Workspaces\MPC\SISL-master\src\sh1781.c" "C:\Workspaces\MPC\SISL-master\src\sh1781_at.c" "C:\Workspaces\MPC\SISL-master\src\sh1782.c" "C:\Workspaces\MPC\SISL-master\src\sh1783.c" "C:\Workspaces\MPC\SISL-master\src\sh1784.c" "C:\Workspaces\MPC\SISL-master\src\sh1786.c" "C:\Workspaces\MPC\SISL-master\src\sh1787.c" "C:\Workspaces\MPC\SISL-master\src\sh1790.c" "C:\Workspaces\MPC\SISL-master\src\sh1794.c" "C:\Workspaces\MPC\SISL-master\src\sh1830.c" "C:\Workspaces\MPC\SISL-master\src\sh1831.c" "C:\Workspaces\MPC\SISL-master\src\sh1834.c" "C:\Workspaces\MPC\SISL-master\src\sh1839.c" "C:\Workspaces\MPC\SISL-master\src\sh1850.c" "C:\Workspaces\MPC\SISL-master\src\sh1851.c" "C:\Workspaces\MPC\SISL-master\src\sh1852.c" "C:\Workspaces\MPC\SISL-master\src\sh1853.c" "C:\Workspaces\MPC\SISL-master\src\sh1854.c" "C:\Workspaces\MPC\SISL-master\src\sh1855.c" "C:\Workspaces\MPC\SISL-master\src\sh1856.c" "C:\Workspaces\MPC\SISL-master\src\sh1857.c" "C:\Workspaces\MPC\SISL-master\src\sh1858.c" "C:\Workspaces\MPC\SISL-master\src\sh1859.c" "C:\Workspaces\MPC\SISL-master\src\sh1860.c" "C:\Workspaces\MPC\SISL-master\src\sh1870.c" "C:\Workspaces\MPC\SISL-master\src\sh1871.c" "C:\Workspaces\MPC\SISL-master\src\sh1922.c" "C:\Workspaces\MPC\SISL-master\src\sh1923.c" "C:\Workspaces\MPC\SISL-master\src\sh1924.c" "C:\Workspaces\MPC\SISL-master\src\sh1925.c" "C:\Workspaces\MPC\SISL-master\src\sh1926.c" "C:\Workspaces\MPC\SISL-master\src\sh1927.c" "C:\Workspaces\MPC\SISL-master\src\sh1928.c" "C:\Workspaces\MPC\SISL-master\src\sh1929.c" "C:\Workspaces\MPC\SISL-master\src\sh1930.c" "C:\Workspaces\MPC\SISL-master\src\sh1992.c" "C:\Workspaces\MPC\SISL-master\src\sh1993.c" "C:\Workspaces\MPC\SISL-master\src\sh1994.c" "C:\Workspaces\MPC\SISL-master\src\sh6clvert.c" "C:\Workspaces\MPC\SISL-master\src\sh6comedg.c" "C:\Workspaces\MPC\SISL-master\src\sh6connect.c" "C:\Workspaces\MPC\SISL-master\src\sh6count.c" "C:\Workspaces\MPC\SISL-master\src\sh6cvvert.c" "C:\Workspaces\MPC\SISL-master\src\sh6degen.c" "C:\Workspaces\MPC\SISL-master\src\sh6disconn.c" "C:\Workspaces\MPC\SISL-master\src\sh6edgpnt.c" "C:\Workspaces\MPC\SISL-master\src\sh6edgred.c" "C:\Workspaces\MPC\SISL-master\src\sh6evalint.c" "C:\Workspaces\MPC\SISL-master\src\sh6floop.c" "C:\Workspaces\MPC\SISL-master\src\sh6fndsplt.c" "C:\Workspaces\MPC\SISL-master\src\sh6getgeom.c" "C:\Workspaces\MPC\SISL-master\src\sh6getlist.c" "C:\Workspaces\MPC\SISL-master\src\sh6getmain.c" "C:\Workspaces\MPC\SISL-master\src\sh6getnbrs.c" "C:\Workspaces\MPC\SISL-master\src\sh6getnext.c" "C:\Workspaces\MPC\SISL-master\src\sh6getothr.c" "C:\Workspaces\MPC\SISL-master\src\sh6getprev.c" "C:\Workspaces\MPC\SISL-master\src\sh6getsegdiv.c" "C:\Workspaces\MPC\SISL-master\src\sh6gettop.c" "C:\Workspaces\MPC\SISL-master\src\sh6idaledg.c" "C:\Workspaces\MPC\SISL-master\src\sh6idcon.c" "C:\Workspaces\MPC\SISL-master\src\sh6idfcros.c" "C:\Workspaces\MPC\SISL-master\src\sh6idget.c" "C:\Workspaces\MPC\SISL-master\src\sh6idkpt.c" "C:\Workspaces\MPC\SISL-master\src\sh6idlis.c" "C:\Workspaces\MPC\SISL-master\src\sh6idnpt.c" "C:\Workspaces\MPC\SISL-master\src\sh6idnwun.c" "C:\Workspaces\MPC\SISL-master\src\sh6idput.c" "C:\Workspaces\MPC\SISL-master\src\sh6idrcros.c" "C:\Workspaces\MPC\SISL-master\src\sh6idsplit.c" "C:\Workspaces\MPC\SISL-master\src\sh6idunite.c" "C:\Workspaces\MPC\SISL-master\src\sh6insert.c" "C:\Workspaces\MPC\SISL-master\src\sh6inspnt.c" "C:\Workspaces\MPC\SISL-master\src\sh6iscnect.c" "C:\Workspaces\MPC\SISL-master\src\sh6ishelp.c" "C:\Workspaces\MPC\SISL-master\src\sh6isinsid.c" "C:\Workspaces\MPC\SISL-master\src\sh6ismain.c" "C:\Workspaces\MPC\SISL-master\src\sh6nmbhelp.c" "C:\Workspaces\MPC\SISL-master\src\sh6nmbmain.c" "C:\Workspaces\MPC\SISL-master\src\sh6ptobj.c" "C:\Workspaces\MPC\SISL-master\src\sh6ptouchp.c" "C:\Workspaces\MPC\SISL-master\src\sh6putsing.c" "C:\Workspaces\MPC\SISL-master\src\sh6red.c" "C:\Workspaces\MPC\SISL-master\src\sh6remcon.c" "C:\Workspaces\MPC\SISL-master\src\sh6rempnt.c" "C:\Workspaces\MPC\SISL-master\src\sh6sepcrv.c" "C:\Workspaces\MPC\SISL-master\src\sh6setcnsd.c" "C:\Workspaces\MPC\SISL-master\src\sh6setdir.c" "C:\Workspaces\MPC\SISL-master\src\sh6setseg.c" "C:\Workspaces\MPC\SISL-master\src\sh6settop.c" "C:\Workspaces\MPC\SISL-master\src\sh6spltgeo.c" "C:\Workspaces\MPC\SISL-master\src\sh6tohelp.c" "C:\Workspaces\MPC\SISL-master\src\sh6tomain.c" "C:\Workspaces\MPC\SISL-master\src\sh6topohlp.c" "C:\Workspaces\MPC\SISL-master\src\sh6trmlist.c" "C:\Workspaces\MPC\SISL-master\src\sh_1d_div.c" "C:\Workspaces\MPC\SISL-master\src\sh_div_crv.c" "C:\Workspaces\MPC\SISL-master\src\sh_set_at.c" "C:\Workspaces\MPC\SISL-master\src\shape.c" "C:\Workspaces\MPC\SISL-master\src\shcheckput.c" "C:\Workspaces\MPC\SISL-master\src\shchecktyp.c" "C:\Workspaces\MPC\SISL-master\src\shcsfsing.c" "C:\Workspaces\MPC\SISL-master\src\shdivsurf.c" "C:\Workspaces\MPC\SISL-master\src\shevalc.c" "C:\Workspaces\MPC\SISL-master\src\shmkhlppts.c" "C:\Workspaces\MPC\SISL-master\src\shsing.c" "C:\Workspaces\MPC\SISL-master\src\spli_silh.c" "C:\Workspaces\MPC\SISL-master\src\tstcyclknt.c"
         construct.c
         crvarctang.c
         crvcrvtang.c
         crvlintang.c
         destruct.c
         ev_cv_off.c
         eval_2_crv.c
         evalcrvarc.c
         hp_s1880.c
         intjoinper.c
         make3D.c
         makecvkreg.c
         makesfkreg.c
         maketracks.c
         mk_cv_cycl.c
         newknots.c
         pickcrvsf.c
         pocrvtang.c
         refine_all.c
         s1001.c
         s1011.c
         s1012.c
         s1013.c
         s1014.c
         s1015.c
         s1016.c
         s1017.c
         s1018.c
         s1021.c
         s1022.c
         s1023.c
         s1024.c
         s1025.c
         s1119.c
         s1161.c
         s1162.c
         s1172.c
         s1173.c
         s1174.c
         s1190.c
         s1192.c
         s1219.c
         s1220.c
         s1221.c
         s1222.c
         s1223.c
         s1224.c
         s1225.c
         s1226.c
         s1227.c
         s1231.c
         s1232.c
         s1233.c
         s1235.c
         s1236.c
         s1237.c
         s1238.c
         s1239.c
         s1240.c
         s1241.c
         s1243.c
         s1244.c
         s1245.c
         s1251.c
         s1252.c
         s1291.c
         s1301.c
         s1302.c
         s1303.c
         s1304.c
         s1305.c
         s1306.c
         s1307.c
         s1308.c
         s1309.c
         s1310.c
         s1311.c
         s1312.c
         s1313.c
         s1314.c
         s1315.c
         s1316.c
         s1317.c
         s1318.c
         s1319.c
         s1320.c
         s1321.c
         s1322.c
         s1323.c
         s1324.c
         s1325.c
         s1327.c
         s1328.c
         s1329.c
         s1330.c
         s1331.c
         s1332.c
         s1333.c
         s1333count.c
         s1333cycli.c
         s1334.c
         s1340.c
         s1341.c
         s1342.c
         s1343.c
         s1345.c
         s1346.c
         s1347.c
         s1348.c
         s1349.c
         s1350.c
         s1351.c
         s1352.c
         s1353.c
         s1354.c
         s1355.c
         s1356.c
         s1357.c
         s1358.c
         s1359.c
         s1360.c
         s1361.c
         s1362.c
         s1363.c
         s1364.c
         s1365.c
         s1366.c
         s1367.c
         s1369.c
         s1370.c
         s1371.c
         s1372.c
         s1373.c
         s1374.c
         s1375.c
         s1376.c
         s1377.c
         s1378.c
         s1379.c
         s1380.c
         s1381.c
         s1382.c
         s1383.c
         s1384.c
         s1385.c
         s1386.c
         s1387.c
         s1388.c
         s1389.c
         s1390.c
         s1391.c
         s1393.c
         s1399.c
         s1401.c
         s1421.c
         s1422.c
         s1424.c
         s1425.c
         s1435.c
         s1436.c
         s1437.c
         s1438.c
         s1439.c
         s1440.c
         s1450.c
         s1451.c
         s1452.c
         s1500.c
         s1501.c
         s1502.c
         s1503.c
         s1504.c
         s1505.c
         s1506.c
         s1507.c
         s1508.c
         s1510.c
         s1511.c
         s1512.c
         s1513.c
         s1514.c
         s1515.c
         s1516.c
         s1517.c
         s1518.c
         s1520.c
         s1521.c
         s1522.c
         s1528.c
         s1529.c
         s1530.c
         s1531.c
         s1534.c
         s1535.c
         s1536.c
         s1537.c
         s1538.c
         s1539.c
         s1540.c
         s1541.c
         s1542.c
         s1600.c
         s1601.c
         s1602.c
         s1603.c
         s1604.c
         s1605.c
         s1606.c
         s1607.c
         s1608.c
         s1609.c
         s1611.c
         s1612.c
         s1613.c
         s1613bez.c
         s1614.c
         s1615.c
         s1616.c
         s1617.c
         s1618.c
         s1619.c
         s1620.c
         s1630.c
         s1631.c
         s1700.c
         s1701.c
         s1705.c
         s1706.c
         s1707.c
         s1708.c
         s1710.c
         s1711.c
         s1712.c
         s1713.c
         s1714.c
         s1715.c
         s1716.c
         s1720.c
         s1730.c
         s1731.c
         s1732.c
         s1733.c
         s1741.c
         s1750.c
         s1753.c
         s1754.c
         s1755.c
         s1770.c
         s17702d.c
         s1771.c
         s1772.c
         s1773.c
         s1774.c
         s1775.c
         s1780.c
         s1785.c
         s1786.c
         s1787.c
         s1788.c
         s1789.c
         s1790.c
         s1791.c
         s1792.c
         s1795.c
         s1796.c
         s1797.c
         s1830.c
         s1834.c
         s1839.c
         s1840.c
         s1850.c
         s1851.c
         s1852.c
         s1853.c
         s1854.c
         s1855.c
         s1856.c
         s1857.c
         s1858.c
         s1859.c
         s1860.c
         s1870.c
         s1871.c
         s1880.c
         s1890.c
         s1891.c
         s1893.c
         s1894.c
         s1896.c
         s1897.c
         s1900.c
         s1901.c
         s1902.c
         s1903.c
         s1904.c
         s1905.c
         s1906.c
         s1907.c
         s1908.c
         s1909.c
         s1910.c
         s1911.c
         s1912.c
         s1916.c
         s1917.c
         s1918.c
         s1919.c
         s1920.c
         s1921.c
         s1924.c
         s1925.c
         s1926.c
         s1927.c
         s1930.c
         s1931.c
         s1931unit.c
         s1932.c
         s1933.c
         s1934.c
         s1935.c
         s1936.c
         s1937.c
         s1938.c
         s1940.c
         s1941.c
         s1942.c
         s1943.c
         s1944.c
         s1945.c
         s1946.c
         s1947.c
         s1948.c
         s1949.c
         s1950.c
         s1951.c
         s1953.c
         s1954.c
         s1955.c
         s1956.c
         s1957.c
         s1958.c
         s1959.c
         s1960.c
         s1961.c
         s1962.c
         s1963.c
         s1965.c
         s1966.c
         s1967.c
         s1968.c
         s1986.c
         s1987.c
         s1988.c
         s1989.c
         s1990.c
         s1991.c
         s1992.c
         s1993.c
         s1994.c
         s2500.c
         s2501.c
         s2502.c
         s2503.c
         s2504.c
         s2505.c
         s2506.c
         s2507.c
         s2508.c
         s2509.c
         s2510.c
         s2511.c
         s2512.c
         s2513.c
         s2514.c
         s2515.c
         s2516.c
         s2532.c
         s2533.c
         s2534.c
         s2535.c
         s2536.c
         s2540.c
         s2541.c
         s2542.c
         s2543.c
         s2544.c
         s2545.c
         s2550.c
         s2551.c
         s2553.c
         s2554.c
         s2555.c
         s2556.c
         s2557.c
         s2558.c
         s2559.c
         s2560.c
         s2561.c
         s2562.c
         s6addcurve.c
         s6affdist.c
         s6ang.c
         s6angle.c
         s6castelja.c
         s6chpar.c
         s6crss.c
         s6crvature.c
         s6crvcheck.c
         s6curvrad.c
         s6decomp.c
         s6degnorm.c
         s6dertopt.c
         s6diff.c
         s6dist.c
         s6dline.c
         s6dplane.c
         s6drawseq.c
         s6equal.c
         s6err.c
         s6existbox.c
         s6findfac.c
         s6fndintv.c
         s6herm.c
         s6herm_bez.c
         s6idcon.c
         s6idcpt.c
         s6idedg.c
         s6identify.c
         s6idget.c
         s6idint.c
         s6idklist.c
         s6idkpt.c
         s6idlis.c
         s6idnpt.c
         s6idput.c
         s6inv4.c
         s6invert.c
         s6knotmult.c
         s6length.c
         s6line.c
         s6lprj.c
         s6lufacp.c
         s6lusolp.c
         s6metric.c
         s6move.c
         s6mulvec.c
         s6mvec.c
         s6newbox.c
         s6norm.c
         s6ratder.c
         s6rotax.c
         s6rotmat.c
         s6schoen.c
         s6scpr.c
         s6sortpar.c
         s6sratder.c
         s6strider.c
         s6takunion.c
         s6twonorm.c
         s9adsimp.c
         s9adstep.c
         s9boundimp.c
         s9boundit.c
         s9clipimp.c
         s9clipit.c
         s9conmarch.c
         s9iterate.c
         s9iterimp.c
         s9smplknot.c
         s9surmarch.c
         sh1260.c
         sh1261.c
         sh1262.c
         sh1263.c
         sh1365.c
         sh1369.c
         sh1371.c
         sh1372.c
         sh1373.c
         sh1374.c
         sh1375.c
         sh1460.c
         sh1461.c
         sh1462.c
         sh1463.c
         sh1464.c
         sh1465.c
         sh1466.c
         sh1467.c
         sh1502.c
         sh1503.c
         sh1510.c
         sh1511.c
         sh1761.c
         sh1762.c
         sh1779.c
         sh1779_at.c
         sh1780.c
         sh1780_at.c
         sh1781.c
     1>C:\Workspaces\MPC\SISL-master\src\sh1762.c(4435): warning C4101: 'kdir' : unreferenced local variable
     1>C:\Workspaces\MPC\SISL-master\src\sh1762.c(4435): warning C4101: 'kdir2' : unreferenced local variable
         sh1781_at.c
         sh1782.c
         sh1783.c
         sh1784.c
         sh1786.c
         sh1787.c
         sh1790.c
         sh1794.c
         sh1830.c
         sh1831.c
         sh1834.c
         sh1839.c
         sh1850.c
         sh1851.c
         sh1852.c
         sh1853.c
         sh1854.c
         sh1855.c
         sh1856.c
         sh1857.c
         sh1858.c
         sh1859.c
         sh1860.c
         sh1870.c
         sh1871.c
         sh1922.c
         sh1923.c
         sh1924.c
         sh1925.c
         sh1926.c
         sh1927.c
         sh1928.c
         sh1929.c
         sh1930.c
         sh1992.c
         sh1993.c
         sh1994.c
         sh6clvert.c
         sh6comedg.c
         sh6connect.c
         sh6count.c
         sh6cvvert.c
         sh6degen.c
         sh6disconn.c
         sh6edgpnt.c
         sh6edgred.c
         sh6evalint.c
         sh6floop.c
         sh6fndsplt.c
         sh6getgeom.c
         sh6getlist.c
         sh6getmain.c
         sh6getnbrs.c
         sh6getnext.c
         sh6getothr.c
         sh6getprev.c
         sh6getsegdiv.c
         sh6gettop.c
         sh6idaledg.c
         sh6idcon.c
         sh6idfcros.c
         sh6idget.c
         sh6idkpt.c
         sh6idlis.c
         sh6idnpt.c
         sh6idnwun.c
         sh6idput.c
         sh6idrcros.c
         sh6idsplit.c
         sh6idunite.c
         sh6insert.c
         sh6inspnt.c
         sh6iscnect.c
         sh6ishelp.c
         sh6isinsid.c
         sh6ismain.c
         sh6nmbhelp.c
         sh6nmbmain.c
         sh6ptobj.c
         sh6ptouchp.c
         sh6putsing.c
         sh6red.c
         sh6remcon.c
         sh6rempnt.c
         sh6sepcrv.c
         sh6setcnsd.c
         sh6setdir.c
         sh6setseg.c
         sh6settop.c
         sh6spltgeo.c
         sh6tohelp.c
         sh6tomain.c
         sh6topohlp.c
         sh6trmlist.c
         sh_1d_div.c
         sh_div_crv.c
         sh_set_at.c
         shape.c
         shcheckput.c
         shchecktyp.c
         shcsfsing.c
         shdivsurf.c
         shevalc.c
         shmkhlppts.c
         shsing.c
         spli_silh.c
         tstcyclknt.c
       Lib:
         C:\Program Files (x86)\Microsoft Visual Studio 12.0\VC\bin\x86_amd64\Lib.exe /OUT:"C:\Workspaces\MPC\SISL\x64\Debug\sisl.lib" /NOLOGO /MACHINE:X64  /machine:X64 x64\Debug\construct.obj
         x64\Debug\crvarctang.obj
         x64\Debug\crvcrvtang.obj
         x64\Debug\crvlintang.obj
         x64\Debug\destruct.obj
         x64\Debug\ev_cv_off.obj
         x64\Debug\eval_2_crv.obj
         x64\Debug\evalcrvarc.obj
         x64\Debug\hp_s1880.obj
         x64\Debug\intjoinper.obj
         x64\Debug\make3D.obj
         x64\Debug\makecvkreg.obj
         x64\Debug\makesfkreg.obj
         x64\Debug\maketracks.obj
         x64\Debug\mk_cv_cycl.obj
         x64\Debug\newknots.obj
         x64\Debug\pickcrvsf.obj
         x64\Debug\pocrvtang.obj
         x64\Debug\refine_all.obj
         x64\Debug\s1001.obj
         x64\Debug\s1011.obj
         x64\Debug\s1012.obj
         x64\Debug\s1013.obj
         x64\Debug\s1014.obj
         x64\Debug\s1015.obj
         x64\Debug\s1016.obj
         x64\Debug\s1017.obj
         x64\Debug\s1018.obj
         x64\Debug\s1021.obj
         x64\Debug\s1022.obj
         x64\Debug\s1023.obj
         x64\Debug\s1024.obj
         x64\Debug\s1025.obj
         x64\Debug\s1119.obj
         x64\Debug\s1161.obj
         x64\Debug\s1162.obj
         x64\Debug\s1172.obj
         x64\Debug\s1173.obj
         x64\Debug\s1174.obj
         x64\Debug\s1190.obj
         x64\Debug\s1192.obj
         x64\Debug\s1219.obj
         x64\Debug\s1220.obj
         x64\Debug\s1221.obj
         x64\Debug\s1222.obj
         x64\Debug\s1223.obj
         x64\Debug\s1224.obj
         x64\Debug\s1225.obj
         x64\Debug\s1226.obj
         x64\Debug\s1227.obj
         x64\Debug\s1231.obj
         x64\Debug\s1232.obj
         x64\Debug\s1233.obj
         x64\Debug\s1235.obj
         x64\Debug\s1236.obj
         x64\Debug\s1237.obj
         x64\Debug\s1238.obj
         x64\Debug\s1239.obj
         x64\Debug\s1240.obj
         x64\Debug\s1241.obj
         x64\Debug\s1243.obj
         x64\Debug\s1244.obj
         x64\Debug\s1245.obj
         x64\Debug\s1251.obj
         x64\Debug\s1252.obj
         x64\Debug\s1291.obj
         x64\Debug\s1301.obj
         x64\Debug\s1302.obj
         x64\Debug\s1303.obj
         x64\Debug\s1304.obj
         x64\Debug\s1305.obj
         x64\Debug\s1306.obj
         x64\Debug\s1307.obj
         x64\Debug\s1308.obj
         x64\Debug\s1309.obj
         x64\Debug\s1310.obj
         x64\Debug\s1311.obj
         x64\Debug\s1312.obj
         x64\Debug\s1313.obj
         x64\Debug\s1314.obj
         x64\Debug\s1315.obj
         x64\Debug\s1316.obj
         x64\Debug\s1317.obj
         x64\Debug\s1318.obj
         x64\Debug\s1319.obj
         x64\Debug\s1320.obj
         x64\Debug\s1321.obj
         x64\Debug\s1322.obj
         x64\Debug\s1323.obj
         x64\Debug\s1324.obj
         x64\Debug\s1325.obj
         x64\Debug\s1327.obj
         x64\Debug\s1328.obj
         x64\Debug\s1329.obj
         x64\Debug\s1330.obj
         x64\Debug\s1331.obj
         x64\Debug\s1332.obj
         x64\Debug\s1333.obj
         x64\Debug\s1333count.obj
         x64\Debug\s1333cycli.obj
         x64\Debug\s1334.obj
         x64\Debug\s1340.obj
         x64\Debug\s1341.obj
         x64\Debug\s1342.obj
         x64\Debug\s1343.obj
         x64\Debug\s1345.obj
         x64\Debug\s1346.obj
         x64\Debug\s1347.obj
         x64\Debug\s1348.obj
         x64\Debug\s1349.obj
         x64\Debug\s1350.obj
         x64\Debug\s1351.obj
         x64\Debug\s1352.obj
         x64\Debug\s1353.obj
         x64\Debug\s1354.obj
         x64\Debug\s1355.obj
         x64\Debug\s1356.obj
         x64\Debug\s1357.obj
         x64\Debug\s1358.obj
         x64\Debug\s1359.obj
         x64\Debug\s1360.obj
         x64\Debug\s1361.obj
         x64\Debug\s1362.obj
         x64\Debug\s1363.obj
         x64\Debug\s1364.obj
         x64\Debug\s1365.obj
         x64\Debug\s1366.obj
         x64\Debug\s1367.obj
         x64\Debug\s1369.obj
         x64\Debug\s1370.obj
         x64\Debug\s1371.obj
         x64\Debug\s1372.obj
         x64\Debug\s1373.obj
         x64\Debug\s1374.obj
         x64\Debug\s1375.obj
         x64\Debug\s1376.obj
         x64\Debug\s1377.obj
         x64\Debug\s1378.obj
         x64\Debug\s1379.obj
         x64\Debug\s1380.obj
         x64\Debug\s1381.obj
         x64\Debug\s1382.obj
         x64\Debug\s1383.obj
         x64\Debug\s1384.obj
         x64\Debug\s1385.obj
         x64\Debug\s1386.obj
         x64\Debug\s1387.obj
         x64\Debug\s1388.obj
         x64\Debug\s1389.obj
         x64\Debug\s1390.obj
         x64\Debug\s1391.obj
         x64\Debug\s1393.obj
         x64\Debug\s1399.obj
         x64\Debug\s1401.obj
         x64\Debug\s1421.obj
         x64\Debug\s1422.obj
         x64\Debug\s1424.obj
         x64\Debug\s1425.obj
         x64\Debug\s1435.obj
         x64\Debug\s1436.obj
         x64\Debug\s1437.obj
         x64\Debug\s1438.obj
         x64\Debug\s1439.obj
         x64\Debug\s1440.obj
         x64\Debug\s1450.obj
         x64\Debug\s1451.obj
         x64\Debug\s1452.obj
         x64\Debug\s1500.obj
         x64\Debug\s1501.obj
         x64\Debug\s1502.obj
         x64\Debug\s1503.obj
         x64\Debug\s1504.obj
         x64\Debug\s1505.obj
         x64\Debug\s1506.obj
         x64\Debug\s1507.obj
         x64\Debug\s1508.obj
         x64\Debug\s1510.obj
         x64\Debug\s1511.obj
         x64\Debug\s1512.obj
         x64\Debug\s1513.obj
         x64\Debug\s1514.obj
         x64\Debug\s1515.obj
         x64\Debug\s1516.obj
         x64\Debug\s1517.obj
         x64\Debug\s1518.obj
         x64\Debug\s1520.obj
         x64\Debug\s1521.obj
         x64\Debug\s1522.obj
         x64\Debug\s1528.obj
         x64\Debug\s1529.obj
         x64\Debug\s1530.obj
         x64\Debug\s1531.obj
         x64\Debug\s1534.obj
         x64\Debug\s1535.obj
         x64\Debug\s1536.obj
         x64\Debug\s1537.obj
         x64\Debug\s1538.obj
         x64\Debug\s1539.obj
         x64\Debug\s1540.obj
         x64\Debug\s1541.obj
         x64\Debug\s1542.obj
         x64\Debug\s1600.obj
         x64\Debug\s1601.obj
         x64\Debug\s1602.obj
         x64\Debug\s1603.obj
         x64\Debug\s1604.obj
         x64\Debug\s1605.obj
         x64\Debug\s1606.obj
         x64\Debug\s1607.obj
         x64\Debug\s1608.obj
         x64\Debug\s1609.obj
         x64\Debug\s1611.obj
         x64\Debug\s1612.obj
         x64\Debug\s1613.obj
         x64\Debug\s1613bez.obj
         x64\Debug\s1614.obj
         x64\Debug\s1615.obj
         x64\Debug\s1616.obj
         x64\Debug\s1617.obj
         x64\Debug\s1618.obj
         x64\Debug\s1619.obj
         x64\Debug\s1620.obj
         x64\Debug\s1630.obj
         x64\Debug\s1631.obj
         x64\Debug\s1700.obj
         x64\Debug\s1701.obj
         x64\Debug\s1705.obj
         x64\Debug\s1706.obj
         x64\Debug\s1707.obj
         x64\Debug\s1708.obj
         x64\Debug\s1710.obj
         x64\Debug\s1711.obj
         x64\Debug\s1712.obj
         x64\Debug\s1713.obj
         x64\Debug\s1714.obj
         x64\Debug\s1715.obj
         x64\Debug\s1716.obj
         x64\Debug\s1720.obj
         x64\Debug\s1730.obj
         x64\Debug\s1731.obj
         x64\Debug\s1732.obj
         x64\Debug\s1733.obj
         x64\Debug\s1741.obj
         x64\Debug\s1750.obj
         x64\Debug\s1753.obj
         x64\Debug\s1754.obj
         x64\Debug\s1755.obj
         x64\Debug\s1770.obj
         x64\Debug\s17702d.obj
         x64\Debug\s1771.obj
         x64\Debug\s1772.obj
         x64\Debug\s1773.obj
         x64\Debug\s1774.obj
         x64\Debug\s1775.obj
         x64\Debug\s1780.obj
         x64\Debug\s1785.obj
         x64\Debug\s1786.obj
         x64\Debug\s1787.obj
         x64\Debug\s1788.obj
         x64\Debug\s1789.obj
         x64\Debug\s1790.obj
         x64\Debug\s1791.obj
         x64\Debug\s1792.obj
         x64\Debug\s1795.obj
         x64\Debug\s1796.obj
         x64\Debug\s1797.obj
         x64\Debug\s1830.obj
         x64\Debug\s1834.obj
         x64\Debug\s1839.obj
         x64\Debug\s1840.obj
         x64\Debug\s1850.obj
         x64\Debug\s1851.obj
         x64\Debug\s1852.obj
         x64\Debug\s1853.obj
         x64\Debug\s1854.obj
         x64\Debug\s1855.obj
         x64\Debug\s1856.obj
         x64\Debug\s1857.obj
         x64\Debug\s1858.obj
         x64\Debug\s1859.obj
         x64\Debug\s1860.obj
         x64\Debug\s1870.obj
         x64\Debug\s1871.obj
         x64\Debug\s1880.obj
         x64\Debug\s1890.obj
         x64\Debug\s1891.obj
         x64\Debug\s1893.obj
         x64\Debug\s1894.obj
         x64\Debug\s1896.obj
         x64\Debug\s1897.obj
         x64\Debug\s1900.obj
         x64\Debug\s1901.obj
         x64\Debug\s1902.obj
         x64\Debug\s1903.obj
         x64\Debug\s1904.obj
         x64\Debug\s1905.obj
         x64\Debug\s1906.obj
         x64\Debug\s1907.obj
         x64\Debug\s1908.obj
         x64\Debug\s1909.obj
         x64\Debug\s1910.obj
         x64\Debug\s1911.obj
         x64\Debug\s1912.obj
         x64\Debug\s1916.obj
         x64\Debug\s1917.obj
         x64\Debug\s1918.obj
         x64\Debug\s1919.obj
         x64\Debug\s1920.obj
         x64\Debug\s1921.obj
         x64\Debug\s1924.obj
         x64\Debug\s1925.obj
         x64\Debug\s1926.obj
         x64\Debug\s1927.obj
         x64\Debug\s1930.obj
         x64\Debug\s1931.obj
         x64\Debug\s1931unit.obj
         x64\Debug\s1932.obj
         x64\Debug\s1933.obj
         x64\Debug\s1934.obj
         x64\Debug\s1935.obj
         x64\Debug\s1936.obj
         x64\Debug\s1937.obj
         x64\Debug\s1938.obj
         x64\Debug\s1940.obj
         x64\Debug\s1941.obj
         x64\Debug\s1942.obj
         x64\Debug\s1943.obj
         x64\Debug\s1944.obj
         x64\Debug\s1945.obj
         x64\Debug\s1946.obj
         x64\Debug\s1947.obj
         x64\Debug\s1948.obj
         x64\Debug\s1949.obj
         x64\Debug\s1950.obj
         x64\Debug\s1951.obj
         x64\Debug\s1953.obj
         x64\Debug\s1954.obj
         x64\Debug\s1955.obj
         x64\Debug\s1956.obj
         x64\Debug\s1957.obj
         x64\Debug\s1958.obj
         x64\Debug\s1959.obj
         x64\Debug\s1960.obj
         x64\Debug\s1961.obj
         x64\Debug\s1962.obj
         x64\Debug\s1963.obj
         x64\Debug\s1965.obj
         x64\Debug\s1966.obj
         x64\Debug\s1967.obj
         x64\Debug\s1968.obj
         x64\Debug\s1986.obj
         x64\Debug\s1987.obj
         x64\Debug\s1988.obj
         x64\Debug\s1989.obj
         x64\Debug\s1990.obj
         x64\Debug\s1991.obj
         x64\Debug\s1992.obj
         x64\Debug\s1993.obj
         x64\Debug\s1994.obj
         x64\Debug\s2500.obj
         x64\Debug\s2501.obj
         x64\Debug\s2502.obj
         x64\Debug\s2503.obj
         x64\Debug\s2504.obj
         x64\Debug\s2505.obj
         x64\Debug\s2506.obj
         x64\Debug\s2507.obj
         x64\Debug\s2508.obj
         x64\Debug\s2509.obj
         x64\Debug\s2510.obj
         x64\Debug\s2511.obj
         x64\Debug\s2512.obj
         x64\Debug\s2513.obj
         x64\Debug\s2514.obj
         x64\Debug\s2515.obj
         x64\Debug\s2516.obj
         x64\Debug\s2532.obj
         x64\Debug\s2533.obj
         x64\Debug\s2534.obj
         x64\Debug\s2535.obj
         x64\Debug\s2536.obj
         x64\Debug\s2540.obj
         x64\Debug\s2541.obj
         x64\Debug\s2542.obj
         x64\Debug\s2543.obj
         x64\Debug\s2544.obj
         x64\Debug\s2545.obj
         x64\Debug\s2550.obj
         x64\Debug\s2551.obj
         x64\Debug\s2553.obj
         x64\Debug\s2554.obj
         x64\Debug\s2555.obj
         x64\Debug\s2556.obj
         x64\Debug\s2557.obj
         x64\Debug\s2558.obj
         x64\Debug\s2559.obj
         x64\Debug\s2560.obj
         x64\Debug\s2561.obj
         x64\Debug\s2562.obj
         x64\Debug\s6addcurve.obj
         x64\Debug\s6affdist.obj
         x64\Debug\s6ang.obj
         x64\Debug\s6angle.obj
         x64\Debug\s6castelja.obj
         x64\Debug\s6chpar.obj
         x64\Debug\s6crss.obj
         x64\Debug\s6crvature.obj
         x64\Debug\s6crvcheck.obj
         x64\Debug\s6curvrad.obj
         x64\Debug\s6decomp.obj
         x64\Debug\s6degnorm.obj
         x64\Debug\s6dertopt.obj
         x64\Debug\s6diff.obj
         x64\Debug\s6dist.obj
         x64\Debug\s6dline.obj
         x64\Debug\s6dplane.obj
         x64\Debug\s6drawseq.obj
         x64\Debug\s6equal.obj
         x64\Debug\s6err.obj
         x64\Debug\s6existbox.obj
         x64\Debug\s6findfac.obj
         x64\Debug\s6fndintv.obj
         x64\Debug\s6herm.obj
         x64\Debug\s6herm_bez.obj
         x64\Debug\s6idcon.obj
         x64\Debug\s6idcpt.obj
         x64\Debug\s6idedg.obj
         x64\Debug\s6identify.obj
         x64\Debug\s6idget.obj
         x64\Debug\s6idint.obj
         x64\Debug\s6idklist.obj
         x64\Debug\s6idkpt.obj
         x64\Debug\s6idlis.obj
         x64\Debug\s6idnpt.obj
         x64\Debug\s6idput.obj
         x64\Debug\s6inv4.obj
         x64\Debug\s6invert.obj
         x64\Debug\s6knotmult.obj
         x64\Debug\s6length.obj
         x64\Debug\s6line.obj
         x64\Debug\s6lprj.obj
         x64\Debug\s6lufacp.obj
         x64\Debug\s6lusolp.obj
         x64\Debug\s6metric.obj
         x64\Debug\s6move.obj
         x64\Debug\s6mulvec.obj
         x64\Debug\s6mvec.obj
         x64\Debug\s6newbox.obj
         x64\Debug\s6norm.obj
         x64\Debug\s6ratder.obj
         x64\Debug\s6rotax.obj
         x64\Debug\s6rotmat.obj
         x64\Debug\s6schoen.obj
         x64\Debug\s6scpr.obj
         x64\Debug\s6sortpar.obj
         x64\Debug\s6sratder.obj
         x64\Debug\s6strider.obj
         x64\Debug\s6takunion.obj
         x64\Debug\s6twonorm.obj
         x64\Debug\s9adsimp.obj
         x64\Debug\s9adstep.obj
         x64\Debug\s9boundimp.obj
         x64\Debug\s9boundit.obj
         x64\Debug\s9clipimp.obj
         x64\Debug\s9clipit.obj
         x64\Debug\s9conmarch.obj
         x64\Debug\s9iterate.obj
         x64\Debug\s9iterimp.obj
         x64\Debug\s9smplknot.obj
         x64\Debug\s9surmarch.obj
         x64\Debug\sh1260.obj
         x64\Debug\sh1261.obj
         x64\Debug\sh1262.obj
         x64\Debug\sh1263.obj
         x64\Debug\sh1365.obj
         x64\Debug\sh1369.obj
         x64\Debug\sh1371.obj
         x64\Debug\sh1372.obj
         x64\Debug\sh1373.obj
         x64\Debug\sh1374.obj
         x64\Debug\sh1375.obj
         x64\Debug\sh1460.obj
         x64\Debug\sh1461.obj
         x64\Debug\sh1462.obj
         x64\Debug\sh1463.obj
         x64\Debug\sh1464.obj
         x64\Debug\sh1465.obj
         x64\Debug\sh1466.obj
         x64\Debug\sh1467.obj
         x64\Debug\sh1502.obj
         x64\Debug\sh1503.obj
         x64\Debug\sh1510.obj
         x64\Debug\sh1511.obj
         x64\Debug\sh1761.obj
         x64\Debug\sh1762.obj
         x64\Debug\sh1779.obj
         x64\Debug\sh1779_at.obj
         x64\Debug\sh1780.obj
         x64\Debug\sh1780_at.obj
         x64\Debug\sh1781.obj
         x64\Debug\sh1781_at.obj
         x64\Debug\sh1782.obj
         x64\Debug\sh1783.obj
         x64\Debug\sh1784.obj
         x64\Debug\sh1786.obj
         x64\Debug\sh1787.obj
         x64\Debug\sh1790.obj
         x64\Debug\sh1794.obj
         x64\Debug\sh1830.obj
         x64\Debug\sh1831.obj
         x64\Debug\sh1834.obj
         x64\Debug\sh1839.obj
         x64\Debug\sh1850.obj
         x64\Debug\sh1851.obj
         x64\Debug\sh1852.obj
         x64\Debug\sh1853.obj
         x64\Debug\sh1854.obj
         x64\Debug\sh1855.obj
         x64\Debug\sh1856.obj
         x64\Debug\sh1857.obj
         x64\Debug\sh1858.obj
         x64\Debug\sh1859.obj
         x64\Debug\sh1860.obj
         x64\Debug\sh1870.obj
         x64\Debug\sh1871.obj
         x64\Debug\sh1922.obj
         x64\Debug\sh1923.obj
         x64\Debug\sh1924.obj
         x64\Debug\sh1925.obj
         x64\Debug\sh1926.obj
         x64\Debug\sh1927.obj
         x64\Debug\sh1928.obj
         x64\Debug\sh1929.obj
         x64\Debug\sh1930.obj
         x64\Debug\sh1992.obj
         x64\Debug\sh1993.obj
         x64\Debug\sh1994.obj
         x64\Debug\sh6clvert.obj
         x64\Debug\sh6comedg.obj
         x64\Debug\sh6connect.obj
         x64\Debug\sh6count.obj
         x64\Debug\sh6cvvert.obj
         x64\Debug\sh6degen.obj
         x64\Debug\sh6disconn.obj
         x64\Debug\sh6edgpnt.obj
         x64\Debug\sh6edgred.obj
         x64\Debug\sh6evalint.obj
         x64\Debug\sh6floop.obj
         x64\Debug\sh6fndsplt.obj
         x64\Debug\sh6getgeom.obj
         x64\Debug\sh6getlist.obj
         x64\Debug\sh6getmain.obj
         x64\Debug\sh6getnbrs.obj
         x64\Debug\sh6getnext.obj
         x64\Debug\sh6getothr.obj
         x64\Debug\sh6getprev.obj
         x64\Debug\sh6getsegdiv.obj
         x64\Debug\sh6gettop.obj
         x64\Debug\sh6idaledg.obj
         x64\Debug\sh6idcon.obj
         x64\Debug\sh6idfcros.obj
         x64\Debug\sh6idget.obj
         x64\Debug\sh6idkpt.obj
         x64\Debug\sh6idlis.obj
         x64\Debug\sh6idnpt.obj
         x64\Debug\sh6idnwun.obj
         x64\Debug\sh6idput.obj
         x64\Debug\sh6idrcros.obj
         x64\Debug\sh6idsplit.obj
         x64\Debug\sh6idunite.obj
         x64\Debug\sh6insert.obj
         x64\Debug\sh6inspnt.obj
         x64\Debug\sh6iscnect.obj
         x64\Debug\sh6ishelp.obj
         x64\Debug\sh6isinsid.obj
         x64\Debug\sh6ismain.obj
         x64\Debug\sh6nmbhelp.obj
         x64\Debug\sh6nmbmain.obj
         x64\Debug\sh6ptobj.obj
         x64\Debug\sh6ptouchp.obj
         x64\Debug\sh6putsing.obj
         x64\Debug\sh6red.obj
         x64\Debug\sh6remcon.obj
         x64\Debug\sh6rempnt.obj
         x64\Debug\sh6sepcrv.obj
         x64\Debug\sh6setcnsd.obj
         x64\Debug\sh6setdir.obj
         x64\Debug\sh6setseg.obj
         x64\Debug\sh6settop.obj
         x64\Debug\sh6spltgeo.obj
         x64\Debug\sh6tohelp.obj
         x64\Debug\sh6tomain.obj
         x64\Debug\sh6topohlp.obj
         x64\Debug\sh6trmlist.obj
         x64\Debug\sh_1d_div.obj
         x64\Debug\sh_div_crv.obj
         x64\Debug\sh_set_at.obj
         x64\Debug\shape.obj
         x64\Debug\shcheckput.obj
         x64\Debug\shchecktyp.obj
         x64\Debug\shcsfsing.obj
         x64\Debug\shdivsurf.obj
         x64\Debug\shevalc.obj
         x64\Debug\shmkhlppts.obj
         x64\Debug\shsing.obj
         x64\Debug\spli_silh.obj
         x64\Debug\tstcyclknt.obj
         sisl.vcxproj -> C:\Workspaces\MPC\SISL\x64\Debug\sisl.lib
     1>Done Building Project "C:\Workspaces\MPC\SISL\sisl.vcxproj" (Build target(s)).

Build succeeded.

Time Elapsed 00:00:24.09
